mode: set
github.com/pingcap/pd/v4/server/schedulers/evict_leader.go:45.13,46.99 1 1
github.com/pingcap/pd/v4/server/schedulers/evict_leader.go:70.2,70.177 1 1
github.com/pingcap/pd/v4/server/schedulers/evict_leader.go:46.99,47.36 1 1
github.com/pingcap/pd/v4/server/schedulers/evict_leader.go:47.36,48.22 1 1
github.com/pingcap/pd/v4/server/schedulers/evict_leader.go:51.4,52.11 2 1
github.com/pingcap/pd/v4/server/schedulers/evict_leader.go:56.4,57.18 2 1
github.com/pingcap/pd/v4/server/schedulers/evict_leader.go:60.4,61.18 2 1
github.com/pingcap/pd/v4/server/schedulers/evict_leader.go:64.4,65.14 2 1
github.com/pingcap/pd/v4/server/schedulers/evict_leader.go:48.22,50.5 1 0
github.com/pingcap/pd/v4/server/schedulers/evict_leader.go:52.11,54.5 1 0
github.com/pingcap/pd/v4/server/schedulers/evict_leader.go:57.18,59.5 1 0
github.com/pingcap/pd/v4/server/schedulers/evict_leader.go:61.18,63.5 1 0
github.com/pingcap/pd/v4/server/schedulers/evict_leader.go:70.177,72.39 2 1
github.com/pingcap/pd/v4/server/schedulers/evict_leader.go:75.3,76.58 2 1
github.com/pingcap/pd/v4/server/schedulers/evict_leader.go:72.39,74.4 1 0
github.com/pingcap/pd/v4/server/schedulers/evict_leader.go:87.76,88.20 1 0
github.com/pingcap/pd/v4/server/schedulers/evict_leader.go:92.2,93.16 2 0
github.com/pingcap/pd/v4/server/schedulers/evict_leader.go:96.2,97.16 2 0
github.com/pingcap/pd/v4/server/schedulers/evict_leader.go:100.2,103.12 4 0
github.com/pingcap/pd/v4/server/schedulers/evict_leader.go:88.20,90.3 1 0
github.com/pingcap/pd/v4/server/schedulers/evict_leader.go:93.16,95.3 1 0
github.com/pingcap/pd/v4/server/schedulers/evict_leader.go:97.16,99.3 1 0
github.com/pingcap/pd/v4/server/schedulers/evict_leader.go:106.77,112.2 3 0
github.com/pingcap/pd/v4/server/schedulers/evict_leader.go:114.57,119.16 5 0
github.com/pingcap/pd/v4/server/schedulers/evict_leader.go:122.2,123.12 2 0
github.com/pingcap/pd/v4/server/schedulers/evict_leader.go:119.16,121.3 1 0
github.com/pingcap/pd/v4/server/schedulers/evict_leader.go:126.67,128.2 1 0
github.com/pingcap/pd/v4/server/schedulers/evict_leader.go:130.71,135.28 5 0
github.com/pingcap/pd/v4/server/schedulers/evict_leader.go:139.2,139.12 1 0
github.com/pingcap/pd/v4/server/schedulers/evict_leader.go:135.28,138.3 2 0
github.com/pingcap/pd/v4/server/schedulers/evict_leader.go:142.102,147.12 5 0
github.com/pingcap/pd/v4/server/schedulers/evict_leader.go:153.2,153.19 1 0
github.com/pingcap/pd/v4/server/schedulers/evict_leader.go:147.12,152.3 4 0
github.com/pingcap/pd/v4/server/schedulers/evict_leader.go:164.126,172.2 3 1
github.com/pingcap/pd/v4/server/schedulers/evict_leader.go:174.82,176.2 1 0
github.com/pingcap/pd/v4/server/schedulers/evict_leader.go:178.49,180.2 1 1
github.com/pingcap/pd/v4/server/schedulers/evict_leader.go:182.49,184.2 1 0
github.com/pingcap/pd/v4/server/schedulers/evict_leader.go:186.63,190.2 3 1
github.com/pingcap/pd/v4/server/schedulers/evict_leader.go:192.67,196.43 4 0
github.com/pingcap/pd/v4/server/schedulers/evict_leader.go:201.2,201.12 1 0
github.com/pingcap/pd/v4/server/schedulers/evict_leader.go:196.43,197.57 1 0
github.com/pingcap/pd/v4/server/schedulers/evict_leader.go:197.57,199.4 1 0
github.com/pingcap/pd/v4/server/schedulers/evict_leader.go:204.61,207.43 3 0
github.com/pingcap/pd/v4/server/schedulers/evict_leader.go:207.43,209.3 1 0
github.com/pingcap/pd/v4/server/schedulers/evict_leader.go:212.76,214.2 1 1
github.com/pingcap/pd/v4/server/schedulers/evict_leader.go:216.87,218.51 2 1
github.com/pingcap/pd/v4/server/schedulers/evict_leader.go:241.2,241.12 1 1
github.com/pingcap/pd/v4/server/schedulers/evict_leader.go:218.51,220.20 2 1
github.com/pingcap/pd/v4/server/schedulers/evict_leader.go:225.3,228.20 2 1
github.com/pingcap/pd/v4/server/schedulers/evict_leader.go:232.3,233.17 2 1
github.com/pingcap/pd/v4/server/schedulers/evict_leader.go:237.3,239.24 3 1
github.com/pingcap/pd/v4/server/schedulers/evict_leader.go:220.20,222.12 2 0
github.com/pingcap/pd/v4/server/schedulers/evict_leader.go:228.20,230.12 2 1
github.com/pingcap/pd/v4/server/schedulers/evict_leader.go:233.17,235.12 2 0
github.com/pingcap/pd/v4/server/schedulers/evict_leader.go:244.119,246.21 2 1
github.com/pingcap/pd/v4/server/schedulers/evict_leader.go:249.2,249.21 1 1
github.com/pingcap/pd/v4/server/schedulers/evict_leader.go:256.2,256.12 1 1
github.com/pingcap/pd/v4/server/schedulers/evict_leader.go:246.21,248.3 1 1
github.com/pingcap/pd/v4/server/schedulers/evict_leader.go:249.21,250.48 1 1
github.com/pingcap/pd/v4/server/schedulers/evict_leader.go:253.3,254.28 2 1
github.com/pingcap/pd/v4/server/schedulers/evict_leader.go:250.48,251.12 1 1
github.com/pingcap/pd/v4/server/schedulers/evict_leader.go:259.83,265.44 5 1
github.com/pingcap/pd/v4/server/schedulers/evict_leader.go:278.2,278.12 1 1
github.com/pingcap/pd/v4/server/schedulers/evict_leader.go:265.44,268.21 2 1
github.com/pingcap/pd/v4/server/schedulers/evict_leader.go:271.3,273.38 2 1
github.com/pingcap/pd/v4/server/schedulers/evict_leader.go:268.21,269.9 1 1
github.com/pingcap/pd/v4/server/schedulers/evict_leader.go:273.38,274.9 1 0
github.com/pingcap/pd/v4/server/schedulers/evict_leader.go:286.89,288.84 2 0
github.com/pingcap/pd/v4/server/schedulers/evict_leader.go:291.2,295.8 5 0
github.com/pingcap/pd/v4/server/schedulers/evict_leader.go:306.2,307.8 2 0
github.com/pingcap/pd/v4/server/schedulers/evict_leader.go:313.2,315.16 3 0
github.com/pingcap/pd/v4/server/schedulers/evict_leader.go:319.2,319.40 1 0
github.com/pingcap/pd/v4/server/schedulers/evict_leader.go:288.84,290.3 1 0
github.com/pingcap/pd/v4/server/schedulers/evict_leader.go:295.8,297.64 2 0
github.com/pingcap/pd/v4/server/schedulers/evict_leader.go:303.3,303.50 1 0
github.com/pingcap/pd/v4/server/schedulers/evict_leader.go:297.64,298.73 1 0
github.com/pingcap/pd/v4/server/schedulers/evict_leader.go:298.73,301.5 2 0
github.com/pingcap/pd/v4/server/schedulers/evict_leader.go:307.8,309.3 1 0
github.com/pingcap/pd/v4/server/schedulers/evict_leader.go:309.8,309.19 1 0
github.com/pingcap/pd/v4/server/schedulers/evict_leader.go:309.19,311.3 1 0
github.com/pingcap/pd/v4/server/schedulers/evict_leader.go:315.16,318.3 2 0
github.com/pingcap/pd/v4/server/schedulers/evict_leader.go:322.87,325.2 2 0
github.com/pingcap/pd/v4/server/schedulers/evict_leader.go:327.89,330.16 3 0
github.com/pingcap/pd/v4/server/schedulers/evict_leader.go:335.2,337.10 3 0
github.com/pingcap/pd/v4/server/schedulers/evict_leader.go:358.2,358.68 1 0
github.com/pingcap/pd/v4/server/schedulers/evict_leader.go:330.16,333.3 2 0
github.com/pingcap/pd/v4/server/schedulers/evict_leader.go:337.10,339.17 2 0
github.com/pingcap/pd/v4/server/schedulers/evict_leader.go:343.3,343.11 1 0
github.com/pingcap/pd/v4/server/schedulers/evict_leader.go:354.3,355.9 2 0
github.com/pingcap/pd/v4/server/schedulers/evict_leader.go:339.17,342.4 2 0
github.com/pingcap/pd/v4/server/schedulers/evict_leader.go:343.11,344.82 1 0
github.com/pingcap/pd/v4/server/schedulers/evict_leader.go:352.4,352.30 1 0
github.com/pingcap/pd/v4/server/schedulers/evict_leader.go:344.82,345.36 1 0
github.com/pingcap/pd/v4/server/schedulers/evict_leader.go:350.5,350.11 1 0
github.com/pingcap/pd/v4/server/schedulers/evict_leader.go:345.36,347.6 1 0
github.com/pingcap/pd/v4/server/schedulers/evict_leader.go:347.11,349.6 1 0
github.com/pingcap/pd/v4/server/schedulers/evict_leader.go:361.77,371.2 6 1
github.com/pingcap/pd/v4/server/schedulers/label.go:34.13,35.93 1 1
github.com/pingcap/pd/v4/server/schedulers/label.go:51.2,51.171 1 1
github.com/pingcap/pd/v4/server/schedulers/label.go:35.93,36.36 1 1
github.com/pingcap/pd/v4/server/schedulers/label.go:36.36,38.11 2 1
github.com/pingcap/pd/v4/server/schedulers/label.go:41.4,42.18 2 1
github.com/pingcap/pd/v4/server/schedulers/label.go:45.4,47.14 3 1
github.com/pingcap/pd/v4/server/schedulers/label.go:38.11,40.5 1 0
github.com/pingcap/pd/v4/server/schedulers/label.go:42.18,44.5 1 0
github.com/pingcap/pd/v4/server/schedulers/label.go:51.171,53.39 2 1
github.com/pingcap/pd/v4/server/schedulers/label.go:56.3,56.52 1 1
github.com/pingcap/pd/v4/server/schedulers/label.go:53.39,55.4 1 0
github.com/pingcap/pd/v4/server/schedulers/label.go:73.114,78.2 1 1
github.com/pingcap/pd/v4/server/schedulers/label.go:80.43,82.2 1 1
github.com/pingcap/pd/v4/server/schedulers/label.go:84.43,86.2 1 0
github.com/pingcap/pd/v4/server/schedulers/label.go:88.57,90.2 1 1
github.com/pingcap/pd/v4/server/schedulers/label.go:92.70,94.2 1 0
github.com/pingcap/pd/v4/server/schedulers/label.go:96.77,100.27 4 1
github.com/pingcap/pd/v4/server/schedulers/label.go:105.2,105.34 1 1
github.com/pingcap/pd/v4/server/schedulers/label.go:109.2,110.37 2 1
github.com/pingcap/pd/v4/server/schedulers/label.go:140.2,141.12 2 0
github.com/pingcap/pd/v4/server/schedulers/label.go:100.27,101.66 1 1
github.com/pingcap/pd/v4/server/schedulers/label.go:101.66,103.4 1 1
github.com/pingcap/pd/v4/server/schedulers/label.go:105.34,108.3 2 0
github.com/pingcap/pd/v4/server/schedulers/label.go:110.37,111.75 1 1
github.com/pingcap/pd/v4/server/schedulers/label.go:111.75,114.44 3 1
github.com/pingcap/pd/v4/server/schedulers/label.go:117.4,117.47 1 1
github.com/pingcap/pd/v4/server/schedulers/label.go:120.4,125.21 3 1
github.com/pingcap/pd/v4/server/schedulers/label.go:131.4,132.18 2 1
github.com/pingcap/pd/v4/server/schedulers/label.go:136.4,137.35 2 1
github.com/pingcap/pd/v4/server/schedulers/label.go:114.44,116.5 1 0
github.com/pingcap/pd/v4/server/schedulers/label.go:117.47,119.5 1 1
github.com/pingcap/pd/v4/server/schedulers/label.go:125.21,128.13 3 0
github.com/pingcap/pd/v4/server/schedulers/label.go:132.18,135.5 2 0
github.com/pingcap/pd/v4/server/schedulers/shuffle_hot_region.go:38.13,39.104 1 1
github.com/pingcap/pd/v4/server/schedulers/shuffle_hot_region.go:58.2,58.182 1 1
github.com/pingcap/pd/v4/server/schedulers/shuffle_hot_region.go:39.104,40.36 1 1
github.com/pingcap/pd/v4/server/schedulers/shuffle_hot_region.go:40.36,42.11 2 1
github.com/pingcap/pd/v4/server/schedulers/shuffle_hot_region.go:45.4,46.22 2 1
github.com/pingcap/pd/v4/server/schedulers/shuffle_hot_region.go:53.4,54.14 2 1
github.com/pingcap/pd/v4/server/schedulers/shuffle_hot_region.go:42.11,44.5 1 0
github.com/pingcap/pd/v4/server/schedulers/shuffle_hot_region.go:46.22,48.19 2 0
github.com/pingcap/pd/v4/server/schedulers/shuffle_hot_region.go:51.5,51.23 1 0
github.com/pingcap/pd/v4/server/schedulers/shuffle_hot_region.go:48.19,50.6 1 0
github.com/pingcap/pd/v4/server/schedulers/shuffle_hot_region.go:58.182,60.39 2 1
github.com/pingcap/pd/v4/server/schedulers/shuffle_hot_region.go:63.3,63.63 1 1
github.com/pingcap/pd/v4/server/schedulers/shuffle_hot_region.go:60.39,62.4 1 0
github.com/pingcap/pd/v4/server/schedulers/shuffle_hot_region.go:85.136,93.56 3 1
github.com/pingcap/pd/v4/server/schedulers/shuffle_hot_region.go:96.2,96.12 1 1
github.com/pingcap/pd/v4/server/schedulers/shuffle_hot_region.go:93.56,95.3 1 1
github.com/pingcap/pd/v4/server/schedulers/shuffle_hot_region.go:99.54,101.2 1 1
github.com/pingcap/pd/v4/server/schedulers/shuffle_hot_region.go:103.54,105.2 1 0
github.com/pingcap/pd/v4/server/schedulers/shuffle_hot_region.go:107.68,109.2 1 1
github.com/pingcap/pd/v4/server/schedulers/shuffle_hot_region.go:111.81,115.2 1 0
github.com/pingcap/pd/v4/server/schedulers/shuffle_hot_region.go:117.88,121.2 3 1
github.com/pingcap/pd/v4/server/schedulers/shuffle_hot_region.go:123.100,127.13 4 1
github.com/pingcap/pd/v4/server/schedulers/shuffle_hot_region.go:151.2,151.12 1 0
github.com/pingcap/pd/v4/server/schedulers/shuffle_hot_region.go:128.12,138.62 3 1
github.com/pingcap/pd/v4/server/schedulers/shuffle_hot_region.go:139.13,149.63 3 1
github.com/pingcap/pd/v4/server/schedulers/shuffle_hot_region.go:154.134,155.36 1 1
github.com/pingcap/pd/v4/server/schedulers/shuffle_hot_region.go:206.2,207.12 2 1
github.com/pingcap/pd/v4/server/schedulers/shuffle_hot_region.go:155.36,156.31 1 1
github.com/pingcap/pd/v4/server/schedulers/shuffle_hot_region.go:159.3,163.102 4 1
github.com/pingcap/pd/v4/server/schedulers/shuffle_hot_region.go:166.3,168.22 3 1
github.com/pingcap/pd/v4/server/schedulers/shuffle_hot_region.go:172.3,179.32 4 1
github.com/pingcap/pd/v4/server/schedulers/shuffle_hot_region.go:185.3,185.29 1 1
github.com/pingcap/pd/v4/server/schedulers/shuffle_hot_region.go:189.3,190.23 2 1
github.com/pingcap/pd/v4/server/schedulers/shuffle_hot_region.go:193.3,194.21 2 1
github.com/pingcap/pd/v4/server/schedulers/shuffle_hot_region.go:197.3,199.17 3 1
github.com/pingcap/pd/v4/server/schedulers/shuffle_hot_region.go:203.3,204.34 2 1
github.com/pingcap/pd/v4/server/schedulers/shuffle_hot_region.go:156.31,157.12 1 1
github.com/pingcap/pd/v4/server/schedulers/shuffle_hot_region.go:163.102,164.12 1 0
github.com/pingcap/pd/v4/server/schedulers/shuffle_hot_region.go:168.22,170.4 1 0
github.com/pingcap/pd/v4/server/schedulers/shuffle_hot_region.go:179.32,180.47 1 1
github.com/pingcap/pd/v4/server/schedulers/shuffle_hot_region.go:183.4,183.54 1 1
github.com/pingcap/pd/v4/server/schedulers/shuffle_hot_region.go:180.47,181.13 1 1
github.com/pingcap/pd/v4/server/schedulers/shuffle_hot_region.go:185.29,187.4 1 0
github.com/pingcap/pd/v4/server/schedulers/shuffle_hot_region.go:190.23,192.4 1 0
github.com/pingcap/pd/v4/server/schedulers/shuffle_hot_region.go:194.21,196.4 1 0
github.com/pingcap/pd/v4/server/schedulers/shuffle_hot_region.go:199.17,202.4 2 0
github.com/pingcap/pd/v4/server/schedulers/utils.go:48.36,49.11 1 1
github.com/pingcap/pd/v4/server/schedulers/utils.go:52.2,52.10 1 1
github.com/pingcap/pd/v4/server/schedulers/utils.go:49.11,51.3 1 1
github.com/pingcap/pd/v4/server/schedulers/utils.go:55.36,56.11 1 1
github.com/pingcap/pd/v4/server/schedulers/utils.go:59.2,59.10 1 1
github.com/pingcap/pd/v4/server/schedulers/utils.go:56.11,58.3 1 1
github.com/pingcap/pd/v4/server/schedulers/utils.go:62.52,63.11 1 1
github.com/pingcap/pd/v4/server/schedulers/utils.go:66.2,66.10 1 1
github.com/pingcap/pd/v4/server/schedulers/utils.go:63.11,65.3 1 1
github.com/pingcap/pd/v4/server/schedulers/utils.go:69.182,80.37 8 1
github.com/pingcap/pd/v4/server/schedulers/utils.go:86.2,88.20 2 1
github.com/pingcap/pd/v4/server/schedulers/utils.go:98.2,98.22 1 1
github.com/pingcap/pd/v4/server/schedulers/utils.go:80.37,84.3 3 0
github.com/pingcap/pd/v4/server/schedulers/utils.go:88.20,97.3 1 1
github.com/pingcap/pd/v4/server/schedulers/utils.go:101.102,102.69 1 1
github.com/pingcap/pd/v4/server/schedulers/utils.go:111.2,112.49 2 1
github.com/pingcap/pd/v4/server/schedulers/utils.go:115.2,116.19 2 1
github.com/pingcap/pd/v4/server/schedulers/utils.go:102.69,104.29 2 1
github.com/pingcap/pd/v4/server/schedulers/utils.go:107.3,108.21 2 1
github.com/pingcap/pd/v4/server/schedulers/utils.go:104.29,106.4 1 1
github.com/pingcap/pd/v4/server/schedulers/utils.go:112.49,114.3 1 0
github.com/pingcap/pd/v4/server/schedulers/utils.go:119.55,121.28 2 1
github.com/pingcap/pd/v4/server/schedulers/utils.go:135.2,135.26 1 1
github.com/pingcap/pd/v4/server/schedulers/utils.go:121.28,124.32 3 1
github.com/pingcap/pd/v4/server/schedulers/utils.go:130.3,131.47 2 1
github.com/pingcap/pd/v4/server/schedulers/utils.go:124.32,126.36 2 0
github.com/pingcap/pd/v4/server/schedulers/utils.go:126.36,128.5 1 0
github.com/pingcap/pd/v4/server/schedulers/utils.go:131.47,133.4 1 1
github.com/pingcap/pd/v4/server/schedulers/utils.go:138.77,141.27 3 1
github.com/pingcap/pd/v4/server/schedulers/utils.go:146.2,147.36 2 1
github.com/pingcap/pd/v4/server/schedulers/utils.go:141.27,142.15 1 1
github.com/pingcap/pd/v4/server/schedulers/utils.go:142.15,144.4 1 1
github.com/pingcap/pd/v4/server/schedulers/utils.go:150.59,152.20 2 1
github.com/pingcap/pd/v4/server/schedulers/utils.go:164.2,164.22 1 1
github.com/pingcap/pd/v4/server/schedulers/utils.go:167.2,167.20 1 1
github.com/pingcap/pd/v4/server/schedulers/utils.go:152.20,154.17 2 1
github.com/pingcap/pd/v4/server/schedulers/utils.go:157.3,158.17 2 1
github.com/pingcap/pd/v4/server/schedulers/utils.go:161.3,162.62 2 1
github.com/pingcap/pd/v4/server/schedulers/utils.go:154.17,156.4 1 0
github.com/pingcap/pd/v4/server/schedulers/utils.go:158.17,160.4 1 0
github.com/pingcap/pd/v4/server/schedulers/utils.go:164.22,166.3 1 1
github.com/pingcap/pd/v4/server/schedulers/utils.go:177.64,182.2 4 1
github.com/pingcap/pd/v4/server/schedulers/utils.go:191.100,198.2 1 1
github.com/pingcap/pd/v4/server/schedulers/utils.go:200.128,202.26 2 1
github.com/pingcap/pd/v4/server/schedulers/utils.go:210.2,210.12 1 1
github.com/pingcap/pd/v4/server/schedulers/utils.go:202.26,204.13 2 1
github.com/pingcap/pd/v4/server/schedulers/utils.go:207.3,208.47 2 1
github.com/pingcap/pd/v4/server/schedulers/utils.go:204.13,206.4 1 1
github.com/pingcap/pd/v4/server/schedulers/utils.go:223.66,232.2 5 1
github.com/pingcap/pd/v4/server/schedulers/utils.go:234.42,236.2 1 1
github.com/pingcap/pd/v4/server/schedulers/utils.go:238.41,240.2 1 1
github.com/pingcap/pd/v4/server/schedulers/utils.go:242.39,244.2 1 1
github.com/pingcap/pd/v4/server/schedulers/utils.go:248.48,249.39 1 1
github.com/pingcap/pd/v4/server/schedulers/utils.go:249.39,251.3 1 1
github.com/pingcap/pd/v4/server/schedulers/utils.go:254.54,255.39 1 1
github.com/pingcap/pd/v4/server/schedulers/utils.go:255.39,256.28 1 1
github.com/pingcap/pd/v4/server/schedulers/utils.go:261.3,261.11 1 1
github.com/pingcap/pd/v4/server/schedulers/utils.go:256.28,257.34 1 1
github.com/pingcap/pd/v4/server/schedulers/utils.go:257.34,259.5 1 1
github.com/pingcap/pd/v4/server/schedulers/utils.go:265.96,266.39 1 1
github.com/pingcap/pd/v4/server/schedulers/utils.go:266.39,268.3 1 1
github.com/pingcap/pd/v4/server/schedulers/utils.go:271.64,273.15 2 1
github.com/pingcap/pd/v4/server/schedulers/utils.go:278.2,278.10 1 1
github.com/pingcap/pd/v4/server/schedulers/utils.go:273.15,275.3 1 1
github.com/pingcap/pd/v4/server/schedulers/utils.go:275.8,275.22 1 1
github.com/pingcap/pd/v4/server/schedulers/utils.go:275.22,277.3 1 1
github.com/pingcap/pd/v4/server/schedulers/utils.go:287.43,289.2 1 1
github.com/pingcap/pd/v4/server/schedulers/utils.go:291.43,293.2 1 1
github.com/pingcap/pd/v4/server/schedulers/utils.go:295.44,302.2 2 1
github.com/pingcap/pd/v4/server/schedulers/utils.go:306.48,307.43 1 1
github.com/pingcap/pd/v4/server/schedulers/utils.go:307.43,308.28 1 1
github.com/pingcap/pd/v4/server/schedulers/utils.go:313.3,313.11 1 1
github.com/pingcap/pd/v4/server/schedulers/utils.go:308.28,309.34 1 1
github.com/pingcap/pd/v4/server/schedulers/utils.go:309.34,311.5 1 1
github.com/pingcap/pd/v4/server/schedulers/utils.go:317.46,318.43 1 1
github.com/pingcap/pd/v4/server/schedulers/utils.go:318.43,320.3 1 1
github.com/pingcap/pd/v4/server/schedulers/utils.go:323.46,324.43 1 1
github.com/pingcap/pd/v4/server/schedulers/utils.go:324.43,326.3 1 1
github.com/pingcap/pd/v4/server/schedulers/utils.go:329.45,330.43 1 1
github.com/pingcap/pd/v4/server/schedulers/utils.go:330.43,332.3 1 1
github.com/pingcap/pd/v4/server/schedulers/utils.go:335.42,341.2 1 1
github.com/pingcap/pd/v4/server/schedulers/utils.go:343.42,349.2 1 1
github.com/pingcap/pd/v4/server/schedulers/utils.go:356.70,358.35 2 0
github.com/pingcap/pd/v4/server/schedulers/utils.go:361.2,366.3 1 0
github.com/pingcap/pd/v4/server/schedulers/utils.go:358.35,360.3 1 0
github.com/pingcap/pd/v4/server/schedulers/adjacent_region.go:44.13,45.102 1 1
github.com/pingcap/pd/v4/server/schedulers/adjacent_region.go:71.2,71.180 1 1
github.com/pingcap/pd/v4/server/schedulers/adjacent_region.go:45.102,46.36 1 1
github.com/pingcap/pd/v4/server/schedulers/adjacent_region.go:46.36,48.11 2 1
github.com/pingcap/pd/v4/server/schedulers/adjacent_region.go:51.4,51.22 1 1
github.com/pingcap/pd/v4/server/schedulers/adjacent_region.go:64.4,67.14 4 1
github.com/pingcap/pd/v4/server/schedulers/adjacent_region.go:48.11,50.5 1 0
github.com/pingcap/pd/v4/server/schedulers/adjacent_region.go:51.22,53.19 2 1
github.com/pingcap/pd/v4/server/schedulers/adjacent_region.go:56.5,57.19 2 1
github.com/pingcap/pd/v4/server/schedulers/adjacent_region.go:60.5,62.15 3 1
github.com/pingcap/pd/v4/server/schedulers/adjacent_region.go:53.19,55.6 1 0
github.com/pingcap/pd/v4/server/schedulers/adjacent_region.go:57.19,59.6 1 0
github.com/pingcap/pd/v4/server/schedulers/adjacent_region.go:71.180,76.39 2 1
github.com/pingcap/pd/v4/server/schedulers/adjacent_region.go:79.3,79.68 1 1
github.com/pingcap/pd/v4/server/schedulers/adjacent_region.go:76.39,78.4 1 0
github.com/pingcap/pd/v4/server/schedulers/adjacent_region.go:109.33,113.2 3 1
github.com/pingcap/pd/v4/server/schedulers/adjacent_region.go:115.35,117.2 1 1
github.com/pingcap/pd/v4/server/schedulers/adjacent_region.go:121.137,134.2 4 1
github.com/pingcap/pd/v4/server/schedulers/adjacent_region.go:136.59,138.2 1 1
github.com/pingcap/pd/v4/server/schedulers/adjacent_region.go:140.59,142.2 1 0
github.com/pingcap/pd/v4/server/schedulers/adjacent_region.go:144.73,146.2 1 1
github.com/pingcap/pd/v4/server/schedulers/adjacent_region.go:148.73,150.2 1 0
github.com/pingcap/pd/v4/server/schedulers/adjacent_region.go:152.96,154.2 1 0
github.com/pingcap/pd/v4/server/schedulers/adjacent_region.go:156.86,158.2 1 1
github.com/pingcap/pd/v4/server/schedulers/adjacent_region.go:160.68,162.2 1 1
github.com/pingcap/pd/v4/server/schedulers/adjacent_region.go:164.66,166.2 1 1
github.com/pingcap/pd/v4/server/schedulers/adjacent_region.go:168.93,169.27 1 1
github.com/pingcap/pd/v4/server/schedulers/adjacent_region.go:177.2,177.31 1 1
github.com/pingcap/pd/v4/server/schedulers/adjacent_region.go:181.2,184.23 3 1
github.com/pingcap/pd/v4/server/schedulers/adjacent_region.go:192.2,195.32 4 1
github.com/pingcap/pd/v4/server/schedulers/adjacent_region.go:221.2,222.27 2 1
github.com/pingcap/pd/v4/server/schedulers/adjacent_region.go:169.27,175.3 1 1
github.com/pingcap/pd/v4/server/schedulers/adjacent_region.go:177.31,179.3 1 1
github.com/pingcap/pd/v4/server/schedulers/adjacent_region.go:184.23,189.3 4 1
github.com/pingcap/pd/v4/server/schedulers/adjacent_region.go:195.32,200.128 3 1
github.com/pingcap/pd/v4/server/schedulers/adjacent_region.go:207.3,207.32 1 1
github.com/pingcap/pd/v4/server/schedulers/adjacent_region.go:200.128,202.27 2 1
github.com/pingcap/pd/v4/server/schedulers/adjacent_region.go:202.27,203.13 1 1
github.com/pingcap/pd/v4/server/schedulers/adjacent_region.go:207.32,209.4 1 1
github.com/pingcap/pd/v4/server/schedulers/adjacent_region.go:209.9,211.37 1 1
github.com/pingcap/pd/v4/server/schedulers/adjacent_region.go:211.37,217.5 5 1
github.com/pingcap/pd/v4/server/schedulers/adjacent_region.go:225.92,226.30 1 1
github.com/pingcap/pd/v4/server/schedulers/adjacent_region.go:229.2,233.15 4 1
github.com/pingcap/pd/v4/server/schedulers/adjacent_region.go:242.2,242.86 1 1
github.com/pingcap/pd/v4/server/schedulers/adjacent_region.go:246.2,247.15 2 1
github.com/pingcap/pd/v4/server/schedulers/adjacent_region.go:251.2,251.15 1 1
github.com/pingcap/pd/v4/server/schedulers/adjacent_region.go:256.2,257.33 2 1
github.com/pingcap/pd/v4/server/schedulers/adjacent_region.go:226.30,228.3 1 1
github.com/pingcap/pd/v4/server/schedulers/adjacent_region.go:233.15,234.31 1 1
github.com/pingcap/pd/v4/server/schedulers/adjacent_region.go:237.3,238.31 2 1
github.com/pingcap/pd/v4/server/schedulers/adjacent_region.go:234.31,236.4 1 0
github.com/pingcap/pd/v4/server/schedulers/adjacent_region.go:242.86,245.3 2 0
github.com/pingcap/pd/v4/server/schedulers/adjacent_region.go:247.15,250.3 2 1
github.com/pingcap/pd/v4/server/schedulers/adjacent_region.go:251.15,255.3 3 1
github.com/pingcap/pd/v4/server/schedulers/adjacent_region.go:260.109,261.46 1 1
github.com/pingcap/pd/v4/server/schedulers/adjacent_region.go:264.2,266.18 3 1
github.com/pingcap/pd/v4/server/schedulers/adjacent_region.go:270.2,270.47 1 1
github.com/pingcap/pd/v4/server/schedulers/adjacent_region.go:274.2,274.33 1 1
github.com/pingcap/pd/v4/server/schedulers/adjacent_region.go:278.2,278.14 1 1
github.com/pingcap/pd/v4/server/schedulers/adjacent_region.go:261.46,263.3 1 0
github.com/pingcap/pd/v4/server/schedulers/adjacent_region.go:266.18,269.3 2 0
github.com/pingcap/pd/v4/server/schedulers/adjacent_region.go:270.47,272.3 1 0
github.com/pingcap/pd/v4/server/schedulers/adjacent_region.go:274.33,277.3 2 0
github.com/pingcap/pd/v4/server/schedulers/adjacent_region.go:281.146,282.29 1 1
github.com/pingcap/pd/v4/server/schedulers/adjacent_region.go:285.2,286.25 2 1
github.com/pingcap/pd/v4/server/schedulers/adjacent_region.go:289.2,290.30 2 1
github.com/pingcap/pd/v4/server/schedulers/adjacent_region.go:295.2,298.19 2 1
github.com/pingcap/pd/v4/server/schedulers/adjacent_region.go:301.2,302.16 2 1
github.com/pingcap/pd/v4/server/schedulers/adjacent_region.go:306.2,308.11 3 1
github.com/pingcap/pd/v4/server/schedulers/adjacent_region.go:282.29,284.3 1 0
github.com/pingcap/pd/v4/server/schedulers/adjacent_region.go:286.25,288.3 1 1
github.com/pingcap/pd/v4/server/schedulers/adjacent_region.go:290.30,291.62 1 1
github.com/pingcap/pd/v4/server/schedulers/adjacent_region.go:291.62,293.4 1 1
github.com/pingcap/pd/v4/server/schedulers/adjacent_region.go:298.19,300.3 1 0
github.com/pingcap/pd/v4/server/schedulers/adjacent_region.go:302.16,305.3 2 0
github.com/pingcap/pd/v4/server/schedulers/adjacent_region.go:311.120,312.27 1 1
github.com/pingcap/pd/v4/server/schedulers/adjacent_region.go:316.2,318.19 3 1
github.com/pingcap/pd/v4/server/schedulers/adjacent_region.go:322.2,324.58 3 1
github.com/pingcap/pd/v4/server/schedulers/adjacent_region.go:330.2,338.19 3 1
github.com/pingcap/pd/v4/server/schedulers/adjacent_region.go:341.2,346.16 4 1
github.com/pingcap/pd/v4/server/schedulers/adjacent_region.go:350.2,352.11 3 1
github.com/pingcap/pd/v4/server/schedulers/adjacent_region.go:312.27,314.3 1 0
github.com/pingcap/pd/v4/server/schedulers/adjacent_region.go:318.19,321.3 2 0
github.com/pingcap/pd/v4/server/schedulers/adjacent_region.go:324.58,325.43 1 0
github.com/pingcap/pd/v4/server/schedulers/adjacent_region.go:325.43,327.4 1 0
github.com/pingcap/pd/v4/server/schedulers/adjacent_region.go:338.19,340.3 1 1
github.com/pingcap/pd/v4/server/schedulers/adjacent_region.go:346.16,349.3 2 0
github.com/pingcap/pd/v4/server/schedulers/base_scheduler.go:44.101,45.13 1 0
github.com/pingcap/pd/v4/server/schedulers/base_scheduler.go:55.2,55.10 1 0
github.com/pingcap/pd/v4/server/schedulers/base_scheduler.go:46.25,47.84 1 0
github.com/pingcap/pd/v4/server/schedulers/base_scheduler.go:48.20,49.61 1 0
github.com/pingcap/pd/v4/server/schedulers/base_scheduler.go:50.18,51.11 1 0
github.com/pingcap/pd/v4/server/schedulers/base_scheduler.go:52.10,53.44 1 0
github.com/pingcap/pd/v4/server/schedulers/base_scheduler.go:64.81,66.2 1 1
github.com/pingcap/pd/v4/server/schedulers/base_scheduler.go:68.75,70.2 1 0
github.com/pingcap/pd/v4/server/schedulers/base_scheduler.go:73.56,75.2 1 0
github.com/pingcap/pd/v4/server/schedulers/base_scheduler.go:78.56,80.2 1 1
github.com/pingcap/pd/v4/server/schedulers/base_scheduler.go:83.79,85.2 1 0
github.com/pingcap/pd/v4/server/schedulers/base_scheduler.go:88.60,88.74 1 0
github.com/pingcap/pd/v4/server/schedulers/base_scheduler.go:91.55,91.56 0 0
github.com/pingcap/pd/v4/server/schedulers/grant_leader.go:40.13,41.99 1 1
github.com/pingcap/pd/v4/server/schedulers/grant_leader.go:65.2,65.177 1 1
github.com/pingcap/pd/v4/server/schedulers/grant_leader.go:41.99,42.36 1 0
github.com/pingcap/pd/v4/server/schedulers/grant_leader.go:42.36,43.22 1 0
github.com/pingcap/pd/v4/server/schedulers/grant_leader.go:47.4,48.11 2 0
github.com/pingcap/pd/v4/server/schedulers/grant_leader.go:52.4,53.18 2 0
github.com/pingcap/pd/v4/server/schedulers/grant_leader.go:56.4,57.18 2 0
github.com/pingcap/pd/v4/server/schedulers/grant_leader.go:60.4,61.14 2 0
github.com/pingcap/pd/v4/server/schedulers/grant_leader.go:43.22,45.5 1 0
github.com/pingcap/pd/v4/server/schedulers/grant_leader.go:48.11,50.5 1 0
github.com/pingcap/pd/v4/server/schedulers/grant_leader.go:53.18,55.5 1 0
github.com/pingcap/pd/v4/server/schedulers/grant_leader.go:57.18,59.5 1 0
github.com/pingcap/pd/v4/server/schedulers/grant_leader.go:65.177,68.39 3 0
github.com/pingcap/pd/v4/server/schedulers/grant_leader.go:71.3,71.58 1 0
github.com/pingcap/pd/v4/server/schedulers/grant_leader.go:68.39,70.4 1 0
github.com/pingcap/pd/v4/server/schedulers/grant_leader.go:82.76,83.20 1 0
github.com/pingcap/pd/v4/server/schedulers/grant_leader.go:87.2,88.16 2 0
github.com/pingcap/pd/v4/server/schedulers/grant_leader.go:91.2,92.16 2 0
github.com/pingcap/pd/v4/server/schedulers/grant_leader.go:95.2,98.12 4 0
github.com/pingcap/pd/v4/server/schedulers/grant_leader.go:83.20,85.3 1 0
github.com/pingcap/pd/v4/server/schedulers/grant_leader.go:88.16,90.3 1 0
github.com/pingcap/pd/v4/server/schedulers/grant_leader.go:92.16,94.3 1 0
github.com/pingcap/pd/v4/server/schedulers/grant_leader.go:101.77,107.2 3 0
github.com/pingcap/pd/v4/server/schedulers/grant_leader.go:109.57,114.16 5 0
github.com/pingcap/pd/v4/server/schedulers/grant_leader.go:117.2,118.12 2 0
github.com/pingcap/pd/v4/server/schedulers/grant_leader.go:114.16,116.3 1 0
github.com/pingcap/pd/v4/server/schedulers/grant_leader.go:121.67,123.2 1 0
github.com/pingcap/pd/v4/server/schedulers/grant_leader.go:125.71,130.28 5 0
github.com/pingcap/pd/v4/server/schedulers/grant_leader.go:134.2,134.12 1 0
github.com/pingcap/pd/v4/server/schedulers/grant_leader.go:130.28,133.3 2 0
github.com/pingcap/pd/v4/server/schedulers/grant_leader.go:137.102,142.12 5 0
github.com/pingcap/pd/v4/server/schedulers/grant_leader.go:148.2,148.19 1 0
github.com/pingcap/pd/v4/server/schedulers/grant_leader.go:142.12,147.3 4 0
github.com/pingcap/pd/v4/server/schedulers/grant_leader.go:160.126,168.2 3 0
github.com/pingcap/pd/v4/server/schedulers/grant_leader.go:170.82,172.2 1 0
github.com/pingcap/pd/v4/server/schedulers/grant_leader.go:174.49,176.2 1 0
github.com/pingcap/pd/v4/server/schedulers/grant_leader.go:178.49,180.2 1 0
github.com/pingcap/pd/v4/server/schedulers/grant_leader.go:182.63,184.2 1 0
github.com/pingcap/pd/v4/server/schedulers/grant_leader.go:186.67,190.43 4 0
github.com/pingcap/pd/v4/server/schedulers/grant_leader.go:195.2,195.12 1 0
github.com/pingcap/pd/v4/server/schedulers/grant_leader.go:190.43,191.57 1 0
github.com/pingcap/pd/v4/server/schedulers/grant_leader.go:191.57,193.4 1 0
github.com/pingcap/pd/v4/server/schedulers/grant_leader.go:198.61,201.43 3 0
github.com/pingcap/pd/v4/server/schedulers/grant_leader.go:201.43,203.3 1 0
github.com/pingcap/pd/v4/server/schedulers/grant_leader.go:206.76,208.2 1 0
github.com/pingcap/pd/v4/server/schedulers/grant_leader.go:210.83,215.51 5 0
github.com/pingcap/pd/v4/server/schedulers/grant_leader.go:232.2,232.12 1 0
github.com/pingcap/pd/v4/server/schedulers/grant_leader.go:215.51,217.20 2 0
github.com/pingcap/pd/v4/server/schedulers/grant_leader.go:222.3,223.17 2 0
github.com/pingcap/pd/v4/server/schedulers/grant_leader.go:227.3,229.24 3 0
github.com/pingcap/pd/v4/server/schedulers/grant_leader.go:217.20,219.12 2 0
github.com/pingcap/pd/v4/server/schedulers/grant_leader.go:223.17,225.12 2 0
github.com/pingcap/pd/v4/server/schedulers/grant_leader.go:240.89,242.84 2 0
github.com/pingcap/pd/v4/server/schedulers/grant_leader.go:245.2,249.8 5 0
github.com/pingcap/pd/v4/server/schedulers/grant_leader.go:260.2,261.8 2 0
github.com/pingcap/pd/v4/server/schedulers/grant_leader.go:267.2,269.16 3 0
github.com/pingcap/pd/v4/server/schedulers/grant_leader.go:273.2,273.40 1 0
github.com/pingcap/pd/v4/server/schedulers/grant_leader.go:242.84,244.3 1 0
github.com/pingcap/pd/v4/server/schedulers/grant_leader.go:249.8,251.64 2 0
github.com/pingcap/pd/v4/server/schedulers/grant_leader.go:257.3,257.50 1 0
github.com/pingcap/pd/v4/server/schedulers/grant_leader.go:251.64,252.73 1 0
github.com/pingcap/pd/v4/server/schedulers/grant_leader.go:252.73,255.5 2 0
github.com/pingcap/pd/v4/server/schedulers/grant_leader.go:261.8,263.3 1 0
github.com/pingcap/pd/v4/server/schedulers/grant_leader.go:263.8,263.19 1 0
github.com/pingcap/pd/v4/server/schedulers/grant_leader.go:263.19,265.3 1 0
github.com/pingcap/pd/v4/server/schedulers/grant_leader.go:269.16,272.3 2 0
github.com/pingcap/pd/v4/server/schedulers/grant_leader.go:276.87,279.2 2 0
github.com/pingcap/pd/v4/server/schedulers/grant_leader.go:281.89,284.16 3 0
github.com/pingcap/pd/v4/server/schedulers/grant_leader.go:289.2,291.10 3 0
github.com/pingcap/pd/v4/server/schedulers/grant_leader.go:312.2,312.68 1 0
github.com/pingcap/pd/v4/server/schedulers/grant_leader.go:284.16,287.3 2 0
github.com/pingcap/pd/v4/server/schedulers/grant_leader.go:291.10,293.17 2 0
github.com/pingcap/pd/v4/server/schedulers/grant_leader.go:297.3,297.11 1 0
github.com/pingcap/pd/v4/server/schedulers/grant_leader.go:308.3,309.9 2 0
github.com/pingcap/pd/v4/server/schedulers/grant_leader.go:293.17,296.4 2 0
github.com/pingcap/pd/v4/server/schedulers/grant_leader.go:297.11,298.82 1 0
github.com/pingcap/pd/v4/server/schedulers/grant_leader.go:306.4,306.30 1 0
github.com/pingcap/pd/v4/server/schedulers/grant_leader.go:298.82,299.36 1 0
github.com/pingcap/pd/v4/server/schedulers/grant_leader.go:304.5,304.11 1 0
github.com/pingcap/pd/v4/server/schedulers/grant_leader.go:299.36,301.6 1 0
github.com/pingcap/pd/v4/server/schedulers/grant_leader.go:301.11,303.6 1 0
github.com/pingcap/pd/v4/server/schedulers/grant_leader.go:315.77,325.2 6 0
github.com/pingcap/pd/v4/server/schedulers/hot_region_config.go:34.62,48.2 1 1
github.com/pingcap/pd/v4/server/schedulers/hot_region_config.go:70.70,74.2 3 0
github.com/pingcap/pd/v4/server/schedulers/hot_region_config.go:76.76,80.2 3 1
github.com/pingcap/pd/v4/server/schedulers/hot_region_config.go:82.62,86.2 3 1
github.com/pingcap/pd/v4/server/schedulers/hot_region_config.go:88.70,92.2 3 1
github.com/pingcap/pd/v4/server/schedulers/hot_region_config.go:94.73,98.2 3 1
github.com/pingcap/pd/v4/server/schedulers/hot_region_config.go:100.70,104.2 3 1
github.com/pingcap/pd/v4/server/schedulers/hot_region_config.go:106.73,110.2 3 1
github.com/pingcap/pd/v4/server/schedulers/hot_region_config.go:112.70,116.2 3 1
github.com/pingcap/pd/v4/server/schedulers/hot_region_config.go:118.69,122.2 3 1
github.com/pingcap/pd/v4/server/schedulers/hot_region_config.go:124.71,128.2 3 1
github.com/pingcap/pd/v4/server/schedulers/hot_region_config.go:130.66,134.2 3 1
github.com/pingcap/pd/v4/server/schedulers/hot_region_config.go:136.71,140.2 3 1
github.com/pingcap/pd/v4/server/schedulers/hot_region_config.go:142.66,146.2 3 1
github.com/pingcap/pd/v4/server/schedulers/hot_region_config.go:148.67,152.2 3 1
github.com/pingcap/pd/v4/server/schedulers/hot_region_config.go:154.89,159.2 4 0
github.com/pingcap/pd/v4/server/schedulers/hot_region_config.go:161.95,166.2 4 0
github.com/pingcap/pd/v4/server/schedulers/hot_region_config.go:168.95,175.16 7 0
github.com/pingcap/pd/v4/server/schedulers/hot_region_config.go:180.2,180.51 1 0
github.com/pingcap/pd/v4/server/schedulers/hot_region_config.go:184.2,185.30 2 0
github.com/pingcap/pd/v4/server/schedulers/hot_region_config.go:190.2,191.49 2 0
github.com/pingcap/pd/v4/server/schedulers/hot_region_config.go:195.2,196.36 2 0
github.com/pingcap/pd/v4/server/schedulers/hot_region_config.go:207.2,207.60 1 0
github.com/pingcap/pd/v4/server/schedulers/hot_region_config.go:175.16,178.3 2 0
github.com/pingcap/pd/v4/server/schedulers/hot_region_config.go:180.51,183.3 2 0
github.com/pingcap/pd/v4/server/schedulers/hot_region_config.go:185.30,188.3 2 0
github.com/pingcap/pd/v4/server/schedulers/hot_region_config.go:191.49,194.3 2 0
github.com/pingcap/pd/v4/server/schedulers/hot_region_config.go:196.36,198.48 2 0
github.com/pingcap/pd/v4/server/schedulers/hot_region_config.go:201.3,201.30 1 0
github.com/pingcap/pd/v4/server/schedulers/hot_region_config.go:198.48,200.4 1 0
github.com/pingcap/pd/v4/server/schedulers/hot_region_config.go:201.30,204.4 2 0
github.com/pingcap/pd/v4/server/schedulers/hot_region_config.go:210.55,212.16 2 0
github.com/pingcap/pd/v4/server/schedulers/hot_region_config.go:216.2,216.61 1 0
github.com/pingcap/pd/v4/server/schedulers/hot_region_config.go:212.16,215.3 1 0
github.com/pingcap/pd/v4/server/schedulers/shuffle_region.go:35.13,36.101 1 1
github.com/pingcap/pd/v4/server/schedulers/shuffle_region.go:51.2,51.179 1 1
github.com/pingcap/pd/v4/server/schedulers/shuffle_region.go:36.101,37.36 1 1
github.com/pingcap/pd/v4/server/schedulers/shuffle_region.go:37.36,39.11 2 1
github.com/pingcap/pd/v4/server/schedulers/shuffle_region.go:42.4,43.18 2 1
github.com/pingcap/pd/v4/server/schedulers/shuffle_region.go:46.4,48.14 3 1
github.com/pingcap/pd/v4/server/schedulers/shuffle_region.go:39.11,41.5 1 0
github.com/pingcap/pd/v4/server/schedulers/shuffle_region.go:43.18,45.5 1 0
github.com/pingcap/pd/v4/server/schedulers/shuffle_region.go:51.179,53.39 2 1
github.com/pingcap/pd/v4/server/schedulers/shuffle_region.go:56.3,56.60 1 1
github.com/pingcap/pd/v4/server/schedulers/shuffle_region.go:53.39,55.4 1 0
github.com/pingcap/pd/v4/server/schedulers/shuffle_region.go:68.130,79.2 3 1
github.com/pingcap/pd/v4/server/schedulers/shuffle_region.go:81.84,83.2 1 0
github.com/pingcap/pd/v4/server/schedulers/shuffle_region.go:85.51,87.2 1 1
github.com/pingcap/pd/v4/server/schedulers/shuffle_region.go:89.51,91.2 1 0
github.com/pingcap/pd/v4/server/schedulers/shuffle_region.go:93.65,95.2 1 1
github.com/pingcap/pd/v4/server/schedulers/shuffle_region.go:97.78,99.2 1 1
github.com/pingcap/pd/v4/server/schedulers/shuffle_region.go:101.85,104.19 3 1
github.com/pingcap/pd/v4/server/schedulers/shuffle_region.go:109.2,110.20 2 1
github.com/pingcap/pd/v4/server/schedulers/shuffle_region.go:115.2,116.16 2 1
github.com/pingcap/pd/v4/server/schedulers/shuffle_region.go:120.2,122.33 3 1
github.com/pingcap/pd/v4/server/schedulers/shuffle_region.go:104.19,107.3 2 1
github.com/pingcap/pd/v4/server/schedulers/shuffle_region.go:110.20,113.3 2 0
github.com/pingcap/pd/v4/server/schedulers/shuffle_region.go:116.16,119.3 2 0
github.com/pingcap/pd/v4/server/schedulers/shuffle_region.go:125.107,130.43 2 1
github.com/pingcap/pd/v4/server/schedulers/shuffle_region.go:147.2,148.17 2 1
github.com/pingcap/pd/v4/server/schedulers/shuffle_region.go:130.43,132.39 2 1
github.com/pingcap/pd/v4/server/schedulers/shuffle_region.go:135.3,135.54 1 1
github.com/pingcap/pd/v4/server/schedulers/shuffle_region.go:138.3,138.55 1 1
github.com/pingcap/pd/v4/server/schedulers/shuffle_region.go:141.3,141.20 1 1
github.com/pingcap/pd/v4/server/schedulers/shuffle_region.go:144.3,144.67 1 1
github.com/pingcap/pd/v4/server/schedulers/shuffle_region.go:132.39,134.4 1 1
github.com/pingcap/pd/v4/server/schedulers/shuffle_region.go:135.54,137.4 1 0
github.com/pingcap/pd/v4/server/schedulers/shuffle_region.go:138.55,140.4 1 1
github.com/pingcap/pd/v4/server/schedulers/shuffle_region.go:141.20,143.4 1 1
github.com/pingcap/pd/v4/server/schedulers/shuffle_region.go:151.131,159.19 4 1
github.com/pingcap/pd/v4/server/schedulers/shuffle_region.go:162.2,162.81 1 1
github.com/pingcap/pd/v4/server/schedulers/shuffle_region.go:159.19,161.3 1 0
github.com/pingcap/pd/v4/server/schedulers/scatter_range.go:31.13,33.100 1 1
github.com/pingcap/pd/v4/server/schedulers/scatter_range.go:52.2,52.178 1 1
github.com/pingcap/pd/v4/server/schedulers/scatter_range.go:33.100,34.36 1 1
github.com/pingcap/pd/v4/server/schedulers/scatter_range.go:34.36,35.22 1 1
github.com/pingcap/pd/v4/server/schedulers/scatter_range.go:38.4,38.25 1 1
github.com/pingcap/pd/v4/server/schedulers/scatter_range.go:41.4,42.11 2 1
github.com/pingcap/pd/v4/server/schedulers/scatter_range.go:45.4,48.14 4 1
github.com/pingcap/pd/v4/server/schedulers/scatter_range.go:35.22,37.5 1 0
github.com/pingcap/pd/v4/server/schedulers/scatter_range.go:38.25,40.5 1 0
github.com/pingcap/pd/v4/server/schedulers/scatter_range.go:42.11,44.5 1 0
github.com/pingcap/pd/v4/server/schedulers/scatter_range.go:52.178,56.39 2 1
github.com/pingcap/pd/v4/server/schedulers/scatter_range.go:59.3,60.26 2 1
github.com/pingcap/pd/v4/server/schedulers/scatter_range.go:63.3,63.59 1 1
github.com/pingcap/pd/v4/server/schedulers/scatter_range.go:56.39,58.4 1 0
github.com/pingcap/pd/v4/server/schedulers/scatter_range.go:60.26,62.4 1 0
github.com/pingcap/pd/v4/server/schedulers/scatter_range.go:82.77,83.20 1 1
github.com/pingcap/pd/v4/server/schedulers/scatter_range.go:86.2,92.12 6 1
github.com/pingcap/pd/v4/server/schedulers/scatter_range.go:83.20,85.3 1 0
github.com/pingcap/pd/v4/server/schedulers/scatter_range.go:95.79,103.2 3 0
github.com/pingcap/pd/v4/server/schedulers/scatter_range.go:105.58,110.16 5 1
github.com/pingcap/pd/v4/server/schedulers/scatter_range.go:113.2,114.12 2 1
github.com/pingcap/pd/v4/server/schedulers/scatter_range.go:110.16,112.3 1 0
github.com/pingcap/pd/v4/server/schedulers/scatter_range.go:117.64,121.2 3 0
github.com/pingcap/pd/v4/server/schedulers/scatter_range.go:123.63,127.2 3 1
github.com/pingcap/pd/v4/server/schedulers/scatter_range.go:129.61,133.2 3 1
github.com/pingcap/pd/v4/server/schedulers/scatter_range.go:135.68,139.2 3 1
github.com/pingcap/pd/v4/server/schedulers/scatter_range.go:151.130,175.2 5 1
github.com/pingcap/pd/v4/server/schedulers/scatter_range.go:177.83,179.2 1 0
github.com/pingcap/pd/v4/server/schedulers/scatter_range.go:181.50,183.2 1 1
github.com/pingcap/pd/v4/server/schedulers/scatter_range.go:185.50,187.2 1 0
github.com/pingcap/pd/v4/server/schedulers/scatter_range.go:189.64,193.2 3 1
github.com/pingcap/pd/v4/server/schedulers/scatter_range.go:195.77,197.2 1 0
github.com/pingcap/pd/v4/server/schedulers/scatter_range.go:199.84,205.18 5 1
github.com/pingcap/pd/v4/server/schedulers/scatter_range.go:213.2,214.18 2 1
github.com/pingcap/pd/v4/server/schedulers/scatter_range.go:223.2,224.12 2 1
github.com/pingcap/pd/v4/server/schedulers/scatter_range.go:205.18,212.3 4 1
github.com/pingcap/pd/v4/server/schedulers/scatter_range.go:214.18,222.3 4 1
github.com/pingcap/pd/v4/server/schedulers/scatter_range.go:232.90,234.84 2 0
github.com/pingcap/pd/v4/server/schedulers/scatter_range.go:237.2,239.8 3 0
github.com/pingcap/pd/v4/server/schedulers/scatter_range.go:249.2,250.8 2 0
github.com/pingcap/pd/v4/server/schedulers/scatter_range.go:256.2,257.8 2 0
github.com/pingcap/pd/v4/server/schedulers/scatter_range.go:262.2,264.16 3 0
github.com/pingcap/pd/v4/server/schedulers/scatter_range.go:267.2,267.40 1 0
github.com/pingcap/pd/v4/server/schedulers/scatter_range.go:234.84,236.3 1 0
github.com/pingcap/pd/v4/server/schedulers/scatter_range.go:239.8,240.44 1 0
github.com/pingcap/pd/v4/server/schedulers/scatter_range.go:244.3,244.28 1 0
github.com/pingcap/pd/v4/server/schedulers/scatter_range.go:240.44,243.4 2 0
github.com/pingcap/pd/v4/server/schedulers/scatter_range.go:245.8,247.3 1 0
github.com/pingcap/pd/v4/server/schedulers/scatter_range.go:250.8,252.3 1 0
github.com/pingcap/pd/v4/server/schedulers/scatter_range.go:252.8,254.3 1 0
github.com/pingcap/pd/v4/server/schedulers/scatter_range.go:257.8,259.3 1 0
github.com/pingcap/pd/v4/server/schedulers/scatter_range.go:259.8,261.3 1 0
github.com/pingcap/pd/v4/server/schedulers/scatter_range.go:264.16,266.3 1 0
github.com/pingcap/pd/v4/server/schedulers/scatter_range.go:270.88,273.2 2 0
github.com/pingcap/pd/v4/server/schedulers/scatter_range.go:275.79,284.2 5 1
github.com/pingcap/pd/v4/server/schedulers/shuffle_leader.go:34.13,35.101 1 1
github.com/pingcap/pd/v4/server/schedulers/shuffle_leader.go:51.2,51.179 1 1
github.com/pingcap/pd/v4/server/schedulers/shuffle_leader.go:35.101,36.36 1 1
github.com/pingcap/pd/v4/server/schedulers/shuffle_leader.go:36.36,38.11 2 1
github.com/pingcap/pd/v4/server/schedulers/shuffle_leader.go:41.4,42.18 2 1
github.com/pingcap/pd/v4/server/schedulers/shuffle_leader.go:45.4,47.14 3 1
github.com/pingcap/pd/v4/server/schedulers/shuffle_leader.go:38.11,40.5 1 0
github.com/pingcap/pd/v4/server/schedulers/shuffle_leader.go:42.18,44.5 1 0
github.com/pingcap/pd/v4/server/schedulers/shuffle_leader.go:51.179,53.39 2 1
github.com/pingcap/pd/v4/server/schedulers/shuffle_leader.go:56.3,56.60 1 1
github.com/pingcap/pd/v4/server/schedulers/shuffle_leader.go:53.39,55.4 1 0
github.com/pingcap/pd/v4/server/schedulers/shuffle_leader.go:73.130,84.2 3 1
github.com/pingcap/pd/v4/server/schedulers/shuffle_leader.go:86.51,88.2 1 1
github.com/pingcap/pd/v4/server/schedulers/shuffle_leader.go:90.51,92.2 1 0
github.com/pingcap/pd/v4/server/schedulers/shuffle_leader.go:94.65,96.2 1 1
github.com/pingcap/pd/v4/server/schedulers/shuffle_leader.go:98.78,100.2 1 0
github.com/pingcap/pd/v4/server/schedulers/shuffle_leader.go:102.85,110.24 3 1
github.com/pingcap/pd/v4/server/schedulers/shuffle_leader.go:114.2,115.19 2 1
github.com/pingcap/pd/v4/server/schedulers/shuffle_leader.go:119.2,120.16 2 1
github.com/pingcap/pd/v4/server/schedulers/shuffle_leader.go:124.2,126.33 3 1
github.com/pingcap/pd/v4/server/schedulers/shuffle_leader.go:110.24,113.3 2 1
github.com/pingcap/pd/v4/server/schedulers/shuffle_leader.go:115.19,118.3 2 0
github.com/pingcap/pd/v4/server/schedulers/shuffle_leader.go:120.16,123.3 2 0
github.com/pingcap/pd/v4/server/schedulers/shuffle_region_config.go:45.74,49.2 3 1
github.com/pingcap/pd/v4/server/schedulers/shuffle_region_config.go:51.63,55.2 3 0
github.com/pingcap/pd/v4/server/schedulers/shuffle_region_config.go:57.71,61.2 3 1
github.com/pingcap/pd/v4/server/schedulers/shuffle_region_config.go:63.73,66.50 3 1
github.com/pingcap/pd/v4/server/schedulers/shuffle_region_config.go:66.50,66.82 1 1
github.com/pingcap/pd/v4/server/schedulers/shuffle_region_config.go:69.93,74.2 4 0
github.com/pingcap/pd/v4/server/schedulers/shuffle_region_config.go:76.98,79.2 2 0
github.com/pingcap/pd/v4/server/schedulers/shuffle_region_config.go:81.98,84.76 3 0
github.com/pingcap/pd/v4/server/schedulers/shuffle_region_config.go:87.2,87.26 1 0
github.com/pingcap/pd/v4/server/schedulers/shuffle_region_config.go:94.2,98.39 5 0
github.com/pingcap/pd/v4/server/schedulers/shuffle_region_config.go:103.2,103.31 1 0
github.com/pingcap/pd/v4/server/schedulers/shuffle_region_config.go:84.76,86.3 1 0
github.com/pingcap/pd/v4/server/schedulers/shuffle_region_config.go:87.26,88.46 1 0
github.com/pingcap/pd/v4/server/schedulers/shuffle_region_config.go:88.46,88.73 1 0
github.com/pingcap/pd/v4/server/schedulers/shuffle_region_config.go:88.75,91.4 2 0
github.com/pingcap/pd/v4/server/schedulers/shuffle_region_config.go:98.39,102.3 3 0
github.com/pingcap/pd/v4/server/schedulers/shuffle_region_config.go:106.59,108.16 2 0
github.com/pingcap/pd/v4/server/schedulers/shuffle_region_config.go:111.2,111.65 1 0
github.com/pingcap/pd/v4/server/schedulers/shuffle_region_config.go:108.16,110.3 1 0
github.com/pingcap/pd/v4/server/schedulers/balance_leader.go:40.13,41.101 1 1
github.com/pingcap/pd/v4/server/schedulers/balance_leader.go:57.2,57.179 1 1
github.com/pingcap/pd/v4/server/schedulers/balance_leader.go:41.101,42.36 1 1
github.com/pingcap/pd/v4/server/schedulers/balance_leader.go:42.36,44.11 2 1
github.com/pingcap/pd/v4/server/schedulers/balance_leader.go:47.4,48.18 2 1
github.com/pingcap/pd/v4/server/schedulers/balance_leader.go:51.4,53.14 3 1
github.com/pingcap/pd/v4/server/schedulers/balance_leader.go:44.11,46.5 1 0
github.com/pingcap/pd/v4/server/schedulers/balance_leader.go:48.18,50.5 1 0
github.com/pingcap/pd/v4/server/schedulers/balance_leader.go:57.179,59.39 2 1
github.com/pingcap/pd/v4/server/schedulers/balance_leader.go:62.3,62.60 1 1
github.com/pingcap/pd/v4/server/schedulers/balance_leader.go:59.39,61.4 1 0
github.com/pingcap/pd/v4/server/schedulers/balance_leader.go:81.165,90.27 3 1
github.com/pingcap/pd/v4/server/schedulers/balance_leader.go:93.2,97.10 2 1
github.com/pingcap/pd/v4/server/schedulers/balance_leader.go:90.27,92.3 1 1
github.com/pingcap/pd/v4/server/schedulers/balance_leader.go:104.89,105.41 1 1
github.com/pingcap/pd/v4/server/schedulers/balance_leader.go:105.41,107.3 1 1
github.com/pingcap/pd/v4/server/schedulers/balance_leader.go:111.67,112.41 1 1
github.com/pingcap/pd/v4/server/schedulers/balance_leader.go:112.41,114.3 1 1
github.com/pingcap/pd/v4/server/schedulers/balance_leader.go:117.51,119.2 1 1
github.com/pingcap/pd/v4/server/schedulers/balance_leader.go:121.51,123.2 1 0
github.com/pingcap/pd/v4/server/schedulers/balance_leader.go:125.65,127.2 1 1
github.com/pingcap/pd/v4/server/schedulers/balance_leader.go:129.78,131.2 1 0
github.com/pingcap/pd/v4/server/schedulers/balance_leader.go:133.85,142.42 8 1
github.com/pingcap/pd/v4/server/schedulers/balance_leader.go:148.2,148.42 1 1
github.com/pingcap/pd/v4/server/schedulers/balance_leader.go:155.2,155.56 1 1
github.com/pingcap/pd/v4/server/schedulers/balance_leader.go:188.2,188.12 1 1
github.com/pingcap/pd/v4/server/schedulers/balance_leader.go:142.42,147.3 3 1
github.com/pingcap/pd/v4/server/schedulers/balance_leader.go:148.42,153.3 3 1
github.com/pingcap/pd/v4/server/schedulers/balance_leader.go:155.56,156.23 1 1
github.com/pingcap/pd/v4/server/schedulers/balance_leader.go:171.3,171.23 1 1
github.com/pingcap/pd/v4/server/schedulers/balance_leader.go:156.23,163.49 7 1
github.com/pingcap/pd/v4/server/schedulers/balance_leader.go:169.4,169.126 1 1
github.com/pingcap/pd/v4/server/schedulers/balance_leader.go:163.49,164.79 1 1
github.com/pingcap/pd/v4/server/schedulers/balance_leader.go:164.79,167.6 2 1
github.com/pingcap/pd/v4/server/schedulers/balance_leader.go:171.23,179.49 7 1
github.com/pingcap/pd/v4/server/schedulers/balance_leader.go:185.4,185.126 1 1
github.com/pingcap/pd/v4/server/schedulers/balance_leader.go:179.49,180.65 1 1
github.com/pingcap/pd/v4/server/schedulers/balance_leader.go:180.65,183.6 2 1
github.com/pingcap/pd/v4/server/schedulers/balance_leader.go:194.152,197.19 3 1
github.com/pingcap/pd/v4/server/schedulers/balance_leader.go:202.2,204.115 3 1
github.com/pingcap/pd/v4/server/schedulers/balance_leader.go:207.2,209.42 3 1
github.com/pingcap/pd/v4/server/schedulers/balance_leader.go:215.2,215.33 1 1
github.com/pingcap/pd/v4/server/schedulers/balance_leader.go:220.2,222.12 3 1
github.com/pingcap/pd/v4/server/schedulers/balance_leader.go:197.19,201.3 3 1
github.com/pingcap/pd/v4/server/schedulers/balance_leader.go:204.115,206.3 1 1
github.com/pingcap/pd/v4/server/schedulers/balance_leader.go:209.42,214.3 4 1
github.com/pingcap/pd/v4/server/schedulers/balance_leader.go:215.33,216.75 1 1
github.com/pingcap/pd/v4/server/schedulers/balance_leader.go:216.75,218.4 1 1
github.com/pingcap/pd/v4/server/schedulers/balance_leader.go:228.117,231.19 3 1
github.com/pingcap/pd/v4/server/schedulers/balance_leader.go:236.2,238.19 3 1
github.com/pingcap/pd/v4/server/schedulers/balance_leader.go:247.2,251.115 3 1
github.com/pingcap/pd/v4/server/schedulers/balance_leader.go:254.2,255.22 2 1
github.com/pingcap/pd/v4/server/schedulers/balance_leader.go:260.2,260.62 1 1
github.com/pingcap/pd/v4/server/schedulers/balance_leader.go:231.19,235.3 3 1
github.com/pingcap/pd/v4/server/schedulers/balance_leader.go:238.19,246.3 3 1
github.com/pingcap/pd/v4/server/schedulers/balance_leader.go:251.115,253.3 1 1
github.com/pingcap/pd/v4/server/schedulers/balance_leader.go:255.22,259.3 3 1
github.com/pingcap/pd/v4/server/schedulers/balance_leader.go:267.148,268.33 1 1
github.com/pingcap/pd/v4/server/schedulers/balance_leader.go:274.2,279.85 5 1
github.com/pingcap/pd/v4/server/schedulers/balance_leader.go:284.2,285.16 2 1
github.com/pingcap/pd/v4/server/schedulers/balance_leader.go:289.2,297.33 4 1
github.com/pingcap/pd/v4/server/schedulers/balance_leader.go:268.33,272.3 3 0
github.com/pingcap/pd/v4/server/schedulers/balance_leader.go:279.85,282.3 2 1
github.com/pingcap/pd/v4/server/schedulers/balance_leader.go:285.16,288.3 2 0
github.com/pingcap/pd/v4/server/schedulers/balance_region.go:32.13,33.101 1 1
github.com/pingcap/pd/v4/server/schedulers/balance_region.go:48.2,48.179 1 1
github.com/pingcap/pd/v4/server/schedulers/balance_region.go:33.101,34.36 1 1
github.com/pingcap/pd/v4/server/schedulers/balance_region.go:34.36,36.11 2 1
github.com/pingcap/pd/v4/server/schedulers/balance_region.go:39.4,40.18 2 1
github.com/pingcap/pd/v4/server/schedulers/balance_region.go:43.4,45.14 3 1
github.com/pingcap/pd/v4/server/schedulers/balance_region.go:36.11,38.5 1 0
github.com/pingcap/pd/v4/server/schedulers/balance_region.go:40.18,42.5 1 0
github.com/pingcap/pd/v4/server/schedulers/balance_region.go:48.179,50.39 2 1
github.com/pingcap/pd/v4/server/schedulers/balance_region.go:53.3,53.60 1 1
github.com/pingcap/pd/v4/server/schedulers/balance_region.go:50.39,52.4 1 0
github.com/pingcap/pd/v4/server/schedulers/balance_region.go:81.165,89.33 3 1
github.com/pingcap/pd/v4/server/schedulers/balance_region.go:92.2,96.18 2 1
github.com/pingcap/pd/v4/server/schedulers/balance_region.go:89.33,91.3 1 1
github.com/pingcap/pd/v4/server/schedulers/balance_region.go:103.89,104.41 1 1
github.com/pingcap/pd/v4/server/schedulers/balance_region.go:104.41,106.3 1 1
github.com/pingcap/pd/v4/server/schedulers/balance_region.go:110.67,111.41 1 1
github.com/pingcap/pd/v4/server/schedulers/balance_region.go:111.41,113.3 1 1
github.com/pingcap/pd/v4/server/schedulers/balance_region.go:116.51,118.2 1 1
github.com/pingcap/pd/v4/server/schedulers/balance_region.go:120.51,122.2 1 0
github.com/pingcap/pd/v4/server/schedulers/balance_region.go:124.65,126.2 1 1
github.com/pingcap/pd/v4/server/schedulers/balance_region.go:128.78,130.2 1 1
github.com/pingcap/pd/v4/server/schedulers/balance_region.go:132.85,138.41 6 1
github.com/pingcap/pd/v4/server/schedulers/balance_region.go:144.2,144.32 1 1
github.com/pingcap/pd/v4/server/schedulers/balance_region.go:183.2,183.12 1 1
github.com/pingcap/pd/v4/server/schedulers/balance_region.go:138.41,143.3 3 1
github.com/pingcap/pd/v4/server/schedulers/balance_region.go:144.32,147.48 2 1
github.com/pingcap/pd/v4/server/schedulers/balance_region.go:147.48,151.21 2 1
github.com/pingcap/pd/v4/server/schedulers/balance_region.go:155.4,155.21 1 1
github.com/pingcap/pd/v4/server/schedulers/balance_region.go:159.4,159.21 1 1
github.com/pingcap/pd/v4/server/schedulers/balance_region.go:163.4,163.21 1 1
github.com/pingcap/pd/v4/server/schedulers/balance_region.go:167.4,170.35 2 1
github.com/pingcap/pd/v4/server/schedulers/balance_region.go:176.4,177.65 2 1
github.com/pingcap/pd/v4/server/schedulers/balance_region.go:151.21,154.5 1 1
github.com/pingcap/pd/v4/server/schedulers/balance_region.go:155.21,158.5 1 1
github.com/pingcap/pd/v4/server/schedulers/balance_region.go:159.21,162.5 1 1
github.com/pingcap/pd/v4/server/schedulers/balance_region.go:163.21,165.13 2 1
github.com/pingcap/pd/v4/server/schedulers/balance_region.go:170.35,173.13 3 0
github.com/pingcap/pd/v4/server/schedulers/balance_region.go:177.65,180.5 2 1
github.com/pingcap/pd/v4/server/schedulers/balance_region.go:187.134,191.19 3 1
github.com/pingcap/pd/v4/server/schedulers/balance_region.go:196.2,207.43 3 1
github.com/pingcap/pd/v4/server/schedulers/balance_region.go:236.2,237.12 2 1
github.com/pingcap/pd/v4/server/schedulers/balance_region.go:191.19,194.3 2 0
github.com/pingcap/pd/v4/server/schedulers/balance_region.go:207.43,215.86 7 1
github.com/pingcap/pd/v4/server/schedulers/balance_region.go:220.3,222.17 3 1
github.com/pingcap/pd/v4/server/schedulers/balance_region.go:226.3,233.12 4 1
github.com/pingcap/pd/v4/server/schedulers/balance_region.go:215.86,217.12 2 1
github.com/pingcap/pd/v4/server/schedulers/balance_region.go:222.17,225.4 2 0
github.com/pingcap/pd/v4/server/schedulers/hot_region.go:38.13,39.97 1 1
github.com/pingcap/pd/v4/server/schedulers/hot_region.go:44.2,44.175 1 1
github.com/pingcap/pd/v4/server/schedulers/hot_region.go:39.97,40.36 1 0
github.com/pingcap/pd/v4/server/schedulers/hot_region.go:40.36,42.4 1 0
github.com/pingcap/pd/v4/server/schedulers/hot_region.go:44.175,46.39 2 1
github.com/pingcap/pd/v4/server/schedulers/hot_region.go:49.3,50.50 2 1
github.com/pingcap/pd/v4/server/schedulers/hot_region.go:46.39,48.4 1 0
github.com/pingcap/pd/v4/server/schedulers/hot_region.go:54.2,55.181 1 1
github.com/pingcap/pd/v4/server/schedulers/hot_region.go:58.3,58.180 1 1
github.com/pingcap/pd/v4/server/schedulers/hot_region.go:55.181,57.4 1 1
github.com/pingcap/pd/v4/server/schedulers/hot_region.go:58.180,60.4 1 1
github.com/pingcap/pd/v4/server/schedulers/hot_region.go:108.111,120.56 3 1
github.com/pingcap/pd/v4/server/schedulers/hot_region.go:124.2,124.12 1 1
github.com/pingcap/pd/v4/server/schedulers/hot_region.go:120.56,123.3 2 1
github.com/pingcap/pd/v4/server/schedulers/hot_region.go:127.115,132.2 4 1
github.com/pingcap/pd/v4/server/schedulers/hot_region.go:134.116,139.2 4 1
github.com/pingcap/pd/v4/server/schedulers/hot_region.go:141.41,143.2 1 1
github.com/pingcap/pd/v4/server/schedulers/hot_region.go:145.41,147.2 1 0
github.com/pingcap/pd/v4/server/schedulers/hot_region.go:149.74,151.2 1 0
github.com/pingcap/pd/v4/server/schedulers/hot_region.go:153.55,155.2 1 0
github.com/pingcap/pd/v4/server/schedulers/hot_region.go:156.78,158.2 1 0
github.com/pingcap/pd/v4/server/schedulers/hot_region.go:160.68,162.2 1 0
github.com/pingcap/pd/v4/server/schedulers/hot_region.go:164.69,167.2 1 1
github.com/pingcap/pd/v4/server/schedulers/hot_region.go:169.69,171.2 1 1
github.com/pingcap/pd/v4/server/schedulers/hot_region.go:173.75,176.2 2 1
github.com/pingcap/pd/v4/server/schedulers/hot_region.go:178.87,184.13 4 1
github.com/pingcap/pd/v4/server/schedulers/hot_region.go:190.2,190.12 1 0
github.com/pingcap/pd/v4/server/schedulers/hot_region.go:185.12,186.42 1 1
github.com/pingcap/pd/v4/server/schedulers/hot_region.go:187.13,188.43 1 1
github.com/pingcap/pd/v4/server/schedulers/hot_region.go:193.63,200.2 5 1
github.com/pingcap/pd/v4/server/schedulers/hot_region.go:200.2,213.3 5 1
github.com/pingcap/pd/v4/server/schedulers/hot_region.go:215.2,237.3 6 1
github.com/pingcap/pd/v4/server/schedulers/hot_region.go:240.81,242.13 2 1
github.com/pingcap/pd/v4/server/schedulers/hot_region.go:243.13,245.56 2 1
github.com/pingcap/pd/v4/server/schedulers/hot_region.go:248.3,249.55 2 1
github.com/pingcap/pd/v4/server/schedulers/hot_region.go:252.3,252.28 1 1
github.com/pingcap/pd/v4/server/schedulers/hot_region.go:253.12,255.55 2 1
github.com/pingcap/pd/v4/server/schedulers/hot_region.go:258.3,259.54 2 1
github.com/pingcap/pd/v4/server/schedulers/hot_region.go:262.3,262.28 1 1
github.com/pingcap/pd/v4/server/schedulers/hot_region.go:263.10,264.41 1 0
github.com/pingcap/pd/v4/server/schedulers/hot_region.go:245.56,247.4 1 1
github.com/pingcap/pd/v4/server/schedulers/hot_region.go:249.55,251.4 1 1
github.com/pingcap/pd/v4/server/schedulers/hot_region.go:255.55,257.4 1 1
github.com/pingcap/pd/v4/server/schedulers/hot_region.go:259.54,261.4 1 1
github.com/pingcap/pd/v4/server/schedulers/hot_region.go:268.50,269.56 1 1
github.com/pingcap/pd/v4/server/schedulers/hot_region.go:272.2,272.22 1 1
github.com/pingcap/pd/v4/server/schedulers/hot_region.go:269.56,271.3 1 1
github.com/pingcap/pd/v4/server/schedulers/hot_region.go:275.43,276.51 1 1
github.com/pingcap/pd/v4/server/schedulers/hot_region.go:276.51,278.32 2 1
github.com/pingcap/pd/v4/server/schedulers/hot_region.go:289.3,289.12 1 1
github.com/pingcap/pd/v4/server/schedulers/hot_region.go:278.32,279.31 1 1
github.com/pingcap/pd/v4/server/schedulers/hot_region.go:285.4,285.27 1 1
github.com/pingcap/pd/v4/server/schedulers/hot_region.go:279.31,280.80 1 1
github.com/pingcap/pd/v4/server/schedulers/hot_region.go:280.80,283.6 2 0
github.com/pingcap/pd/v4/server/schedulers/hot_region.go:285.27,287.5 1 1
github.com/pingcap/pd/v4/server/schedulers/hot_region.go:289.12,291.4 1 1
github.com/pingcap/pd/v4/server/schedulers/hot_region.go:291.9,293.4 1 1
github.com/pingcap/pd/v4/server/schedulers/hot_region.go:309.31,316.42 5 1
github.com/pingcap/pd/v4/server/schedulers/hot_region.go:362.2,364.37 2 1
github.com/pingcap/pd/v4/server/schedulers/hot_region.go:385.2,385.19 1 1
github.com/pingcap/pd/v4/server/schedulers/hot_region.go:316.42,321.3 3 1
github.com/pingcap/pd/v4/server/schedulers/hot_region.go:345.3,360.4 5 1
github.com/pingcap/pd/v4/server/schedulers/hot_region.go:321.3,324.125 3 1
github.com/pingcap/pd/v4/server/schedulers/hot_region.go:330.4,330.48 1 1
github.com/pingcap/pd/v4/server/schedulers/hot_region.go:324.125,328.5 3 1
github.com/pingcap/pd/v4/server/schedulers/hot_region.go:330.48,333.5 2 1
github.com/pingcap/pd/v4/server/schedulers/hot_region.go:336.4,339.5 2 1
github.com/pingcap/pd/v4/server/schedulers/hot_region.go:340.4,343.5 2 1
github.com/pingcap/pd/v4/server/schedulers/hot_region.go:364.37,372.3 7 1
github.com/pingcap/pd/v4/server/schedulers/hot_region.go:372.3,375.4 2 1
github.com/pingcap/pd/v4/server/schedulers/hot_region.go:376.3,379.4 2 1
github.com/pingcap/pd/v4/server/schedulers/hot_region.go:380.3,383.4 2 1
github.com/pingcap/pd/v4/server/schedulers/hot_region.go:395.29,399.29 3 1
github.com/pingcap/pd/v4/server/schedulers/hot_region.go:408.2,409.25 2 1
github.com/pingcap/pd/v4/server/schedulers/hot_region.go:413.2,413.12 1 1
github.com/pingcap/pd/v4/server/schedulers/hot_region.go:399.29,403.91 1 1
github.com/pingcap/pd/v4/server/schedulers/hot_region.go:406.3,406.26 1 1
github.com/pingcap/pd/v4/server/schedulers/hot_region.go:403.91,404.12 1 1
github.com/pingcap/pd/v4/server/schedulers/hot_region.go:409.25,411.3 1 1
github.com/pingcap/pd/v4/server/schedulers/hot_region.go:426.51,428.23 1 1
github.com/pingcap/pd/v4/server/schedulers/hot_region.go:432.2,435.32 4 1
github.com/pingcap/pd/v4/server/schedulers/hot_region.go:448.2,449.18 2 1
github.com/pingcap/pd/v4/server/schedulers/hot_region.go:452.2,454.32 2 1
github.com/pingcap/pd/v4/server/schedulers/hot_region.go:464.2,468.30 4 1
github.com/pingcap/pd/v4/server/schedulers/hot_region.go:478.2,478.20 1 1
github.com/pingcap/pd/v4/server/schedulers/hot_region.go:428.23,431.3 2 0
github.com/pingcap/pd/v4/server/schedulers/hot_region.go:435.32,437.19 2 1
github.com/pingcap/pd/v4/server/schedulers/hot_region.go:440.3,441.25 2 1
github.com/pingcap/pd/v4/server/schedulers/hot_region.go:444.3,444.25 1 1
github.com/pingcap/pd/v4/server/schedulers/hot_region.go:437.19,439.4 1 1
github.com/pingcap/pd/v4/server/schedulers/hot_region.go:441.25,443.4 1 1
github.com/pingcap/pd/v4/server/schedulers/hot_region.go:444.25,446.4 1 0
github.com/pingcap/pd/v4/server/schedulers/hot_region.go:449.18,451.3 1 1
github.com/pingcap/pd/v4/server/schedulers/hot_region.go:454.32,456.16 2 1
github.com/pingcap/pd/v4/server/schedulers/hot_region.go:459.3,462.83 3 0
github.com/pingcap/pd/v4/server/schedulers/hot_region.go:456.16,457.12 1 1
github.com/pingcap/pd/v4/server/schedulers/hot_region.go:468.30,469.32 1 1
github.com/pingcap/pd/v4/server/schedulers/hot_region.go:469.32,472.17 3 0
github.com/pingcap/pd/v4/server/schedulers/hot_region.go:472.17,473.15 1 0
github.com/pingcap/pd/v4/server/schedulers/hot_region.go:481.45,482.25 1 0
github.com/pingcap/pd/v4/server/schedulers/hot_region.go:487.2,487.14 1 0
github.com/pingcap/pd/v4/server/schedulers/hot_region.go:482.25,483.15 1 0
github.com/pingcap/pd/v4/server/schedulers/hot_region.go:483.15,485.4 1 0
github.com/pingcap/pd/v4/server/schedulers/hot_region.go:490.124,492.25 2 1
github.com/pingcap/pd/v4/server/schedulers/hot_region.go:503.2,503.19 1 1
github.com/pingcap/pd/v4/server/schedulers/hot_region.go:493.12,494.112 1 0
github.com/pingcap/pd/v4/server/schedulers/hot_region.go:497.11,498.114 1 0
github.com/pingcap/pd/v4/server/schedulers/hot_region.go:501.13,501.13 0 1
github.com/pingcap/pd/v4/server/schedulers/hot_region.go:494.112,496.4 1 0
github.com/pingcap/pd/v4/server/schedulers/hot_region.go:498.114,500.4 1 0
github.com/pingcap/pd/v4/server/schedulers/hot_region.go:506.141,509.8 3 1
github.com/pingcap/pd/v4/server/schedulers/hot_region.go:514.2,519.2 5 1
github.com/pingcap/pd/v4/server/schedulers/hot_region.go:525.2,526.13 2 1
github.com/pingcap/pd/v4/server/schedulers/hot_region.go:509.8,512.3 2 0
github.com/pingcap/pd/v4/server/schedulers/hot_region.go:519.2,523.3 3 1
github.com/pingcap/pd/v4/server/schedulers/hot_region.go:529.88,533.18 3 1
github.com/pingcap/pd/v4/server/schedulers/hot_region.go:537.2,539.18 3 1
github.com/pingcap/pd/v4/server/schedulers/hot_region.go:543.2,544.12 2 1
github.com/pingcap/pd/v4/server/schedulers/hot_region.go:533.18,535.3 1 1
github.com/pingcap/pd/v4/server/schedulers/hot_region.go:539.18,541.3 1 1
github.com/pingcap/pd/v4/server/schedulers/hot_region.go:547.89,550.9 2 1
github.com/pingcap/pd/v4/server/schedulers/hot_region.go:560.2,562.18 3 1
github.com/pingcap/pd/v4/server/schedulers/hot_region.go:566.2,567.12 2 1
github.com/pingcap/pd/v4/server/schedulers/hot_region.go:551.35,554.19 3 1
github.com/pingcap/pd/v4/server/schedulers/hot_region.go:557.10,557.10 0 0
github.com/pingcap/pd/v4/server/schedulers/hot_region.go:554.19,556.4 1 1
github.com/pingcap/pd/v4/server/schedulers/hot_region.go:562.18,564.3 1 1
github.com/pingcap/pd/v4/server/schedulers/hot_region.go:596.33,597.42 1 1
github.com/pingcap/pd/v4/server/schedulers/hot_region.go:605.2,605.52 1 1
github.com/pingcap/pd/v4/server/schedulers/hot_region.go:609.2,617.41 4 1
github.com/pingcap/pd/v4/server/schedulers/hot_region.go:623.2,627.3 1 1
github.com/pingcap/pd/v4/server/schedulers/hot_region.go:598.17,599.51 1 1
github.com/pingcap/pd/v4/server/schedulers/hot_region.go:600.19,601.53 1 1
github.com/pingcap/pd/v4/server/schedulers/hot_region.go:602.18,603.52 1 1
github.com/pingcap/pd/v4/server/schedulers/hot_region.go:605.52,607.3 1 1
github.com/pingcap/pd/v4/server/schedulers/hot_region.go:617.41,621.3 3 1
github.com/pingcap/pd/v4/server/schedulers/hot_region.go:630.55,633.31 3 1
github.com/pingcap/pd/v4/server/schedulers/hot_region.go:639.2,639.12 1 1
github.com/pingcap/pd/v4/server/schedulers/hot_region.go:633.31,635.53 1 1
github.com/pingcap/pd/v4/server/schedulers/hot_region.go:635.53,637.4 1 1
github.com/pingcap/pd/v4/server/schedulers/hot_region.go:642.105,651.2 3 1
github.com/pingcap/pd/v4/server/schedulers/hot_region.go:653.41,654.67 1 1
github.com/pingcap/pd/v4/server/schedulers/hot_region.go:657.2,657.17 1 1
github.com/pingcap/pd/v4/server/schedulers/hot_region.go:662.2,662.17 1 1
github.com/pingcap/pd/v4/server/schedulers/hot_region.go:667.2,667.13 1 1
github.com/pingcap/pd/v4/server/schedulers/hot_region.go:654.67,656.3 1 0
github.com/pingcap/pd/v4/server/schedulers/hot_region.go:658.19,658.19 0 1
github.com/pingcap/pd/v4/server/schedulers/hot_region.go:659.10,660.15 1 0
github.com/pingcap/pd/v4/server/schedulers/hot_region.go:663.32,663.32 0 1
github.com/pingcap/pd/v4/server/schedulers/hot_region.go:664.10,665.15 1 0
github.com/pingcap/pd/v4/server/schedulers/hot_region.go:670.55,671.41 1 1
github.com/pingcap/pd/v4/server/schedulers/hot_region.go:674.2,681.47 3 1
github.com/pingcap/pd/v4/server/schedulers/hot_region.go:705.2,705.32 1 1
github.com/pingcap/pd/v4/server/schedulers/hot_region.go:711.2,711.12 1 1
github.com/pingcap/pd/v4/server/schedulers/hot_region.go:671.41,673.3 1 1
github.com/pingcap/pd/v4/server/schedulers/hot_region.go:681.47,684.51 2 1
github.com/pingcap/pd/v4/server/schedulers/hot_region.go:684.51,687.28 3 1
github.com/pingcap/pd/v4/server/schedulers/hot_region.go:690.4,690.49 1 1
github.com/pingcap/pd/v4/server/schedulers/hot_region.go:687.28,688.13 1 1
github.com/pingcap/pd/v4/server/schedulers/hot_region.go:690.49,693.58 3 1
github.com/pingcap/pd/v4/server/schedulers/hot_region.go:693.58,694.66 1 1
github.com/pingcap/pd/v4/server/schedulers/hot_region.go:694.66,699.7 4 1
github.com/pingcap/pd/v4/server/schedulers/hot_region.go:705.32,707.105 1 1
github.com/pingcap/pd/v4/server/schedulers/hot_region.go:707.105,709.4 1 0
github.com/pingcap/pd/v4/server/schedulers/hot_region.go:714.46,715.17 1 1
github.com/pingcap/pd/v4/server/schedulers/hot_region.go:716.16,717.48 1 1
github.com/pingcap/pd/v4/server/schedulers/hot_region.go:718.22,719.48 1 1
github.com/pingcap/pd/v4/server/schedulers/hot_region.go:720.10,721.15 1 0
github.com/pingcap/pd/v4/server/schedulers/hot_region.go:725.72,727.42 2 1
github.com/pingcap/pd/v4/server/schedulers/hot_region.go:742.2,742.12 1 1
github.com/pingcap/pd/v4/server/schedulers/hot_region.go:727.42,728.37 1 1
github.com/pingcap/pd/v4/server/schedulers/hot_region.go:732.3,732.32 1 1
github.com/pingcap/pd/v4/server/schedulers/hot_region.go:735.3,736.106 1 1
github.com/pingcap/pd/v4/server/schedulers/hot_region.go:740.3,740.96 1 1
github.com/pingcap/pd/v4/server/schedulers/hot_region.go:728.37,730.12 2 0
github.com/pingcap/pd/v4/server/schedulers/hot_region.go:732.32,733.12 1 1
github.com/pingcap/pd/v4/server/schedulers/hot_region.go:736.106,739.4 2 1
github.com/pingcap/pd/v4/server/schedulers/hot_region.go:745.69,751.110 3 1
github.com/pingcap/pd/v4/server/schedulers/hot_region.go:757.2,757.28 1 1
github.com/pingcap/pd/v4/server/schedulers/hot_region.go:765.2,767.43 3 0
github.com/pingcap/pd/v4/server/schedulers/hot_region.go:770.2,772.42 3 0
github.com/pingcap/pd/v4/server/schedulers/hot_region.go:776.2,777.30 2 0
github.com/pingcap/pd/v4/server/schedulers/hot_region.go:795.2,796.26 2 0
github.com/pingcap/pd/v4/server/schedulers/hot_region.go:799.2,799.12 1 0
github.com/pingcap/pd/v4/server/schedulers/hot_region.go:751.110,752.54 1 1
github.com/pingcap/pd/v4/server/schedulers/hot_region.go:755.3,755.15 1 1
github.com/pingcap/pd/v4/server/schedulers/hot_region.go:752.54,754.4 1 1
github.com/pingcap/pd/v4/server/schedulers/hot_region.go:757.28,759.28 2 1
github.com/pingcap/pd/v4/server/schedulers/hot_region.go:762.3,762.14 1 1
github.com/pingcap/pd/v4/server/schedulers/hot_region.go:759.28,761.4 1 1
github.com/pingcap/pd/v4/server/schedulers/hot_region.go:767.43,769.3 1 0
github.com/pingcap/pd/v4/server/schedulers/hot_region.go:772.42,774.3 1 0
github.com/pingcap/pd/v4/server/schedulers/hot_region.go:777.30,778.25 1 0
github.com/pingcap/pd/v4/server/schedulers/hot_region.go:786.3,786.24 1 0
github.com/pingcap/pd/v4/server/schedulers/hot_region.go:778.25,781.33 3 0
github.com/pingcap/pd/v4/server/schedulers/hot_region.go:781.33,783.10 2 0
github.com/pingcap/pd/v4/server/schedulers/hot_region.go:786.24,789.33 3 0
github.com/pingcap/pd/v4/server/schedulers/hot_region.go:789.33,791.10 2 0
github.com/pingcap/pd/v4/server/schedulers/hot_region.go:796.26,798.3 1 0
github.com/pingcap/pd/v4/server/schedulers/hot_region.go:803.74,804.19 1 1
github.com/pingcap/pd/v4/server/schedulers/hot_region.go:809.2,809.64 1 1
github.com/pingcap/pd/v4/server/schedulers/hot_region.go:819.2,819.52 1 1
github.com/pingcap/pd/v4/server/schedulers/hot_region.go:824.2,824.49 1 1
github.com/pingcap/pd/v4/server/schedulers/hot_region.go:830.2,830.13 1 1
github.com/pingcap/pd/v4/server/schedulers/hot_region.go:804.19,807.3 2 1
github.com/pingcap/pd/v4/server/schedulers/hot_region.go:809.64,810.32 1 0
github.com/pingcap/pd/v4/server/schedulers/hot_region.go:813.3,814.75 1 0
github.com/pingcap/pd/v4/server/schedulers/hot_region.go:810.32,812.4 1 0
github.com/pingcap/pd/v4/server/schedulers/hot_region.go:814.75,816.4 1 0
github.com/pingcap/pd/v4/server/schedulers/hot_region.go:819.52,822.3 2 0
github.com/pingcap/pd/v4/server/schedulers/hot_region.go:824.49,828.3 3 1
github.com/pingcap/pd/v4/server/schedulers/hot_region.go:833.55,835.35 2 1
github.com/pingcap/pd/v4/server/schedulers/hot_region.go:839.2,839.17 1 1
github.com/pingcap/pd/v4/server/schedulers/hot_region.go:855.2,855.15 1 1
github.com/pingcap/pd/v4/server/schedulers/hot_region.go:835.35,837.3 1 1
github.com/pingcap/pd/v4/server/schedulers/hot_region.go:840.16,842.21 2 1
github.com/pingcap/pd/v4/server/schedulers/hot_region.go:846.22,847.59 1 1
github.com/pingcap/pd/v4/server/schedulers/hot_region.go:851.10,852.13 1 0
github.com/pingcap/pd/v4/server/schedulers/hot_region.go:842.21,845.4 2 0
github.com/pingcap/pd/v4/server/schedulers/hot_region.go:847.59,850.4 2 0
github.com/pingcap/pd/v4/server/schedulers/hot_region.go:858.72,864.17 2 1
github.com/pingcap/pd/v4/server/schedulers/hot_region.go:890.2,890.46 1 1
github.com/pingcap/pd/v4/server/schedulers/hot_region.go:865.16,867.22 2 1
github.com/pingcap/pd/v4/server/schedulers/hot_region.go:870.3,877.38 2 1
github.com/pingcap/pd/v4/server/schedulers/hot_region.go:879.22,885.59 2 1
github.com/pingcap/pd/v4/server/schedulers/hot_region.go:887.10,888.13 1 0
github.com/pingcap/pd/v4/server/schedulers/hot_region.go:867.22,869.4 1 0
github.com/pingcap/pd/v4/server/schedulers/hot_region.go:893.123,896.35 3 1
github.com/pingcap/pd/v4/server/schedulers/hot_region.go:914.2,914.12 1 1
github.com/pingcap/pd/v4/server/schedulers/hot_region.go:896.35,898.52 1 1
github.com/pingcap/pd/v4/server/schedulers/hot_region.go:898.52,902.4 2 1
github.com/pingcap/pd/v4/server/schedulers/hot_region.go:902.9,903.49 1 1
github.com/pingcap/pd/v4/server/schedulers/hot_region.go:903.49,906.90 2 1
github.com/pingcap/pd/v4/server/schedulers/hot_region.go:910.5,910.107 1 1
github.com/pingcap/pd/v4/server/schedulers/hot_region.go:906.90,909.6 2 1
github.com/pingcap/pd/v4/server/schedulers/hot_region.go:919.48,924.51 5 1
github.com/pingcap/pd/v4/server/schedulers/hot_region.go:957.2,957.31 1 1
github.com/pingcap/pd/v4/server/schedulers/hot_region.go:924.51,927.55 1 1
github.com/pingcap/pd/v4/server/schedulers/hot_region.go:927.55,929.4 1 1
github.com/pingcap/pd/v4/server/schedulers/hot_region.go:930.8,931.47 1 1
github.com/pingcap/pd/v4/server/schedulers/hot_region.go:937.3,942.10 6 1
github.com/pingcap/pd/v4/server/schedulers/hot_region.go:931.47,932.16 1 1
github.com/pingcap/pd/v4/server/schedulers/hot_region.go:935.4,935.16 1 1
github.com/pingcap/pd/v4/server/schedulers/hot_region.go:932.16,934.5 1 0
github.com/pingcap/pd/v4/server/schedulers/hot_region.go:943.113,945.13 1 1
github.com/pingcap/pd/v4/server/schedulers/hot_region.go:946.91,948.13 1 1
github.com/pingcap/pd/v4/server/schedulers/hot_region.go:949.80,951.13 1 1
github.com/pingcap/pd/v4/server/schedulers/hot_region.go:952.49,954.13 1 1
github.com/pingcap/pd/v4/server/schedulers/hot_region.go:961.57,962.16 1 1
github.com/pingcap/pd/v4/server/schedulers/hot_region.go:966.2,966.9 1 1
github.com/pingcap/pd/v4/server/schedulers/hot_region.go:973.2,973.71 1 1
github.com/pingcap/pd/v4/server/schedulers/hot_region.go:979.2,979.71 1 1
github.com/pingcap/pd/v4/server/schedulers/hot_region.go:985.2,985.43 1 1
github.com/pingcap/pd/v4/server/schedulers/hot_region.go:1022.2,1022.14 1 1
github.com/pingcap/pd/v4/server/schedulers/hot_region.go:962.16,964.3 1 1
github.com/pingcap/pd/v4/server/schedulers/hot_region.go:967.52,968.14 1 1
github.com/pingcap/pd/v4/server/schedulers/hot_region.go:969.52,970.15 1 1
github.com/pingcap/pd/v4/server/schedulers/hot_region.go:973.71,975.3 1 1
github.com/pingcap/pd/v4/server/schedulers/hot_region.go:975.8,975.18 1 1
github.com/pingcap/pd/v4/server/schedulers/hot_region.go:975.18,977.3 1 1
github.com/pingcap/pd/v4/server/schedulers/hot_region.go:979.71,981.3 1 1
github.com/pingcap/pd/v4/server/schedulers/hot_region.go:981.8,981.18 1 1
github.com/pingcap/pd/v4/server/schedulers/hot_region.go:981.18,983.3 1 1
github.com/pingcap/pd/v4/server/schedulers/hot_region.go:985.43,988.52 1 1
github.com/pingcap/pd/v4/server/schedulers/hot_region.go:988.52,989.11 1 1
github.com/pingcap/pd/v4/server/schedulers/hot_region.go:990.72,991.16 1 0
github.com/pingcap/pd/v4/server/schedulers/hot_region.go:992.72,993.17 1 0
github.com/pingcap/pd/v4/server/schedulers/hot_region.go:995.9,999.34 3 1
github.com/pingcap/pd/v4/server/schedulers/hot_region.go:1000.12,1001.22 1 1
github.com/pingcap/pd/v4/server/schedulers/hot_region.go:1004.5,1004.23 1 1
github.com/pingcap/pd/v4/server/schedulers/hot_region.go:1008.12,1009.22 1 1
github.com/pingcap/pd/v4/server/schedulers/hot_region.go:1012.5,1012.16 1 1
github.com/pingcap/pd/v4/server/schedulers/hot_region.go:1013.12,1014.23 1 1
github.com/pingcap/pd/v4/server/schedulers/hot_region.go:1001.22,1003.6 1 0
github.com/pingcap/pd/v4/server/schedulers/hot_region.go:1004.23,1007.6 1 0
github.com/pingcap/pd/v4/server/schedulers/hot_region.go:1009.22,1011.6 1 0
github.com/pingcap/pd/v4/server/schedulers/hot_region.go:1014.23,1017.6 1 0
github.com/pingcap/pd/v4/server/schedulers/hot_region.go:1026.63,1027.16 1 1
github.com/pingcap/pd/v4/server/schedulers/hot_region.go:1058.2,1058.10 1 1
github.com/pingcap/pd/v4/server/schedulers/hot_region.go:1027.16,1030.52 2 1
github.com/pingcap/pd/v4/server/schedulers/hot_region.go:1054.3,1056.25 3 1
github.com/pingcap/pd/v4/server/schedulers/hot_region.go:1030.52,1042.4 1 0
github.com/pingcap/pd/v4/server/schedulers/hot_region.go:1042.9,1052.4 1 1
github.com/pingcap/pd/v4/server/schedulers/hot_region.go:1062.63,1063.16 1 1
github.com/pingcap/pd/v4/server/schedulers/hot_region.go:1093.2,1093.10 1 1
github.com/pingcap/pd/v4/server/schedulers/hot_region.go:1063.16,1066.52 2 1
github.com/pingcap/pd/v4/server/schedulers/hot_region.go:1089.3,1091.25 3 1
github.com/pingcap/pd/v4/server/schedulers/hot_region.go:1066.52,1077.4 1 1
github.com/pingcap/pd/v4/server/schedulers/hot_region.go:1077.9,1087.4 1 1
github.com/pingcap/pd/v4/server/schedulers/hot_region.go:1096.62,1097.34 1 1
github.com/pingcap/pd/v4/server/schedulers/hot_region.go:1097.34,1099.3 1 1
github.com/pingcap/pd/v4/server/schedulers/hot_region.go:1102.48,1104.53 1 1
github.com/pingcap/pd/v4/server/schedulers/hot_region.go:1107.2,1108.52 1 1
github.com/pingcap/pd/v4/server/schedulers/hot_region.go:1111.2,1111.13 1 1
github.com/pingcap/pd/v4/server/schedulers/hot_region.go:1104.53,1106.3 1 0
github.com/pingcap/pd/v4/server/schedulers/hot_region.go:1108.52,1110.3 1 0
github.com/pingcap/pd/v4/server/schedulers/hot_region.go:1114.79,1115.26 1 1
github.com/pingcap/pd/v4/server/schedulers/hot_region.go:1118.2,1124.17 2 1
github.com/pingcap/pd/v4/server/schedulers/hot_region.go:1155.2,1155.16 1 1
github.com/pingcap/pd/v4/server/schedulers/hot_region.go:1161.2,1173.52 5 1
github.com/pingcap/pd/v4/server/schedulers/hot_region.go:1115.26,1117.3 1 0
github.com/pingcap/pd/v4/server/schedulers/hot_region.go:1125.16,1138.109 4 1
github.com/pingcap/pd/v4/server/schedulers/hot_region.go:1139.22,1140.60 1 1
github.com/pingcap/pd/v4/server/schedulers/hot_region.go:1143.3,1152.108 2 1
github.com/pingcap/pd/v4/server/schedulers/hot_region.go:1140.60,1142.4 1 0
github.com/pingcap/pd/v4/server/schedulers/hot_region.go:1155.16,1159.3 3 0
github.com/pingcap/pd/v4/server/schedulers/hot_region.go:1176.74,1180.52 4 0
github.com/pingcap/pd/v4/server/schedulers/hot_region.go:1183.2,1185.3 1 0
github.com/pingcap/pd/v4/server/schedulers/hot_region.go:1180.52,1182.3 1 0
github.com/pingcap/pd/v4/server/schedulers/hot_region.go:1188.75,1193.53 5 0
github.com/pingcap/pd/v4/server/schedulers/hot_region.go:1196.2,1196.51 1 0
github.com/pingcap/pd/v4/server/schedulers/hot_region.go:1199.2,1202.3 1 0
github.com/pingcap/pd/v4/server/schedulers/hot_region.go:1193.53,1195.3 1 0
github.com/pingcap/pd/v4/server/schedulers/hot_region.go:1196.51,1198.3 1 0
github.com/pingcap/pd/v4/server/schedulers/hot_region.go:1205.72,1207.2 1 0
github.com/pingcap/pd/v4/server/schedulers/hot_region.go:1209.71,1211.2 1 0
github.com/pingcap/pd/v4/server/schedulers/hot_region.go:1213.83,1218.35 5 0
github.com/pingcap/pd/v4/server/schedulers/hot_region.go:1221.2,1221.12 1 0
github.com/pingcap/pd/v4/server/schedulers/hot_region.go:1218.35,1220.3 1 0
github.com/pingcap/pd/v4/server/schedulers/hot_region.go:1224.73,1225.44 1 1
github.com/pingcap/pd/v4/server/schedulers/hot_region.go:1228.2,1229.35 2 1
github.com/pingcap/pd/v4/server/schedulers/hot_region.go:1232.2,1232.16 1 1
github.com/pingcap/pd/v4/server/schedulers/hot_region.go:1225.44,1227.3 1 0
github.com/pingcap/pd/v4/server/schedulers/hot_region.go:1229.35,1231.3 1 1
github.com/pingcap/pd/v4/server/schedulers/hot_region.go:1233.24,1236.32 3 0
github.com/pingcap/pd/v4/server/schedulers/hot_region.go:1240.3,1240.65 1 0
github.com/pingcap/pd/v4/server/schedulers/hot_region.go:1241.10,1242.11 1 1
github.com/pingcap/pd/v4/server/schedulers/hot_region.go:1236.32,1238.4 1 0
github.com/pingcap/pd/v4/server/schedulers/hot_region.go:1246.48,1247.56 1 1
github.com/pingcap/pd/v4/server/schedulers/hot_region.go:1251.2,1251.59 1 1
github.com/pingcap/pd/v4/server/schedulers/hot_region.go:1247.56,1250.3 2 1
github.com/pingcap/pd/v4/server/schedulers/hot_region.go:1262.34,1263.12 1 1
github.com/pingcap/pd/v4/server/schedulers/hot_region.go:1264.12,1265.16 1 1
github.com/pingcap/pd/v4/server/schedulers/hot_region.go:1266.13,1267.17 1 1
github.com/pingcap/pd/v4/server/schedulers/hot_region.go:1268.10,1269.12 1 0
github.com/pingcap/pd/v4/server/schedulers/hot_region.go:1288.34,1289.12 1 1
github.com/pingcap/pd/v4/server/schedulers/hot_region.go:1290.16,1291.21 1 1
github.com/pingcap/pd/v4/server/schedulers/hot_region.go:1292.22,1293.27 1 1
github.com/pingcap/pd/v4/server/schedulers/hot_region.go:1294.10,1295.12 1 0
github.com/pingcap/pd/v4/server/schedulers/hot_region.go:1308.60,1309.14 1 1
github.com/pingcap/pd/v4/server/schedulers/hot_region.go:1320.2,1320.94 1 0
github.com/pingcap/pd/v4/server/schedulers/hot_region.go:1310.13,1311.15 1 1
github.com/pingcap/pd/v4/server/schedulers/hot_region.go:1317.12,1318.20 1 1
github.com/pingcap/pd/v4/server/schedulers/hot_region.go:1312.17,1313.20 1 1
github.com/pingcap/pd/v4/server/schedulers/hot_region.go:1314.23,1315.22 1 1
github.com/pingcap/pd/v4/server/schedulers/metrics.go:106.13,118.2 11 1
github.com/pingcap/pd/v4/server/schedulers/random_merge.go:37.13,38.99 1 1
github.com/pingcap/pd/v4/server/schedulers/random_merge.go:53.2,53.177 1 1
github.com/pingcap/pd/v4/server/schedulers/random_merge.go:38.99,39.36 1 1
github.com/pingcap/pd/v4/server/schedulers/random_merge.go:39.36,41.11 2 1
github.com/pingcap/pd/v4/server/schedulers/random_merge.go:44.4,45.18 2 1
github.com/pingcap/pd/v4/server/schedulers/random_merge.go:48.4,50.14 3 1
github.com/pingcap/pd/v4/server/schedulers/random_merge.go:41.11,43.5 1 0
github.com/pingcap/pd/v4/server/schedulers/random_merge.go:45.18,47.5 1 0
github.com/pingcap/pd/v4/server/schedulers/random_merge.go:53.177,55.39 2 1
github.com/pingcap/pd/v4/server/schedulers/random_merge.go:58.3,58.58 1 1
github.com/pingcap/pd/v4/server/schedulers/random_merge.go:55.39,57.4 1 0
github.com/pingcap/pd/v4/server/schedulers/random_merge.go:74.126,80.2 2 1
github.com/pingcap/pd/v4/server/schedulers/random_merge.go:82.49,84.2 1 1
github.com/pingcap/pd/v4/server/schedulers/random_merge.go:86.49,88.2 1 0
github.com/pingcap/pd/v4/server/schedulers/random_merge.go:90.63,92.2 1 1
github.com/pingcap/pd/v4/server/schedulers/random_merge.go:94.76,96.2 1 1
github.com/pingcap/pd/v4/server/schedulers/random_merge.go:98.83,104.18 3 1
github.com/pingcap/pd/v4/server/schedulers/random_merge.go:108.2,109.19 2 1
github.com/pingcap/pd/v4/server/schedulers/random_merge.go:114.2,115.95 2 1
github.com/pingcap/pd/v4/server/schedulers/random_merge.go:118.2,118.19 1 1
github.com/pingcap/pd/v4/server/schedulers/random_merge.go:123.2,123.44 1 1
github.com/pingcap/pd/v4/server/schedulers/random_merge.go:128.2,129.16 2 1
github.com/pingcap/pd/v4/server/schedulers/random_merge.go:133.2,134.12 2 1
github.com/pingcap/pd/v4/server/schedulers/random_merge.go:104.18,107.3 2 0
github.com/pingcap/pd/v4/server/schedulers/random_merge.go:109.19,112.3 2 0
github.com/pingcap/pd/v4/server/schedulers/random_merge.go:115.95,117.3 1 1
github.com/pingcap/pd/v4/server/schedulers/random_merge.go:118.19,121.3 2 0
github.com/pingcap/pd/v4/server/schedulers/random_merge.go:123.44,126.3 2 1
github.com/pingcap/pd/v4/server/schedulers/random_merge.go:129.16,132.3 2 0
github.com/pingcap/pd/v4/server/schedulers/random_merge.go:137.102,138.84 1 1
github.com/pingcap/pd/v4/server/schedulers/random_merge.go:141.2,141.90 1 1
github.com/pingcap/pd/v4/server/schedulers/random_merge.go:144.2,144.64 1 1
github.com/pingcap/pd/v4/server/schedulers/random_merge.go:147.2,147.52 1 1
github.com/pingcap/pd/v4/server/schedulers/random_merge.go:138.84,140.3 1 0
github.com/pingcap/pd/v4/server/schedulers/random_merge.go:141.90,143.3 1 1
github.com/pingcap/pd/v4/server/schedulers/random_merge.go:144.64,146.3 1 0
