mode: set
github.com/pingcap/pd/v4/server/schedulers/evict_leader.go:46.13,47.99 1 1
github.com/pingcap/pd/v4/server/schedulers/evict_leader.go:71.2,71.177 1 1
github.com/pingcap/pd/v4/server/schedulers/evict_leader.go:47.99,48.36 1 1
github.com/pingcap/pd/v4/server/schedulers/evict_leader.go:48.36,49.22 1 1
github.com/pingcap/pd/v4/server/schedulers/evict_leader.go:52.4,53.11 2 1
github.com/pingcap/pd/v4/server/schedulers/evict_leader.go:57.4,58.18 2 1
github.com/pingcap/pd/v4/server/schedulers/evict_leader.go:61.4,62.18 2 1
github.com/pingcap/pd/v4/server/schedulers/evict_leader.go:65.4,66.14 2 1
github.com/pingcap/pd/v4/server/schedulers/evict_leader.go:49.22,51.5 1 0
github.com/pingcap/pd/v4/server/schedulers/evict_leader.go:53.11,55.5 1 0
github.com/pingcap/pd/v4/server/schedulers/evict_leader.go:58.18,60.5 1 0
github.com/pingcap/pd/v4/server/schedulers/evict_leader.go:62.18,64.5 1 0
github.com/pingcap/pd/v4/server/schedulers/evict_leader.go:71.177,73.39 2 1
github.com/pingcap/pd/v4/server/schedulers/evict_leader.go:76.3,77.58 2 1
github.com/pingcap/pd/v4/server/schedulers/evict_leader.go:73.39,75.4 1 0
github.com/pingcap/pd/v4/server/schedulers/evict_leader.go:88.76,89.20 1 0
github.com/pingcap/pd/v4/server/schedulers/evict_leader.go:93.2,94.16 2 0
github.com/pingcap/pd/v4/server/schedulers/evict_leader.go:97.2,98.16 2 0
github.com/pingcap/pd/v4/server/schedulers/evict_leader.go:101.2,104.12 4 0
github.com/pingcap/pd/v4/server/schedulers/evict_leader.go:89.20,91.3 1 0
github.com/pingcap/pd/v4/server/schedulers/evict_leader.go:94.16,96.3 1 0
github.com/pingcap/pd/v4/server/schedulers/evict_leader.go:98.16,100.3 1 0
github.com/pingcap/pd/v4/server/schedulers/evict_leader.go:107.77,113.2 3 0
github.com/pingcap/pd/v4/server/schedulers/evict_leader.go:115.57,120.16 5 0
github.com/pingcap/pd/v4/server/schedulers/evict_leader.go:123.2,124.12 2 0
github.com/pingcap/pd/v4/server/schedulers/evict_leader.go:120.16,122.3 1 0
github.com/pingcap/pd/v4/server/schedulers/evict_leader.go:127.67,129.2 1 0
github.com/pingcap/pd/v4/server/schedulers/evict_leader.go:131.71,136.28 5 0
github.com/pingcap/pd/v4/server/schedulers/evict_leader.go:140.2,140.12 1 0
github.com/pingcap/pd/v4/server/schedulers/evict_leader.go:136.28,139.3 2 0
github.com/pingcap/pd/v4/server/schedulers/evict_leader.go:143.102,148.12 5 0
github.com/pingcap/pd/v4/server/schedulers/evict_leader.go:154.2,154.19 1 0
github.com/pingcap/pd/v4/server/schedulers/evict_leader.go:148.12,153.3 4 0
github.com/pingcap/pd/v4/server/schedulers/evict_leader.go:166.126,179.2 4 1
github.com/pingcap/pd/v4/server/schedulers/evict_leader.go:181.82,183.2 1 0
github.com/pingcap/pd/v4/server/schedulers/evict_leader.go:185.49,187.2 1 1
github.com/pingcap/pd/v4/server/schedulers/evict_leader.go:189.49,191.2 1 0
github.com/pingcap/pd/v4/server/schedulers/evict_leader.go:193.63,197.2 3 1
github.com/pingcap/pd/v4/server/schedulers/evict_leader.go:199.67,203.43 4 0
github.com/pingcap/pd/v4/server/schedulers/evict_leader.go:208.2,208.12 1 0
github.com/pingcap/pd/v4/server/schedulers/evict_leader.go:203.43,204.48 1 0
github.com/pingcap/pd/v4/server/schedulers/evict_leader.go:204.48,206.4 1 0
github.com/pingcap/pd/v4/server/schedulers/evict_leader.go:211.61,214.43 3 0
github.com/pingcap/pd/v4/server/schedulers/evict_leader.go:214.43,216.3 1 0
github.com/pingcap/pd/v4/server/schedulers/evict_leader.go:219.76,221.2 1 1
github.com/pingcap/pd/v4/server/schedulers/evict_leader.go:223.87,225.51 2 1
github.com/pingcap/pd/v4/server/schedulers/evict_leader.go:245.2,245.12 1 1
github.com/pingcap/pd/v4/server/schedulers/evict_leader.go:225.51,227.20 2 1
github.com/pingcap/pd/v4/server/schedulers/evict_leader.go:231.3,232.20 2 1
github.com/pingcap/pd/v4/server/schedulers/evict_leader.go:236.3,237.17 2 1
github.com/pingcap/pd/v4/server/schedulers/evict_leader.go:241.3,243.24 3 1
github.com/pingcap/pd/v4/server/schedulers/evict_leader.go:227.20,229.12 2 0
github.com/pingcap/pd/v4/server/schedulers/evict_leader.go:232.20,234.12 2 1
github.com/pingcap/pd/v4/server/schedulers/evict_leader.go:237.17,239.12 2 0
github.com/pingcap/pd/v4/server/schedulers/evict_leader.go:248.119,250.21 2 1
github.com/pingcap/pd/v4/server/schedulers/evict_leader.go:253.2,253.21 1 1
github.com/pingcap/pd/v4/server/schedulers/evict_leader.go:260.2,260.12 1 1
github.com/pingcap/pd/v4/server/schedulers/evict_leader.go:250.21,252.3 1 1
github.com/pingcap/pd/v4/server/schedulers/evict_leader.go:253.21,254.48 1 1
github.com/pingcap/pd/v4/server/schedulers/evict_leader.go:257.3,258.28 2 1
github.com/pingcap/pd/v4/server/schedulers/evict_leader.go:254.48,255.12 1 1
github.com/pingcap/pd/v4/server/schedulers/evict_leader.go:263.83,269.44 5 1
github.com/pingcap/pd/v4/server/schedulers/evict_leader.go:282.2,282.12 1 1
github.com/pingcap/pd/v4/server/schedulers/evict_leader.go:269.44,272.21 2 1
github.com/pingcap/pd/v4/server/schedulers/evict_leader.go:275.3,277.38 2 1
github.com/pingcap/pd/v4/server/schedulers/evict_leader.go:272.21,273.9 1 1
github.com/pingcap/pd/v4/server/schedulers/evict_leader.go:277.38,278.9 1 0
github.com/pingcap/pd/v4/server/schedulers/evict_leader.go:290.89,292.84 2 0
github.com/pingcap/pd/v4/server/schedulers/evict_leader.go:295.2,299.8 5 0
github.com/pingcap/pd/v4/server/schedulers/evict_leader.go:310.2,311.8 2 0
github.com/pingcap/pd/v4/server/schedulers/evict_leader.go:317.2,319.16 3 0
github.com/pingcap/pd/v4/server/schedulers/evict_leader.go:323.2,323.40 1 0
github.com/pingcap/pd/v4/server/schedulers/evict_leader.go:292.84,294.3 1 0
github.com/pingcap/pd/v4/server/schedulers/evict_leader.go:299.8,301.64 2 0
github.com/pingcap/pd/v4/server/schedulers/evict_leader.go:307.3,307.50 1 0
github.com/pingcap/pd/v4/server/schedulers/evict_leader.go:301.64,302.64 1 0
github.com/pingcap/pd/v4/server/schedulers/evict_leader.go:302.64,305.5 2 0
github.com/pingcap/pd/v4/server/schedulers/evict_leader.go:311.8,313.3 1 0
github.com/pingcap/pd/v4/server/schedulers/evict_leader.go:313.8,313.19 1 0
github.com/pingcap/pd/v4/server/schedulers/evict_leader.go:313.19,315.3 1 0
github.com/pingcap/pd/v4/server/schedulers/evict_leader.go:319.16,322.3 2 0
github.com/pingcap/pd/v4/server/schedulers/evict_leader.go:326.87,329.2 2 0
github.com/pingcap/pd/v4/server/schedulers/evict_leader.go:331.89,334.16 3 0
github.com/pingcap/pd/v4/server/schedulers/evict_leader.go:339.2,341.10 3 0
github.com/pingcap/pd/v4/server/schedulers/evict_leader.go:362.2,362.68 1 0
github.com/pingcap/pd/v4/server/schedulers/evict_leader.go:334.16,337.3 2 0
github.com/pingcap/pd/v4/server/schedulers/evict_leader.go:341.10,343.17 2 0
github.com/pingcap/pd/v4/server/schedulers/evict_leader.go:347.3,347.11 1 0
github.com/pingcap/pd/v4/server/schedulers/evict_leader.go:358.3,359.9 2 0
github.com/pingcap/pd/v4/server/schedulers/evict_leader.go:343.17,346.4 2 0
github.com/pingcap/pd/v4/server/schedulers/evict_leader.go:347.11,348.82 1 0
github.com/pingcap/pd/v4/server/schedulers/evict_leader.go:356.4,356.30 1 0
github.com/pingcap/pd/v4/server/schedulers/evict_leader.go:348.82,349.36 1 0
github.com/pingcap/pd/v4/server/schedulers/evict_leader.go:354.5,354.11 1 0
github.com/pingcap/pd/v4/server/schedulers/evict_leader.go:349.36,351.6 1 0
github.com/pingcap/pd/v4/server/schedulers/evict_leader.go:351.11,353.6 1 0
github.com/pingcap/pd/v4/server/schedulers/evict_leader.go:365.77,375.2 6 1
github.com/pingcap/pd/v4/server/schedulers/label.go:35.13,36.93 1 1
github.com/pingcap/pd/v4/server/schedulers/label.go:52.2,52.171 1 1
github.com/pingcap/pd/v4/server/schedulers/label.go:36.93,37.36 1 1
github.com/pingcap/pd/v4/server/schedulers/label.go:37.36,39.11 2 1
github.com/pingcap/pd/v4/server/schedulers/label.go:42.4,43.18 2 1
github.com/pingcap/pd/v4/server/schedulers/label.go:46.4,48.14 3 1
github.com/pingcap/pd/v4/server/schedulers/label.go:39.11,41.5 1 0
github.com/pingcap/pd/v4/server/schedulers/label.go:43.18,45.5 1 0
github.com/pingcap/pd/v4/server/schedulers/label.go:52.171,54.39 2 1
github.com/pingcap/pd/v4/server/schedulers/label.go:57.3,57.52 1 1
github.com/pingcap/pd/v4/server/schedulers/label.go:54.39,56.4 1 0
github.com/pingcap/pd/v4/server/schedulers/label.go:75.114,85.2 3 1
github.com/pingcap/pd/v4/server/schedulers/label.go:87.43,89.2 1 1
github.com/pingcap/pd/v4/server/schedulers/label.go:91.43,93.2 1 0
github.com/pingcap/pd/v4/server/schedulers/label.go:95.57,97.2 1 1
github.com/pingcap/pd/v4/server/schedulers/label.go:99.70,101.2 1 0
github.com/pingcap/pd/v4/server/schedulers/label.go:103.77,107.27 4 1
github.com/pingcap/pd/v4/server/schedulers/label.go:112.2,112.34 1 1
github.com/pingcap/pd/v4/server/schedulers/label.go:116.2,117.37 2 1
github.com/pingcap/pd/v4/server/schedulers/label.go:144.2,145.12 2 0
github.com/pingcap/pd/v4/server/schedulers/label.go:107.27,108.66 1 1
github.com/pingcap/pd/v4/server/schedulers/label.go:108.66,110.4 1 1
github.com/pingcap/pd/v4/server/schedulers/label.go:112.34,115.3 2 0
github.com/pingcap/pd/v4/server/schedulers/label.go:117.37,118.75 1 1
github.com/pingcap/pd/v4/server/schedulers/label.go:118.75,121.44 3 1
github.com/pingcap/pd/v4/server/schedulers/label.go:124.4,124.47 1 1
github.com/pingcap/pd/v4/server/schedulers/label.go:127.4,129.21 3 1
github.com/pingcap/pd/v4/server/schedulers/label.go:135.4,136.18 2 1
github.com/pingcap/pd/v4/server/schedulers/label.go:140.4,141.35 2 1
github.com/pingcap/pd/v4/server/schedulers/label.go:121.44,123.5 1 0
github.com/pingcap/pd/v4/server/schedulers/label.go:124.47,126.5 1 1
github.com/pingcap/pd/v4/server/schedulers/label.go:129.21,132.13 3 0
github.com/pingcap/pd/v4/server/schedulers/label.go:136.18,139.5 2 0
github.com/pingcap/pd/v4/server/schedulers/shuffle_hot_region.go:38.13,39.104 1 1
github.com/pingcap/pd/v4/server/schedulers/shuffle_hot_region.go:58.2,58.182 1 1
github.com/pingcap/pd/v4/server/schedulers/shuffle_hot_region.go:39.104,40.36 1 1
github.com/pingcap/pd/v4/server/schedulers/shuffle_hot_region.go:40.36,42.11 2 1
github.com/pingcap/pd/v4/server/schedulers/shuffle_hot_region.go:45.4,46.22 2 1
github.com/pingcap/pd/v4/server/schedulers/shuffle_hot_region.go:53.4,54.14 2 1
github.com/pingcap/pd/v4/server/schedulers/shuffle_hot_region.go:42.11,44.5 1 0
github.com/pingcap/pd/v4/server/schedulers/shuffle_hot_region.go:46.22,48.19 2 0
github.com/pingcap/pd/v4/server/schedulers/shuffle_hot_region.go:51.5,51.23 1 0
github.com/pingcap/pd/v4/server/schedulers/shuffle_hot_region.go:48.19,50.6 1 0
github.com/pingcap/pd/v4/server/schedulers/shuffle_hot_region.go:58.182,60.39 2 1
github.com/pingcap/pd/v4/server/schedulers/shuffle_hot_region.go:63.3,63.63 1 1
github.com/pingcap/pd/v4/server/schedulers/shuffle_hot_region.go:60.39,62.4 1 0
github.com/pingcap/pd/v4/server/schedulers/shuffle_hot_region.go:85.136,93.56 3 1
github.com/pingcap/pd/v4/server/schedulers/shuffle_hot_region.go:96.2,96.12 1 1
github.com/pingcap/pd/v4/server/schedulers/shuffle_hot_region.go:93.56,95.3 1 1
github.com/pingcap/pd/v4/server/schedulers/shuffle_hot_region.go:99.54,101.2 1 1
github.com/pingcap/pd/v4/server/schedulers/shuffle_hot_region.go:103.54,105.2 1 0
github.com/pingcap/pd/v4/server/schedulers/shuffle_hot_region.go:107.68,109.2 1 1
github.com/pingcap/pd/v4/server/schedulers/shuffle_hot_region.go:111.81,115.2 1 0
github.com/pingcap/pd/v4/server/schedulers/shuffle_hot_region.go:117.88,121.2 3 1
github.com/pingcap/pd/v4/server/schedulers/shuffle_hot_region.go:123.100,127.13 4 1
github.com/pingcap/pd/v4/server/schedulers/shuffle_hot_region.go:151.2,151.12 1 0
github.com/pingcap/pd/v4/server/schedulers/shuffle_hot_region.go:128.12,138.62 3 1
github.com/pingcap/pd/v4/server/schedulers/shuffle_hot_region.go:139.13,149.63 3 1
github.com/pingcap/pd/v4/server/schedulers/shuffle_hot_region.go:154.134,155.36 1 1
github.com/pingcap/pd/v4/server/schedulers/shuffle_hot_region.go:213.2,214.12 2 1
github.com/pingcap/pd/v4/server/schedulers/shuffle_hot_region.go:155.36,156.31 1 1
github.com/pingcap/pd/v4/server/schedulers/shuffle_hot_region.go:159.3,163.102 4 1
github.com/pingcap/pd/v4/server/schedulers/shuffle_hot_region.go:166.3,168.22 3 1
github.com/pingcap/pd/v4/server/schedulers/shuffle_hot_region.go:172.3,173.40 2 1
github.com/pingcap/pd/v4/server/schedulers/shuffle_hot_region.go:179.3,186.32 4 1
github.com/pingcap/pd/v4/server/schedulers/shuffle_hot_region.go:192.3,192.29 1 1
github.com/pingcap/pd/v4/server/schedulers/shuffle_hot_region.go:196.3,197.23 2 1
github.com/pingcap/pd/v4/server/schedulers/shuffle_hot_region.go:200.3,201.21 2 1
github.com/pingcap/pd/v4/server/schedulers/shuffle_hot_region.go:204.3,206.17 3 1
github.com/pingcap/pd/v4/server/schedulers/shuffle_hot_region.go:210.3,211.34 2 1
github.com/pingcap/pd/v4/server/schedulers/shuffle_hot_region.go:156.31,157.12 1 1
github.com/pingcap/pd/v4/server/schedulers/shuffle_hot_region.go:163.102,164.12 1 0
github.com/pingcap/pd/v4/server/schedulers/shuffle_hot_region.go:168.22,170.4 1 0
github.com/pingcap/pd/v4/server/schedulers/shuffle_hot_region.go:173.40,175.4 1 1
github.com/pingcap/pd/v4/server/schedulers/shuffle_hot_region.go:175.9,177.4 1 1
github.com/pingcap/pd/v4/server/schedulers/shuffle_hot_region.go:186.32,187.47 1 1
github.com/pingcap/pd/v4/server/schedulers/shuffle_hot_region.go:190.4,190.54 1 1
github.com/pingcap/pd/v4/server/schedulers/shuffle_hot_region.go:187.47,188.13 1 1
github.com/pingcap/pd/v4/server/schedulers/shuffle_hot_region.go:192.29,194.4 1 0
github.com/pingcap/pd/v4/server/schedulers/shuffle_hot_region.go:197.23,199.4 1 0
github.com/pingcap/pd/v4/server/schedulers/shuffle_hot_region.go:201.21,203.4 1 0
github.com/pingcap/pd/v4/server/schedulers/shuffle_hot_region.go:206.17,209.4 2 0
github.com/pingcap/pd/v4/server/schedulers/scatter_range.go:31.13,33.100 1 1
github.com/pingcap/pd/v4/server/schedulers/scatter_range.go:52.2,52.178 1 1
github.com/pingcap/pd/v4/server/schedulers/scatter_range.go:33.100,34.36 1 1
github.com/pingcap/pd/v4/server/schedulers/scatter_range.go:34.36,35.22 1 1
github.com/pingcap/pd/v4/server/schedulers/scatter_range.go:38.4,38.25 1 1
github.com/pingcap/pd/v4/server/schedulers/scatter_range.go:41.4,42.11 2 1
github.com/pingcap/pd/v4/server/schedulers/scatter_range.go:45.4,48.14 4 1
github.com/pingcap/pd/v4/server/schedulers/scatter_range.go:35.22,37.5 1 0
github.com/pingcap/pd/v4/server/schedulers/scatter_range.go:38.25,40.5 1 0
github.com/pingcap/pd/v4/server/schedulers/scatter_range.go:42.11,44.5 1 0
github.com/pingcap/pd/v4/server/schedulers/scatter_range.go:52.178,56.39 2 1
github.com/pingcap/pd/v4/server/schedulers/scatter_range.go:59.3,60.26 2 1
github.com/pingcap/pd/v4/server/schedulers/scatter_range.go:63.3,63.59 1 1
github.com/pingcap/pd/v4/server/schedulers/scatter_range.go:56.39,58.4 1 0
github.com/pingcap/pd/v4/server/schedulers/scatter_range.go:60.26,62.4 1 0
github.com/pingcap/pd/v4/server/schedulers/scatter_range.go:82.77,83.20 1 1
github.com/pingcap/pd/v4/server/schedulers/scatter_range.go:86.2,92.12 6 1
github.com/pingcap/pd/v4/server/schedulers/scatter_range.go:83.20,85.3 1 0
github.com/pingcap/pd/v4/server/schedulers/scatter_range.go:95.79,103.2 3 0
github.com/pingcap/pd/v4/server/schedulers/scatter_range.go:105.58,110.16 5 1
github.com/pingcap/pd/v4/server/schedulers/scatter_range.go:113.2,114.12 2 1
github.com/pingcap/pd/v4/server/schedulers/scatter_range.go:110.16,112.3 1 0
github.com/pingcap/pd/v4/server/schedulers/scatter_range.go:117.64,121.2 3 0
github.com/pingcap/pd/v4/server/schedulers/scatter_range.go:123.63,127.2 3 1
github.com/pingcap/pd/v4/server/schedulers/scatter_range.go:129.61,133.2 3 1
github.com/pingcap/pd/v4/server/schedulers/scatter_range.go:135.68,139.2 3 1
github.com/pingcap/pd/v4/server/schedulers/scatter_range.go:151.130,175.2 5 1
github.com/pingcap/pd/v4/server/schedulers/scatter_range.go:177.83,179.2 1 0
github.com/pingcap/pd/v4/server/schedulers/scatter_range.go:181.50,183.2 1 1
github.com/pingcap/pd/v4/server/schedulers/scatter_range.go:185.50,187.2 1 0
github.com/pingcap/pd/v4/server/schedulers/scatter_range.go:189.64,193.2 3 1
github.com/pingcap/pd/v4/server/schedulers/scatter_range.go:195.77,197.2 1 0
github.com/pingcap/pd/v4/server/schedulers/scatter_range.go:199.84,205.18 5 1
github.com/pingcap/pd/v4/server/schedulers/scatter_range.go:213.2,214.18 2 1
github.com/pingcap/pd/v4/server/schedulers/scatter_range.go:223.2,224.12 2 1
github.com/pingcap/pd/v4/server/schedulers/scatter_range.go:205.18,212.3 4 1
github.com/pingcap/pd/v4/server/schedulers/scatter_range.go:214.18,222.3 4 1
github.com/pingcap/pd/v4/server/schedulers/scatter_range.go:232.90,234.84 2 0
github.com/pingcap/pd/v4/server/schedulers/scatter_range.go:237.2,239.8 3 0
github.com/pingcap/pd/v4/server/schedulers/scatter_range.go:249.2,250.8 2 0
github.com/pingcap/pd/v4/server/schedulers/scatter_range.go:256.2,257.8 2 0
github.com/pingcap/pd/v4/server/schedulers/scatter_range.go:262.2,264.16 3 0
github.com/pingcap/pd/v4/server/schedulers/scatter_range.go:267.2,267.40 1 0
github.com/pingcap/pd/v4/server/schedulers/scatter_range.go:234.84,236.3 1 0
github.com/pingcap/pd/v4/server/schedulers/scatter_range.go:239.8,240.44 1 0
github.com/pingcap/pd/v4/server/schedulers/scatter_range.go:244.3,244.28 1 0
github.com/pingcap/pd/v4/server/schedulers/scatter_range.go:240.44,243.4 2 0
github.com/pingcap/pd/v4/server/schedulers/scatter_range.go:245.8,247.3 1 0
github.com/pingcap/pd/v4/server/schedulers/scatter_range.go:250.8,252.3 1 0
github.com/pingcap/pd/v4/server/schedulers/scatter_range.go:252.8,254.3 1 0
github.com/pingcap/pd/v4/server/schedulers/scatter_range.go:257.8,259.3 1 0
github.com/pingcap/pd/v4/server/schedulers/scatter_range.go:259.8,261.3 1 0
github.com/pingcap/pd/v4/server/schedulers/scatter_range.go:264.16,266.3 1 0
github.com/pingcap/pd/v4/server/schedulers/scatter_range.go:270.88,273.2 2 0
github.com/pingcap/pd/v4/server/schedulers/scatter_range.go:275.79,284.2 5 1
github.com/pingcap/pd/v4/server/schedulers/base_scheduler.go:44.101,45.13 1 0
github.com/pingcap/pd/v4/server/schedulers/base_scheduler.go:55.2,55.10 1 0
github.com/pingcap/pd/v4/server/schedulers/base_scheduler.go:46.25,47.84 1 0
github.com/pingcap/pd/v4/server/schedulers/base_scheduler.go:48.20,49.61 1 0
github.com/pingcap/pd/v4/server/schedulers/base_scheduler.go:50.18,51.11 1 0
github.com/pingcap/pd/v4/server/schedulers/base_scheduler.go:52.10,53.44 1 0
github.com/pingcap/pd/v4/server/schedulers/base_scheduler.go:64.81,66.2 1 1
github.com/pingcap/pd/v4/server/schedulers/base_scheduler.go:68.75,70.2 1 0
github.com/pingcap/pd/v4/server/schedulers/base_scheduler.go:73.56,75.2 1 0
github.com/pingcap/pd/v4/server/schedulers/base_scheduler.go:78.56,80.2 1 1
github.com/pingcap/pd/v4/server/schedulers/base_scheduler.go:83.79,85.2 1 0
github.com/pingcap/pd/v4/server/schedulers/base_scheduler.go:88.60,88.74 1 0
github.com/pingcap/pd/v4/server/schedulers/base_scheduler.go:91.55,91.56 0 0
github.com/pingcap/pd/v4/server/schedulers/hot_region_config.go:34.62,48.2 1 1
github.com/pingcap/pd/v4/server/schedulers/hot_region_config.go:70.70,74.2 3 0
github.com/pingcap/pd/v4/server/schedulers/hot_region_config.go:76.76,80.2 3 1
github.com/pingcap/pd/v4/server/schedulers/hot_region_config.go:82.62,86.2 3 1
github.com/pingcap/pd/v4/server/schedulers/hot_region_config.go:88.70,92.2 3 1
github.com/pingcap/pd/v4/server/schedulers/hot_region_config.go:94.73,98.2 3 1
github.com/pingcap/pd/v4/server/schedulers/hot_region_config.go:100.70,104.2 3 1
github.com/pingcap/pd/v4/server/schedulers/hot_region_config.go:106.73,110.2 3 1
github.com/pingcap/pd/v4/server/schedulers/hot_region_config.go:112.70,116.2 3 1
github.com/pingcap/pd/v4/server/schedulers/hot_region_config.go:118.69,122.2 3 1
github.com/pingcap/pd/v4/server/schedulers/hot_region_config.go:124.71,128.2 3 1
github.com/pingcap/pd/v4/server/schedulers/hot_region_config.go:130.66,134.2 3 1
github.com/pingcap/pd/v4/server/schedulers/hot_region_config.go:136.71,140.2 3 1
github.com/pingcap/pd/v4/server/schedulers/hot_region_config.go:142.66,146.2 3 1
github.com/pingcap/pd/v4/server/schedulers/hot_region_config.go:148.67,152.2 3 1
github.com/pingcap/pd/v4/server/schedulers/hot_region_config.go:154.89,159.2 4 0
github.com/pingcap/pd/v4/server/schedulers/hot_region_config.go:161.95,166.2 4 0
github.com/pingcap/pd/v4/server/schedulers/hot_region_config.go:168.95,175.16 7 0
github.com/pingcap/pd/v4/server/schedulers/hot_region_config.go:180.2,180.51 1 0
github.com/pingcap/pd/v4/server/schedulers/hot_region_config.go:184.2,185.30 2 0
github.com/pingcap/pd/v4/server/schedulers/hot_region_config.go:190.2,191.49 2 0
github.com/pingcap/pd/v4/server/schedulers/hot_region_config.go:195.2,196.36 2 0
github.com/pingcap/pd/v4/server/schedulers/hot_region_config.go:207.2,207.60 1 0
github.com/pingcap/pd/v4/server/schedulers/hot_region_config.go:175.16,178.3 2 0
github.com/pingcap/pd/v4/server/schedulers/hot_region_config.go:180.51,183.3 2 0
github.com/pingcap/pd/v4/server/schedulers/hot_region_config.go:185.30,188.3 2 0
github.com/pingcap/pd/v4/server/schedulers/hot_region_config.go:191.49,194.3 2 0
github.com/pingcap/pd/v4/server/schedulers/hot_region_config.go:196.36,198.48 2 0
github.com/pingcap/pd/v4/server/schedulers/hot_region_config.go:201.3,201.30 1 0
github.com/pingcap/pd/v4/server/schedulers/hot_region_config.go:198.48,200.4 1 0
github.com/pingcap/pd/v4/server/schedulers/hot_region_config.go:201.30,204.4 2 0
github.com/pingcap/pd/v4/server/schedulers/hot_region_config.go:210.55,212.16 2 0
github.com/pingcap/pd/v4/server/schedulers/hot_region_config.go:216.2,216.61 1 0
github.com/pingcap/pd/v4/server/schedulers/hot_region_config.go:212.16,215.3 1 0
github.com/pingcap/pd/v4/server/schedulers/metrics.go:106.13,118.2 11 1
github.com/pingcap/pd/v4/server/schedulers/shuffle_region_config.go:45.74,49.2 3 1
github.com/pingcap/pd/v4/server/schedulers/shuffle_region_config.go:51.63,55.2 3 0
github.com/pingcap/pd/v4/server/schedulers/shuffle_region_config.go:57.71,61.2 3 1
github.com/pingcap/pd/v4/server/schedulers/shuffle_region_config.go:63.73,66.50 3 1
github.com/pingcap/pd/v4/server/schedulers/shuffle_region_config.go:66.50,66.82 1 1
github.com/pingcap/pd/v4/server/schedulers/shuffle_region_config.go:69.93,74.2 4 0
github.com/pingcap/pd/v4/server/schedulers/shuffle_region_config.go:76.98,79.2 2 0
github.com/pingcap/pd/v4/server/schedulers/shuffle_region_config.go:81.98,84.76 3 0
github.com/pingcap/pd/v4/server/schedulers/shuffle_region_config.go:87.2,87.26 1 0
github.com/pingcap/pd/v4/server/schedulers/shuffle_region_config.go:94.2,98.39 5 0
github.com/pingcap/pd/v4/server/schedulers/shuffle_region_config.go:103.2,103.31 1 0
github.com/pingcap/pd/v4/server/schedulers/shuffle_region_config.go:84.76,86.3 1 0
github.com/pingcap/pd/v4/server/schedulers/shuffle_region_config.go:87.26,88.46 1 0
github.com/pingcap/pd/v4/server/schedulers/shuffle_region_config.go:88.46,88.73 1 0
github.com/pingcap/pd/v4/server/schedulers/shuffle_region_config.go:88.75,91.4 2 0
github.com/pingcap/pd/v4/server/schedulers/shuffle_region_config.go:98.39,102.3 3 0
github.com/pingcap/pd/v4/server/schedulers/shuffle_region_config.go:106.59,108.16 2 0
github.com/pingcap/pd/v4/server/schedulers/shuffle_region_config.go:111.2,111.65 1 0
github.com/pingcap/pd/v4/server/schedulers/shuffle_region_config.go:108.16,110.3 1 0
github.com/pingcap/pd/v4/server/schedulers/utils.go:48.36,49.11 1 1
github.com/pingcap/pd/v4/server/schedulers/utils.go:52.2,52.10 1 1
github.com/pingcap/pd/v4/server/schedulers/utils.go:49.11,51.3 1 1
github.com/pingcap/pd/v4/server/schedulers/utils.go:55.36,56.11 1 1
github.com/pingcap/pd/v4/server/schedulers/utils.go:59.2,59.10 1 1
github.com/pingcap/pd/v4/server/schedulers/utils.go:56.11,58.3 1 1
github.com/pingcap/pd/v4/server/schedulers/utils.go:62.52,63.11 1 1
github.com/pingcap/pd/v4/server/schedulers/utils.go:66.2,66.10 1 1
github.com/pingcap/pd/v4/server/schedulers/utils.go:63.11,65.3 1 1
github.com/pingcap/pd/v4/server/schedulers/utils.go:69.182,80.37 8 1
github.com/pingcap/pd/v4/server/schedulers/utils.go:86.2,88.20 2 1
github.com/pingcap/pd/v4/server/schedulers/utils.go:98.2,98.22 1 1
github.com/pingcap/pd/v4/server/schedulers/utils.go:80.37,84.3 3 0
github.com/pingcap/pd/v4/server/schedulers/utils.go:88.20,97.3 1 1
github.com/pingcap/pd/v4/server/schedulers/utils.go:101.102,102.69 1 1
github.com/pingcap/pd/v4/server/schedulers/utils.go:111.2,112.49 2 1
github.com/pingcap/pd/v4/server/schedulers/utils.go:115.2,116.19 2 1
github.com/pingcap/pd/v4/server/schedulers/utils.go:102.69,104.29 2 1
github.com/pingcap/pd/v4/server/schedulers/utils.go:107.3,108.21 2 1
github.com/pingcap/pd/v4/server/schedulers/utils.go:104.29,106.4 1 1
github.com/pingcap/pd/v4/server/schedulers/utils.go:112.49,114.3 1 0
github.com/pingcap/pd/v4/server/schedulers/utils.go:119.55,121.28 2 1
github.com/pingcap/pd/v4/server/schedulers/utils.go:135.2,135.26 1 1
github.com/pingcap/pd/v4/server/schedulers/utils.go:121.28,124.32 3 1
github.com/pingcap/pd/v4/server/schedulers/utils.go:130.3,131.47 2 1
github.com/pingcap/pd/v4/server/schedulers/utils.go:124.32,126.36 2 0
github.com/pingcap/pd/v4/server/schedulers/utils.go:126.36,128.5 1 0
github.com/pingcap/pd/v4/server/schedulers/utils.go:131.47,133.4 1 1
github.com/pingcap/pd/v4/server/schedulers/utils.go:138.77,141.27 3 1
github.com/pingcap/pd/v4/server/schedulers/utils.go:146.2,147.36 2 1
github.com/pingcap/pd/v4/server/schedulers/utils.go:141.27,142.15 1 1
github.com/pingcap/pd/v4/server/schedulers/utils.go:142.15,144.4 1 1
github.com/pingcap/pd/v4/server/schedulers/utils.go:150.59,152.20 2 1
github.com/pingcap/pd/v4/server/schedulers/utils.go:164.2,164.22 1 1
github.com/pingcap/pd/v4/server/schedulers/utils.go:167.2,167.20 1 1
github.com/pingcap/pd/v4/server/schedulers/utils.go:152.20,154.17 2 1
github.com/pingcap/pd/v4/server/schedulers/utils.go:157.3,158.17 2 1
github.com/pingcap/pd/v4/server/schedulers/utils.go:161.3,162.62 2 1
github.com/pingcap/pd/v4/server/schedulers/utils.go:154.17,156.4 1 0
github.com/pingcap/pd/v4/server/schedulers/utils.go:158.17,160.4 1 0
github.com/pingcap/pd/v4/server/schedulers/utils.go:164.22,166.3 1 1
github.com/pingcap/pd/v4/server/schedulers/utils.go:177.64,182.2 4 1
github.com/pingcap/pd/v4/server/schedulers/utils.go:191.100,198.2 1 1
github.com/pingcap/pd/v4/server/schedulers/utils.go:200.128,202.26 2 1
github.com/pingcap/pd/v4/server/schedulers/utils.go:210.2,210.12 1 1
github.com/pingcap/pd/v4/server/schedulers/utils.go:202.26,204.13 2 1
github.com/pingcap/pd/v4/server/schedulers/utils.go:207.3,208.47 2 1
github.com/pingcap/pd/v4/server/schedulers/utils.go:204.13,206.4 1 1
github.com/pingcap/pd/v4/server/schedulers/utils.go:223.66,232.2 5 1
github.com/pingcap/pd/v4/server/schedulers/utils.go:234.42,236.2 1 1
github.com/pingcap/pd/v4/server/schedulers/utils.go:238.41,240.2 1 1
github.com/pingcap/pd/v4/server/schedulers/utils.go:242.39,244.2 1 1
github.com/pingcap/pd/v4/server/schedulers/utils.go:248.48,249.39 1 1
github.com/pingcap/pd/v4/server/schedulers/utils.go:249.39,251.3 1 1
github.com/pingcap/pd/v4/server/schedulers/utils.go:254.54,255.39 1 1
github.com/pingcap/pd/v4/server/schedulers/utils.go:255.39,256.28 1 1
github.com/pingcap/pd/v4/server/schedulers/utils.go:261.3,261.11 1 1
github.com/pingcap/pd/v4/server/schedulers/utils.go:256.28,257.34 1 1
github.com/pingcap/pd/v4/server/schedulers/utils.go:257.34,259.5 1 1
github.com/pingcap/pd/v4/server/schedulers/utils.go:265.96,266.39 1 1
github.com/pingcap/pd/v4/server/schedulers/utils.go:266.39,268.3 1 1
github.com/pingcap/pd/v4/server/schedulers/utils.go:271.64,273.15 2 1
github.com/pingcap/pd/v4/server/schedulers/utils.go:278.2,278.10 1 1
github.com/pingcap/pd/v4/server/schedulers/utils.go:273.15,275.3 1 1
github.com/pingcap/pd/v4/server/schedulers/utils.go:275.8,275.22 1 1
github.com/pingcap/pd/v4/server/schedulers/utils.go:275.22,277.3 1 1
github.com/pingcap/pd/v4/server/schedulers/utils.go:287.43,289.2 1 1
github.com/pingcap/pd/v4/server/schedulers/utils.go:291.43,293.2 1 1
github.com/pingcap/pd/v4/server/schedulers/utils.go:295.44,302.2 2 1
github.com/pingcap/pd/v4/server/schedulers/utils.go:306.48,307.43 1 1
github.com/pingcap/pd/v4/server/schedulers/utils.go:307.43,308.28 1 1
github.com/pingcap/pd/v4/server/schedulers/utils.go:313.3,313.11 1 1
github.com/pingcap/pd/v4/server/schedulers/utils.go:308.28,309.34 1 1
github.com/pingcap/pd/v4/server/schedulers/utils.go:309.34,311.5 1 1
github.com/pingcap/pd/v4/server/schedulers/utils.go:317.46,318.43 1 1
github.com/pingcap/pd/v4/server/schedulers/utils.go:318.43,320.3 1 1
github.com/pingcap/pd/v4/server/schedulers/utils.go:323.46,324.43 1 1
github.com/pingcap/pd/v4/server/schedulers/utils.go:324.43,326.3 1 1
github.com/pingcap/pd/v4/server/schedulers/utils.go:329.45,330.43 1 1
github.com/pingcap/pd/v4/server/schedulers/utils.go:330.43,332.3 1 1
github.com/pingcap/pd/v4/server/schedulers/utils.go:335.42,341.2 1 1
github.com/pingcap/pd/v4/server/schedulers/utils.go:343.42,349.2 1 1
github.com/pingcap/pd/v4/server/schedulers/utils.go:356.70,358.35 2 0
github.com/pingcap/pd/v4/server/schedulers/utils.go:361.2,366.3 1 0
github.com/pingcap/pd/v4/server/schedulers/utils.go:358.35,360.3 1 0
github.com/pingcap/pd/v4/server/schedulers/grant_leader.go:40.13,41.99 1 1
github.com/pingcap/pd/v4/server/schedulers/grant_leader.go:65.2,65.177 1 1
github.com/pingcap/pd/v4/server/schedulers/grant_leader.go:41.99,42.36 1 0
github.com/pingcap/pd/v4/server/schedulers/grant_leader.go:42.36,43.22 1 0
github.com/pingcap/pd/v4/server/schedulers/grant_leader.go:47.4,48.11 2 0
github.com/pingcap/pd/v4/server/schedulers/grant_leader.go:52.4,53.18 2 0
github.com/pingcap/pd/v4/server/schedulers/grant_leader.go:56.4,57.18 2 0
github.com/pingcap/pd/v4/server/schedulers/grant_leader.go:60.4,61.14 2 0
github.com/pingcap/pd/v4/server/schedulers/grant_leader.go:43.22,45.5 1 0
github.com/pingcap/pd/v4/server/schedulers/grant_leader.go:48.11,50.5 1 0
github.com/pingcap/pd/v4/server/schedulers/grant_leader.go:53.18,55.5 1 0
github.com/pingcap/pd/v4/server/schedulers/grant_leader.go:57.18,59.5 1 0
github.com/pingcap/pd/v4/server/schedulers/grant_leader.go:65.177,68.39 3 0
github.com/pingcap/pd/v4/server/schedulers/grant_leader.go:71.3,71.58 1 0
github.com/pingcap/pd/v4/server/schedulers/grant_leader.go:68.39,70.4 1 0
github.com/pingcap/pd/v4/server/schedulers/grant_leader.go:82.76,83.20 1 0
github.com/pingcap/pd/v4/server/schedulers/grant_leader.go:87.2,88.16 2 0
github.com/pingcap/pd/v4/server/schedulers/grant_leader.go:91.2,92.16 2 0
github.com/pingcap/pd/v4/server/schedulers/grant_leader.go:95.2,98.12 4 0
github.com/pingcap/pd/v4/server/schedulers/grant_leader.go:83.20,85.3 1 0
github.com/pingcap/pd/v4/server/schedulers/grant_leader.go:88.16,90.3 1 0
github.com/pingcap/pd/v4/server/schedulers/grant_leader.go:92.16,94.3 1 0
github.com/pingcap/pd/v4/server/schedulers/grant_leader.go:101.77,107.2 3 0
github.com/pingcap/pd/v4/server/schedulers/grant_leader.go:109.57,114.16 5 0
github.com/pingcap/pd/v4/server/schedulers/grant_leader.go:117.2,118.12 2 0
github.com/pingcap/pd/v4/server/schedulers/grant_leader.go:114.16,116.3 1 0
github.com/pingcap/pd/v4/server/schedulers/grant_leader.go:121.67,123.2 1 0
github.com/pingcap/pd/v4/server/schedulers/grant_leader.go:125.71,130.28 5 0
github.com/pingcap/pd/v4/server/schedulers/grant_leader.go:134.2,134.12 1 0
github.com/pingcap/pd/v4/server/schedulers/grant_leader.go:130.28,133.3 2 0
github.com/pingcap/pd/v4/server/schedulers/grant_leader.go:137.102,142.12 5 0
github.com/pingcap/pd/v4/server/schedulers/grant_leader.go:148.2,148.19 1 0
github.com/pingcap/pd/v4/server/schedulers/grant_leader.go:142.12,147.3 4 0
github.com/pingcap/pd/v4/server/schedulers/grant_leader.go:160.126,168.2 3 0
github.com/pingcap/pd/v4/server/schedulers/grant_leader.go:170.82,172.2 1 0
github.com/pingcap/pd/v4/server/schedulers/grant_leader.go:174.49,176.2 1 0
github.com/pingcap/pd/v4/server/schedulers/grant_leader.go:178.49,180.2 1 0
github.com/pingcap/pd/v4/server/schedulers/grant_leader.go:182.63,184.2 1 0
github.com/pingcap/pd/v4/server/schedulers/grant_leader.go:186.67,190.43 4 0
github.com/pingcap/pd/v4/server/schedulers/grant_leader.go:195.2,195.12 1 0
github.com/pingcap/pd/v4/server/schedulers/grant_leader.go:190.43,191.48 1 0
github.com/pingcap/pd/v4/server/schedulers/grant_leader.go:191.48,193.4 1 0
github.com/pingcap/pd/v4/server/schedulers/grant_leader.go:198.61,201.43 3 0
github.com/pingcap/pd/v4/server/schedulers/grant_leader.go:201.43,203.3 1 0
github.com/pingcap/pd/v4/server/schedulers/grant_leader.go:206.76,208.2 1 0
github.com/pingcap/pd/v4/server/schedulers/grant_leader.go:210.83,215.51 5 0
github.com/pingcap/pd/v4/server/schedulers/grant_leader.go:232.2,232.12 1 0
github.com/pingcap/pd/v4/server/schedulers/grant_leader.go:215.51,217.20 2 0
github.com/pingcap/pd/v4/server/schedulers/grant_leader.go:222.3,223.17 2 0
github.com/pingcap/pd/v4/server/schedulers/grant_leader.go:227.3,229.24 3 0
github.com/pingcap/pd/v4/server/schedulers/grant_leader.go:217.20,219.12 2 0
github.com/pingcap/pd/v4/server/schedulers/grant_leader.go:223.17,225.12 2 0
github.com/pingcap/pd/v4/server/schedulers/grant_leader.go:240.89,242.84 2 0
github.com/pingcap/pd/v4/server/schedulers/grant_leader.go:245.2,249.8 5 0
github.com/pingcap/pd/v4/server/schedulers/grant_leader.go:260.2,261.8 2 0
github.com/pingcap/pd/v4/server/schedulers/grant_leader.go:267.2,269.16 3 0
github.com/pingcap/pd/v4/server/schedulers/grant_leader.go:273.2,273.40 1 0
github.com/pingcap/pd/v4/server/schedulers/grant_leader.go:242.84,244.3 1 0
github.com/pingcap/pd/v4/server/schedulers/grant_leader.go:249.8,251.64 2 0
github.com/pingcap/pd/v4/server/schedulers/grant_leader.go:257.3,257.50 1 0
github.com/pingcap/pd/v4/server/schedulers/grant_leader.go:251.64,252.64 1 0
github.com/pingcap/pd/v4/server/schedulers/grant_leader.go:252.64,255.5 2 0
github.com/pingcap/pd/v4/server/schedulers/grant_leader.go:261.8,263.3 1 0
github.com/pingcap/pd/v4/server/schedulers/grant_leader.go:263.8,263.19 1 0
github.com/pingcap/pd/v4/server/schedulers/grant_leader.go:263.19,265.3 1 0
github.com/pingcap/pd/v4/server/schedulers/grant_leader.go:269.16,272.3 2 0
github.com/pingcap/pd/v4/server/schedulers/grant_leader.go:276.87,279.2 2 0
github.com/pingcap/pd/v4/server/schedulers/grant_leader.go:281.89,284.16 3 0
github.com/pingcap/pd/v4/server/schedulers/grant_leader.go:289.2,291.10 3 0
github.com/pingcap/pd/v4/server/schedulers/grant_leader.go:312.2,312.68 1 0
github.com/pingcap/pd/v4/server/schedulers/grant_leader.go:284.16,287.3 2 0
github.com/pingcap/pd/v4/server/schedulers/grant_leader.go:291.10,293.17 2 0
github.com/pingcap/pd/v4/server/schedulers/grant_leader.go:297.3,297.11 1 0
github.com/pingcap/pd/v4/server/schedulers/grant_leader.go:308.3,309.9 2 0
github.com/pingcap/pd/v4/server/schedulers/grant_leader.go:293.17,296.4 2 0
github.com/pingcap/pd/v4/server/schedulers/grant_leader.go:297.11,298.82 1 0
github.com/pingcap/pd/v4/server/schedulers/grant_leader.go:306.4,306.30 1 0
github.com/pingcap/pd/v4/server/schedulers/grant_leader.go:298.82,299.36 1 0
github.com/pingcap/pd/v4/server/schedulers/grant_leader.go:304.5,304.11 1 0
github.com/pingcap/pd/v4/server/schedulers/grant_leader.go:299.36,301.6 1 0
github.com/pingcap/pd/v4/server/schedulers/grant_leader.go:301.11,303.6 1 0
github.com/pingcap/pd/v4/server/schedulers/grant_leader.go:315.77,325.2 6 0
github.com/pingcap/pd/v4/server/schedulers/hot_region.go:38.13,39.97 1 1
github.com/pingcap/pd/v4/server/schedulers/hot_region.go:44.2,44.175 1 1
github.com/pingcap/pd/v4/server/schedulers/hot_region.go:39.97,40.36 1 0
github.com/pingcap/pd/v4/server/schedulers/hot_region.go:40.36,42.4 1 0
github.com/pingcap/pd/v4/server/schedulers/hot_region.go:44.175,46.39 2 1
github.com/pingcap/pd/v4/server/schedulers/hot_region.go:49.3,50.50 2 1
github.com/pingcap/pd/v4/server/schedulers/hot_region.go:46.39,48.4 1 0
github.com/pingcap/pd/v4/server/schedulers/hot_region.go:54.2,55.181 1 1
github.com/pingcap/pd/v4/server/schedulers/hot_region.go:58.3,58.180 1 1
github.com/pingcap/pd/v4/server/schedulers/hot_region.go:55.181,57.4 1 1
github.com/pingcap/pd/v4/server/schedulers/hot_region.go:58.180,60.4 1 1
github.com/pingcap/pd/v4/server/schedulers/hot_region.go:108.111,120.56 3 1
github.com/pingcap/pd/v4/server/schedulers/hot_region.go:124.2,124.12 1 1
github.com/pingcap/pd/v4/server/schedulers/hot_region.go:120.56,123.3 2 1
github.com/pingcap/pd/v4/server/schedulers/hot_region.go:127.115,132.2 4 1
github.com/pingcap/pd/v4/server/schedulers/hot_region.go:134.116,139.2 4 1
github.com/pingcap/pd/v4/server/schedulers/hot_region.go:141.41,143.2 1 1
github.com/pingcap/pd/v4/server/schedulers/hot_region.go:145.41,147.2 1 0
github.com/pingcap/pd/v4/server/schedulers/hot_region.go:149.74,151.2 1 0
github.com/pingcap/pd/v4/server/schedulers/hot_region.go:153.55,155.2 1 0
github.com/pingcap/pd/v4/server/schedulers/hot_region.go:156.78,158.2 1 0
github.com/pingcap/pd/v4/server/schedulers/hot_region.go:160.68,162.2 1 0
github.com/pingcap/pd/v4/server/schedulers/hot_region.go:164.69,167.2 1 1
github.com/pingcap/pd/v4/server/schedulers/hot_region.go:169.69,171.2 1 1
github.com/pingcap/pd/v4/server/schedulers/hot_region.go:173.75,176.2 2 1
github.com/pingcap/pd/v4/server/schedulers/hot_region.go:178.87,184.13 4 1
github.com/pingcap/pd/v4/server/schedulers/hot_region.go:190.2,190.12 1 0
github.com/pingcap/pd/v4/server/schedulers/hot_region.go:185.12,186.42 1 1
github.com/pingcap/pd/v4/server/schedulers/hot_region.go:187.13,188.43 1 1
github.com/pingcap/pd/v4/server/schedulers/hot_region.go:193.63,200.2 5 1
github.com/pingcap/pd/v4/server/schedulers/hot_region.go:200.2,213.3 5 1
github.com/pingcap/pd/v4/server/schedulers/hot_region.go:215.2,237.3 6 1
github.com/pingcap/pd/v4/server/schedulers/hot_region.go:240.81,242.13 2 1
github.com/pingcap/pd/v4/server/schedulers/hot_region.go:243.13,245.56 2 1
github.com/pingcap/pd/v4/server/schedulers/hot_region.go:248.3,249.55 2 1
github.com/pingcap/pd/v4/server/schedulers/hot_region.go:252.3,252.28 1 1
github.com/pingcap/pd/v4/server/schedulers/hot_region.go:253.12,255.55 2 1
github.com/pingcap/pd/v4/server/schedulers/hot_region.go:258.3,259.54 2 1
github.com/pingcap/pd/v4/server/schedulers/hot_region.go:262.3,262.28 1 1
github.com/pingcap/pd/v4/server/schedulers/hot_region.go:263.10,264.41 1 0
github.com/pingcap/pd/v4/server/schedulers/hot_region.go:245.56,247.4 1 1
github.com/pingcap/pd/v4/server/schedulers/hot_region.go:249.55,251.4 1 1
github.com/pingcap/pd/v4/server/schedulers/hot_region.go:255.55,257.4 1 1
github.com/pingcap/pd/v4/server/schedulers/hot_region.go:259.54,261.4 1 1
github.com/pingcap/pd/v4/server/schedulers/hot_region.go:268.50,269.56 1 1
github.com/pingcap/pd/v4/server/schedulers/hot_region.go:272.2,272.22 1 1
github.com/pingcap/pd/v4/server/schedulers/hot_region.go:269.56,271.3 1 1
github.com/pingcap/pd/v4/server/schedulers/hot_region.go:275.43,276.51 1 1
github.com/pingcap/pd/v4/server/schedulers/hot_region.go:276.51,278.32 2 1
github.com/pingcap/pd/v4/server/schedulers/hot_region.go:289.3,289.12 1 1
github.com/pingcap/pd/v4/server/schedulers/hot_region.go:278.32,279.31 1 1
github.com/pingcap/pd/v4/server/schedulers/hot_region.go:285.4,285.27 1 1
github.com/pingcap/pd/v4/server/schedulers/hot_region.go:279.31,280.80 1 1
github.com/pingcap/pd/v4/server/schedulers/hot_region.go:280.80,283.6 2 0
github.com/pingcap/pd/v4/server/schedulers/hot_region.go:285.27,287.5 1 1
github.com/pingcap/pd/v4/server/schedulers/hot_region.go:289.12,291.4 1 1
github.com/pingcap/pd/v4/server/schedulers/hot_region.go:291.9,293.4 1 1
github.com/pingcap/pd/v4/server/schedulers/hot_region.go:309.31,316.42 5 1
github.com/pingcap/pd/v4/server/schedulers/hot_region.go:362.2,364.37 2 1
github.com/pingcap/pd/v4/server/schedulers/hot_region.go:385.2,385.19 1 1
github.com/pingcap/pd/v4/server/schedulers/hot_region.go:316.42,321.3 3 1
github.com/pingcap/pd/v4/server/schedulers/hot_region.go:345.3,360.4 5 1
github.com/pingcap/pd/v4/server/schedulers/hot_region.go:321.3,324.125 3 1
github.com/pingcap/pd/v4/server/schedulers/hot_region.go:330.4,330.48 1 1
github.com/pingcap/pd/v4/server/schedulers/hot_region.go:324.125,328.5 3 1
github.com/pingcap/pd/v4/server/schedulers/hot_region.go:330.48,333.5 2 1
github.com/pingcap/pd/v4/server/schedulers/hot_region.go:336.4,339.5 2 1
github.com/pingcap/pd/v4/server/schedulers/hot_region.go:340.4,343.5 2 1
github.com/pingcap/pd/v4/server/schedulers/hot_region.go:364.37,372.3 7 1
github.com/pingcap/pd/v4/server/schedulers/hot_region.go:372.3,375.4 2 1
github.com/pingcap/pd/v4/server/schedulers/hot_region.go:376.3,379.4 2 1
github.com/pingcap/pd/v4/server/schedulers/hot_region.go:380.3,383.4 2 1
github.com/pingcap/pd/v4/server/schedulers/hot_region.go:395.29,399.29 2 1
github.com/pingcap/pd/v4/server/schedulers/hot_region.go:415.2,416.25 2 1
github.com/pingcap/pd/v4/server/schedulers/hot_region.go:419.2,420.12 2 1
github.com/pingcap/pd/v4/server/schedulers/hot_region.go:399.29,402.65 1 1
github.com/pingcap/pd/v4/server/schedulers/hot_region.go:413.3,413.26 1 1
github.com/pingcap/pd/v4/server/schedulers/hot_region.go:402.65,403.12 1 1
github.com/pingcap/pd/v4/server/schedulers/hot_region.go:416.25,418.3 1 1
github.com/pingcap/pd/v4/server/schedulers/hot_region.go:433.51,435.23 2 0
github.com/pingcap/pd/v4/server/schedulers/hot_region.go:439.2,442.32 4 0
github.com/pingcap/pd/v4/server/schedulers/hot_region.go:455.2,456.18 2 0
github.com/pingcap/pd/v4/server/schedulers/hot_region.go:459.2,461.32 3 0
github.com/pingcap/pd/v4/server/schedulers/hot_region.go:471.2,475.30 4 0
github.com/pingcap/pd/v4/server/schedulers/hot_region.go:485.2,485.20 1 0
github.com/pingcap/pd/v4/server/schedulers/hot_region.go:435.23,438.3 2 0
github.com/pingcap/pd/v4/server/schedulers/hot_region.go:442.32,444.19 2 0
github.com/pingcap/pd/v4/server/schedulers/hot_region.go:447.3,448.25 2 0
github.com/pingcap/pd/v4/server/schedulers/hot_region.go:451.3,451.25 1 0
github.com/pingcap/pd/v4/server/schedulers/hot_region.go:444.19,446.4 1 0
github.com/pingcap/pd/v4/server/schedulers/hot_region.go:448.25,450.4 1 0
github.com/pingcap/pd/v4/server/schedulers/hot_region.go:451.25,453.4 1 0
github.com/pingcap/pd/v4/server/schedulers/hot_region.go:456.18,458.3 1 0
github.com/pingcap/pd/v4/server/schedulers/hot_region.go:461.32,463.16 2 0
github.com/pingcap/pd/v4/server/schedulers/hot_region.go:466.3,469.83 3 0
github.com/pingcap/pd/v4/server/schedulers/hot_region.go:463.16,464.12 1 0
github.com/pingcap/pd/v4/server/schedulers/hot_region.go:475.30,476.32 1 0
github.com/pingcap/pd/v4/server/schedulers/hot_region.go:476.32,479.17 3 0
github.com/pingcap/pd/v4/server/schedulers/hot_region.go:479.17,480.15 1 0
github.com/pingcap/pd/v4/server/schedulers/hot_region.go:488.45,489.25 1 0
github.com/pingcap/pd/v4/server/schedulers/hot_region.go:494.2,494.14 1 0
github.com/pingcap/pd/v4/server/schedulers/hot_region.go:489.25,490.15 1 0
github.com/pingcap/pd/v4/server/schedulers/hot_region.go:490.15,492.4 1 0
github.com/pingcap/pd/v4/server/schedulers/hot_region.go:497.124,499.25 2 1
github.com/pingcap/pd/v4/server/schedulers/hot_region.go:510.2,510.19 1 1
github.com/pingcap/pd/v4/server/schedulers/hot_region.go:500.12,501.112 1 0
github.com/pingcap/pd/v4/server/schedulers/hot_region.go:504.11,505.114 1 0
github.com/pingcap/pd/v4/server/schedulers/hot_region.go:508.13,508.13 0 1
github.com/pingcap/pd/v4/server/schedulers/hot_region.go:501.112,503.4 1 0
github.com/pingcap/pd/v4/server/schedulers/hot_region.go:505.114,507.4 1 0
github.com/pingcap/pd/v4/server/schedulers/hot_region.go:513.141,516.8 3 1
github.com/pingcap/pd/v4/server/schedulers/hot_region.go:521.2,526.2 5 1
github.com/pingcap/pd/v4/server/schedulers/hot_region.go:532.2,533.13 2 1
github.com/pingcap/pd/v4/server/schedulers/hot_region.go:516.8,519.3 2 0
github.com/pingcap/pd/v4/server/schedulers/hot_region.go:526.2,530.3 3 1
github.com/pingcap/pd/v4/server/schedulers/hot_region.go:536.88,540.18 3 1
github.com/pingcap/pd/v4/server/schedulers/hot_region.go:544.2,546.18 3 1
github.com/pingcap/pd/v4/server/schedulers/hot_region.go:550.2,551.12 2 1
github.com/pingcap/pd/v4/server/schedulers/hot_region.go:540.18,542.3 1 1
github.com/pingcap/pd/v4/server/schedulers/hot_region.go:546.18,548.3 1 1
github.com/pingcap/pd/v4/server/schedulers/hot_region.go:554.89,557.9 2 1
github.com/pingcap/pd/v4/server/schedulers/hot_region.go:567.2,569.18 3 1
github.com/pingcap/pd/v4/server/schedulers/hot_region.go:573.2,574.12 2 1
github.com/pingcap/pd/v4/server/schedulers/hot_region.go:558.35,561.19 3 1
github.com/pingcap/pd/v4/server/schedulers/hot_region.go:564.10,564.10 0 0
github.com/pingcap/pd/v4/server/schedulers/hot_region.go:561.19,563.4 1 1
github.com/pingcap/pd/v4/server/schedulers/hot_region.go:569.18,571.3 1 1
github.com/pingcap/pd/v4/server/schedulers/hot_region.go:603.33,604.42 1 1
github.com/pingcap/pd/v4/server/schedulers/hot_region.go:612.2,612.52 1 1
github.com/pingcap/pd/v4/server/schedulers/hot_region.go:616.2,624.41 4 1
github.com/pingcap/pd/v4/server/schedulers/hot_region.go:630.2,634.3 1 1
github.com/pingcap/pd/v4/server/schedulers/hot_region.go:605.17,606.51 1 1
github.com/pingcap/pd/v4/server/schedulers/hot_region.go:607.19,608.53 1 1
github.com/pingcap/pd/v4/server/schedulers/hot_region.go:609.18,610.52 1 1
github.com/pingcap/pd/v4/server/schedulers/hot_region.go:612.52,614.3 1 1
github.com/pingcap/pd/v4/server/schedulers/hot_region.go:624.41,628.3 3 1
github.com/pingcap/pd/v4/server/schedulers/hot_region.go:637.55,640.31 3 1
github.com/pingcap/pd/v4/server/schedulers/hot_region.go:646.2,646.12 1 1
github.com/pingcap/pd/v4/server/schedulers/hot_region.go:640.31,642.53 1 1
github.com/pingcap/pd/v4/server/schedulers/hot_region.go:642.53,644.4 1 1
github.com/pingcap/pd/v4/server/schedulers/hot_region.go:649.105,658.2 3 1
github.com/pingcap/pd/v4/server/schedulers/hot_region.go:660.41,661.67 1 1
github.com/pingcap/pd/v4/server/schedulers/hot_region.go:664.2,664.17 1 1
github.com/pingcap/pd/v4/server/schedulers/hot_region.go:669.2,669.17 1 1
github.com/pingcap/pd/v4/server/schedulers/hot_region.go:674.2,674.13 1 1
github.com/pingcap/pd/v4/server/schedulers/hot_region.go:661.67,663.3 1 0
github.com/pingcap/pd/v4/server/schedulers/hot_region.go:665.19,665.19 0 1
github.com/pingcap/pd/v4/server/schedulers/hot_region.go:666.10,667.15 1 0
github.com/pingcap/pd/v4/server/schedulers/hot_region.go:670.32,670.32 0 1
github.com/pingcap/pd/v4/server/schedulers/hot_region.go:671.10,672.15 1 0
github.com/pingcap/pd/v4/server/schedulers/hot_region.go:677.55,678.41 1 1
github.com/pingcap/pd/v4/server/schedulers/hot_region.go:681.2,688.47 3 1
github.com/pingcap/pd/v4/server/schedulers/hot_region.go:712.2,712.32 1 1
github.com/pingcap/pd/v4/server/schedulers/hot_region.go:718.2,718.12 1 1
github.com/pingcap/pd/v4/server/schedulers/hot_region.go:678.41,680.3 1 1
github.com/pingcap/pd/v4/server/schedulers/hot_region.go:688.47,691.51 2 1
github.com/pingcap/pd/v4/server/schedulers/hot_region.go:691.51,694.28 3 1
github.com/pingcap/pd/v4/server/schedulers/hot_region.go:697.4,697.49 1 1
github.com/pingcap/pd/v4/server/schedulers/hot_region.go:694.28,695.13 1 1
github.com/pingcap/pd/v4/server/schedulers/hot_region.go:697.49,700.58 3 1
github.com/pingcap/pd/v4/server/schedulers/hot_region.go:700.58,701.66 1 1
github.com/pingcap/pd/v4/server/schedulers/hot_region.go:701.66,706.7 4 1
github.com/pingcap/pd/v4/server/schedulers/hot_region.go:712.32,714.105 1 1
github.com/pingcap/pd/v4/server/schedulers/hot_region.go:714.105,716.4 1 0
github.com/pingcap/pd/v4/server/schedulers/hot_region.go:721.46,722.17 1 1
github.com/pingcap/pd/v4/server/schedulers/hot_region.go:723.16,724.48 1 1
github.com/pingcap/pd/v4/server/schedulers/hot_region.go:725.22,726.48 1 1
github.com/pingcap/pd/v4/server/schedulers/hot_region.go:727.10,728.15 1 0
github.com/pingcap/pd/v4/server/schedulers/hot_region.go:732.72,734.42 2 1
github.com/pingcap/pd/v4/server/schedulers/hot_region.go:749.2,749.12 1 1
github.com/pingcap/pd/v4/server/schedulers/hot_region.go:734.42,735.37 1 1
github.com/pingcap/pd/v4/server/schedulers/hot_region.go:739.3,739.32 1 1
github.com/pingcap/pd/v4/server/schedulers/hot_region.go:742.3,743.106 1 1
github.com/pingcap/pd/v4/server/schedulers/hot_region.go:747.3,747.96 1 1
github.com/pingcap/pd/v4/server/schedulers/hot_region.go:735.37,737.12 2 0
github.com/pingcap/pd/v4/server/schedulers/hot_region.go:739.32,740.12 1 1
github.com/pingcap/pd/v4/server/schedulers/hot_region.go:743.106,746.4 2 1
github.com/pingcap/pd/v4/server/schedulers/hot_region.go:752.69,758.110 3 1
github.com/pingcap/pd/v4/server/schedulers/hot_region.go:764.2,764.28 1 1
github.com/pingcap/pd/v4/server/schedulers/hot_region.go:772.2,774.43 3 0
github.com/pingcap/pd/v4/server/schedulers/hot_region.go:777.2,779.42 3 0
github.com/pingcap/pd/v4/server/schedulers/hot_region.go:783.2,784.30 2 0
github.com/pingcap/pd/v4/server/schedulers/hot_region.go:802.2,803.26 2 0
github.com/pingcap/pd/v4/server/schedulers/hot_region.go:806.2,806.12 1 0
github.com/pingcap/pd/v4/server/schedulers/hot_region.go:758.110,759.54 1 1
github.com/pingcap/pd/v4/server/schedulers/hot_region.go:762.3,762.15 1 1
github.com/pingcap/pd/v4/server/schedulers/hot_region.go:759.54,761.4 1 1
github.com/pingcap/pd/v4/server/schedulers/hot_region.go:764.28,766.28 2 1
github.com/pingcap/pd/v4/server/schedulers/hot_region.go:769.3,769.14 1 1
github.com/pingcap/pd/v4/server/schedulers/hot_region.go:766.28,768.4 1 1
github.com/pingcap/pd/v4/server/schedulers/hot_region.go:774.43,776.3 1 0
github.com/pingcap/pd/v4/server/schedulers/hot_region.go:779.42,781.3 1 0
github.com/pingcap/pd/v4/server/schedulers/hot_region.go:784.30,785.25 1 0
github.com/pingcap/pd/v4/server/schedulers/hot_region.go:793.3,793.24 1 0
github.com/pingcap/pd/v4/server/schedulers/hot_region.go:785.25,788.33 3 0
github.com/pingcap/pd/v4/server/schedulers/hot_region.go:788.33,790.10 2 0
github.com/pingcap/pd/v4/server/schedulers/hot_region.go:793.24,796.33 3 0
github.com/pingcap/pd/v4/server/schedulers/hot_region.go:796.33,798.10 2 0
github.com/pingcap/pd/v4/server/schedulers/hot_region.go:803.26,805.3 1 0
github.com/pingcap/pd/v4/server/schedulers/hot_region.go:810.74,811.19 1 1
github.com/pingcap/pd/v4/server/schedulers/hot_region.go:816.2,816.64 1 1
github.com/pingcap/pd/v4/server/schedulers/hot_region.go:826.2,826.52 1 1
github.com/pingcap/pd/v4/server/schedulers/hot_region.go:831.2,831.49 1 1
github.com/pingcap/pd/v4/server/schedulers/hot_region.go:837.2,837.13 1 1
github.com/pingcap/pd/v4/server/schedulers/hot_region.go:811.19,814.3 2 1
github.com/pingcap/pd/v4/server/schedulers/hot_region.go:816.64,817.32 1 0
github.com/pingcap/pd/v4/server/schedulers/hot_region.go:820.3,821.75 1 0
github.com/pingcap/pd/v4/server/schedulers/hot_region.go:817.32,819.4 1 0
github.com/pingcap/pd/v4/server/schedulers/hot_region.go:821.75,823.4 1 0
github.com/pingcap/pd/v4/server/schedulers/hot_region.go:826.52,829.3 2 0
github.com/pingcap/pd/v4/server/schedulers/hot_region.go:831.49,835.3 3 1
github.com/pingcap/pd/v4/server/schedulers/hot_region.go:840.55,842.35 2 1
github.com/pingcap/pd/v4/server/schedulers/hot_region.go:846.2,846.17 1 1
github.com/pingcap/pd/v4/server/schedulers/hot_region.go:862.2,862.15 1 1
github.com/pingcap/pd/v4/server/schedulers/hot_region.go:842.35,844.3 1 1
github.com/pingcap/pd/v4/server/schedulers/hot_region.go:847.16,849.21 2 1
github.com/pingcap/pd/v4/server/schedulers/hot_region.go:853.22,854.59 1 1
github.com/pingcap/pd/v4/server/schedulers/hot_region.go:858.10,859.13 1 0
github.com/pingcap/pd/v4/server/schedulers/hot_region.go:849.21,852.4 2 0
github.com/pingcap/pd/v4/server/schedulers/hot_region.go:854.59,857.4 2 0
github.com/pingcap/pd/v4/server/schedulers/hot_region.go:865.72,871.17 2 1
github.com/pingcap/pd/v4/server/schedulers/hot_region.go:907.2,908.35 2 1
github.com/pingcap/pd/v4/server/schedulers/hot_region.go:929.2,929.12 1 1
github.com/pingcap/pd/v4/server/schedulers/hot_region.go:872.16,874.43 2 1
github.com/pingcap/pd/v4/server/schedulers/hot_region.go:884.3,892.38 2 1
github.com/pingcap/pd/v4/server/schedulers/hot_region.go:894.22,901.59 2 1
github.com/pingcap/pd/v4/server/schedulers/hot_region.go:903.10,904.13 1 0
github.com/pingcap/pd/v4/server/schedulers/hot_region.go:874.43,876.4 1 1
github.com/pingcap/pd/v4/server/schedulers/hot_region.go:876.9,878.23 2 1
github.com/pingcap/pd/v4/server/schedulers/hot_region.go:881.4,881.150 1 1
github.com/pingcap/pd/v4/server/schedulers/hot_region.go:878.23,880.5 1 0
github.com/pingcap/pd/v4/server/schedulers/hot_region.go:908.35,918.49 1 1
github.com/pingcap/pd/v4/server/schedulers/hot_region.go:918.49,921.108 2 1
github.com/pingcap/pd/v4/server/schedulers/hot_region.go:925.5,925.107 1 1
github.com/pingcap/pd/v4/server/schedulers/hot_region.go:921.108,924.6 2 1
github.com/pingcap/pd/v4/server/schedulers/hot_region.go:934.48,939.51 5 1
github.com/pingcap/pd/v4/server/schedulers/hot_region.go:972.2,972.31 1 1
github.com/pingcap/pd/v4/server/schedulers/hot_region.go:939.51,942.55 1 1
github.com/pingcap/pd/v4/server/schedulers/hot_region.go:942.55,944.4 1 1
github.com/pingcap/pd/v4/server/schedulers/hot_region.go:945.8,946.47 1 1
github.com/pingcap/pd/v4/server/schedulers/hot_region.go:952.3,957.10 6 1
github.com/pingcap/pd/v4/server/schedulers/hot_region.go:946.47,947.16 1 1
github.com/pingcap/pd/v4/server/schedulers/hot_region.go:950.4,950.16 1 1
github.com/pingcap/pd/v4/server/schedulers/hot_region.go:947.16,949.5 1 0
github.com/pingcap/pd/v4/server/schedulers/hot_region.go:958.113,960.13 1 1
github.com/pingcap/pd/v4/server/schedulers/hot_region.go:961.91,963.13 1 1
github.com/pingcap/pd/v4/server/schedulers/hot_region.go:964.80,966.13 1 1
github.com/pingcap/pd/v4/server/schedulers/hot_region.go:967.49,969.13 1 1
github.com/pingcap/pd/v4/server/schedulers/hot_region.go:976.57,977.16 1 1
github.com/pingcap/pd/v4/server/schedulers/hot_region.go:981.2,981.9 1 1
github.com/pingcap/pd/v4/server/schedulers/hot_region.go:988.2,988.71 1 1
github.com/pingcap/pd/v4/server/schedulers/hot_region.go:994.2,994.71 1 1
github.com/pingcap/pd/v4/server/schedulers/hot_region.go:1000.2,1000.43 1 1
github.com/pingcap/pd/v4/server/schedulers/hot_region.go:1037.2,1037.14 1 1
github.com/pingcap/pd/v4/server/schedulers/hot_region.go:977.16,979.3 1 1
github.com/pingcap/pd/v4/server/schedulers/hot_region.go:982.52,983.14 1 1
github.com/pingcap/pd/v4/server/schedulers/hot_region.go:984.52,985.15 1 1
github.com/pingcap/pd/v4/server/schedulers/hot_region.go:988.71,990.3 1 1
github.com/pingcap/pd/v4/server/schedulers/hot_region.go:990.8,990.18 1 1
github.com/pingcap/pd/v4/server/schedulers/hot_region.go:990.18,992.3 1 1
github.com/pingcap/pd/v4/server/schedulers/hot_region.go:994.71,996.3 1 1
github.com/pingcap/pd/v4/server/schedulers/hot_region.go:996.8,996.18 1 1
github.com/pingcap/pd/v4/server/schedulers/hot_region.go:996.18,998.3 1 1
github.com/pingcap/pd/v4/server/schedulers/hot_region.go:1000.43,1003.52 1 1
github.com/pingcap/pd/v4/server/schedulers/hot_region.go:1003.52,1004.11 1 1
github.com/pingcap/pd/v4/server/schedulers/hot_region.go:1005.72,1006.16 1 0
github.com/pingcap/pd/v4/server/schedulers/hot_region.go:1007.72,1008.17 1 0
github.com/pingcap/pd/v4/server/schedulers/hot_region.go:1010.9,1014.34 3 1
github.com/pingcap/pd/v4/server/schedulers/hot_region.go:1015.12,1016.22 1 1
github.com/pingcap/pd/v4/server/schedulers/hot_region.go:1019.5,1019.23 1 1
github.com/pingcap/pd/v4/server/schedulers/hot_region.go:1023.12,1024.22 1 1
github.com/pingcap/pd/v4/server/schedulers/hot_region.go:1027.5,1027.16 1 1
github.com/pingcap/pd/v4/server/schedulers/hot_region.go:1028.12,1029.23 1 1
github.com/pingcap/pd/v4/server/schedulers/hot_region.go:1016.22,1018.6 1 0
github.com/pingcap/pd/v4/server/schedulers/hot_region.go:1019.23,1022.6 1 0
github.com/pingcap/pd/v4/server/schedulers/hot_region.go:1024.22,1026.6 1 0
github.com/pingcap/pd/v4/server/schedulers/hot_region.go:1029.23,1032.6 1 0
github.com/pingcap/pd/v4/server/schedulers/hot_region.go:1041.63,1042.16 1 1
github.com/pingcap/pd/v4/server/schedulers/hot_region.go:1073.2,1073.10 1 1
github.com/pingcap/pd/v4/server/schedulers/hot_region.go:1042.16,1045.52 2 1
github.com/pingcap/pd/v4/server/schedulers/hot_region.go:1069.3,1071.25 3 1
github.com/pingcap/pd/v4/server/schedulers/hot_region.go:1045.52,1057.4 1 0
github.com/pingcap/pd/v4/server/schedulers/hot_region.go:1057.9,1067.4 1 1
github.com/pingcap/pd/v4/server/schedulers/hot_region.go:1077.63,1078.16 1 1
github.com/pingcap/pd/v4/server/schedulers/hot_region.go:1108.2,1108.10 1 1
github.com/pingcap/pd/v4/server/schedulers/hot_region.go:1078.16,1081.52 2 1
github.com/pingcap/pd/v4/server/schedulers/hot_region.go:1104.3,1106.25 3 1
github.com/pingcap/pd/v4/server/schedulers/hot_region.go:1081.52,1092.4 1 1
github.com/pingcap/pd/v4/server/schedulers/hot_region.go:1092.9,1102.4 1 1
github.com/pingcap/pd/v4/server/schedulers/hot_region.go:1111.62,1112.34 1 1
github.com/pingcap/pd/v4/server/schedulers/hot_region.go:1112.34,1114.3 1 1
github.com/pingcap/pd/v4/server/schedulers/hot_region.go:1117.48,1119.53 1 1
github.com/pingcap/pd/v4/server/schedulers/hot_region.go:1122.2,1123.52 1 1
github.com/pingcap/pd/v4/server/schedulers/hot_region.go:1126.2,1126.13 1 1
github.com/pingcap/pd/v4/server/schedulers/hot_region.go:1119.53,1121.3 1 0
github.com/pingcap/pd/v4/server/schedulers/hot_region.go:1123.52,1125.3 1 0
github.com/pingcap/pd/v4/server/schedulers/hot_region.go:1129.79,1130.26 1 1
github.com/pingcap/pd/v4/server/schedulers/hot_region.go:1133.2,1139.17 2 1
github.com/pingcap/pd/v4/server/schedulers/hot_region.go:1170.2,1170.16 1 1
github.com/pingcap/pd/v4/server/schedulers/hot_region.go:1176.2,1188.52 5 1
github.com/pingcap/pd/v4/server/schedulers/hot_region.go:1130.26,1132.3 1 0
github.com/pingcap/pd/v4/server/schedulers/hot_region.go:1140.16,1153.109 4 1
github.com/pingcap/pd/v4/server/schedulers/hot_region.go:1154.22,1155.60 1 1
github.com/pingcap/pd/v4/server/schedulers/hot_region.go:1158.3,1167.108 2 1
github.com/pingcap/pd/v4/server/schedulers/hot_region.go:1155.60,1157.4 1 0
github.com/pingcap/pd/v4/server/schedulers/hot_region.go:1170.16,1174.3 3 0
github.com/pingcap/pd/v4/server/schedulers/hot_region.go:1191.74,1195.52 4 0
github.com/pingcap/pd/v4/server/schedulers/hot_region.go:1198.2,1200.3 1 0
github.com/pingcap/pd/v4/server/schedulers/hot_region.go:1195.52,1197.3 1 0
github.com/pingcap/pd/v4/server/schedulers/hot_region.go:1203.75,1208.53 5 0
github.com/pingcap/pd/v4/server/schedulers/hot_region.go:1211.2,1211.51 1 0
github.com/pingcap/pd/v4/server/schedulers/hot_region.go:1214.2,1217.3 1 0
github.com/pingcap/pd/v4/server/schedulers/hot_region.go:1208.53,1210.3 1 0
github.com/pingcap/pd/v4/server/schedulers/hot_region.go:1211.51,1213.3 1 0
github.com/pingcap/pd/v4/server/schedulers/hot_region.go:1220.72,1222.2 1 0
github.com/pingcap/pd/v4/server/schedulers/hot_region.go:1224.71,1226.2 1 0
github.com/pingcap/pd/v4/server/schedulers/hot_region.go:1228.83,1233.35 5 0
github.com/pingcap/pd/v4/server/schedulers/hot_region.go:1236.2,1236.12 1 0
github.com/pingcap/pd/v4/server/schedulers/hot_region.go:1233.35,1235.3 1 0
github.com/pingcap/pd/v4/server/schedulers/hot_region.go:1239.73,1240.44 1 1
github.com/pingcap/pd/v4/server/schedulers/hot_region.go:1243.2,1244.35 2 1
github.com/pingcap/pd/v4/server/schedulers/hot_region.go:1247.2,1247.16 1 1
github.com/pingcap/pd/v4/server/schedulers/hot_region.go:1240.44,1242.3 1 0
github.com/pingcap/pd/v4/server/schedulers/hot_region.go:1244.35,1246.3 1 1
github.com/pingcap/pd/v4/server/schedulers/hot_region.go:1248.24,1251.32 3 0
github.com/pingcap/pd/v4/server/schedulers/hot_region.go:1255.3,1255.65 1 0
github.com/pingcap/pd/v4/server/schedulers/hot_region.go:1256.10,1257.11 1 1
github.com/pingcap/pd/v4/server/schedulers/hot_region.go:1251.32,1253.4 1 0
github.com/pingcap/pd/v4/server/schedulers/hot_region.go:1261.48,1262.56 1 1
github.com/pingcap/pd/v4/server/schedulers/hot_region.go:1266.2,1266.59 1 1
github.com/pingcap/pd/v4/server/schedulers/hot_region.go:1262.56,1265.3 2 1
github.com/pingcap/pd/v4/server/schedulers/hot_region.go:1277.34,1278.12 1 1
github.com/pingcap/pd/v4/server/schedulers/hot_region.go:1279.12,1280.16 1 1
github.com/pingcap/pd/v4/server/schedulers/hot_region.go:1281.13,1282.17 1 1
github.com/pingcap/pd/v4/server/schedulers/hot_region.go:1283.10,1284.12 1 0
github.com/pingcap/pd/v4/server/schedulers/hot_region.go:1303.34,1304.12 1 1
github.com/pingcap/pd/v4/server/schedulers/hot_region.go:1305.16,1306.21 1 1
github.com/pingcap/pd/v4/server/schedulers/hot_region.go:1307.22,1308.27 1 1
github.com/pingcap/pd/v4/server/schedulers/hot_region.go:1309.10,1310.12 1 0
github.com/pingcap/pd/v4/server/schedulers/hot_region.go:1323.60,1324.14 1 1
github.com/pingcap/pd/v4/server/schedulers/hot_region.go:1335.2,1335.94 1 0
github.com/pingcap/pd/v4/server/schedulers/hot_region.go:1325.13,1326.15 1 1
github.com/pingcap/pd/v4/server/schedulers/hot_region.go:1332.12,1333.20 1 1
github.com/pingcap/pd/v4/server/schedulers/hot_region.go:1327.17,1328.20 1 1
github.com/pingcap/pd/v4/server/schedulers/hot_region.go:1329.23,1330.22 1 1
github.com/pingcap/pd/v4/server/schedulers/random_merge.go:38.13,39.99 1 1
github.com/pingcap/pd/v4/server/schedulers/random_merge.go:54.2,54.177 1 1
github.com/pingcap/pd/v4/server/schedulers/random_merge.go:39.99,40.36 1 1
github.com/pingcap/pd/v4/server/schedulers/random_merge.go:40.36,42.11 2 1
github.com/pingcap/pd/v4/server/schedulers/random_merge.go:45.4,46.18 2 1
github.com/pingcap/pd/v4/server/schedulers/random_merge.go:49.4,51.14 3 1
github.com/pingcap/pd/v4/server/schedulers/random_merge.go:42.11,44.5 1 0
github.com/pingcap/pd/v4/server/schedulers/random_merge.go:46.18,48.5 1 0
github.com/pingcap/pd/v4/server/schedulers/random_merge.go:54.177,56.39 2 1
github.com/pingcap/pd/v4/server/schedulers/random_merge.go:59.3,59.58 1 1
github.com/pingcap/pd/v4/server/schedulers/random_merge.go:56.39,58.4 1 0
github.com/pingcap/pd/v4/server/schedulers/random_merge.go:76.126,86.2 3 1
github.com/pingcap/pd/v4/server/schedulers/random_merge.go:88.49,90.2 1 1
github.com/pingcap/pd/v4/server/schedulers/random_merge.go:92.49,94.2 1 0
github.com/pingcap/pd/v4/server/schedulers/random_merge.go:96.63,98.2 1 1
github.com/pingcap/pd/v4/server/schedulers/random_merge.go:100.76,102.2 1 1
github.com/pingcap/pd/v4/server/schedulers/random_merge.go:104.83,109.18 4 1
github.com/pingcap/pd/v4/server/schedulers/random_merge.go:113.2,114.19 2 1
github.com/pingcap/pd/v4/server/schedulers/random_merge.go:119.2,120.95 2 1
github.com/pingcap/pd/v4/server/schedulers/random_merge.go:123.2,123.19 1 1
github.com/pingcap/pd/v4/server/schedulers/random_merge.go:128.2,128.44 1 1
github.com/pingcap/pd/v4/server/schedulers/random_merge.go:133.2,134.16 2 1
github.com/pingcap/pd/v4/server/schedulers/random_merge.go:138.2,139.12 2 1
github.com/pingcap/pd/v4/server/schedulers/random_merge.go:109.18,112.3 2 0
github.com/pingcap/pd/v4/server/schedulers/random_merge.go:114.19,117.3 2 0
github.com/pingcap/pd/v4/server/schedulers/random_merge.go:120.95,122.3 1 1
github.com/pingcap/pd/v4/server/schedulers/random_merge.go:123.19,126.3 2 0
github.com/pingcap/pd/v4/server/schedulers/random_merge.go:128.44,131.3 2 1
github.com/pingcap/pd/v4/server/schedulers/random_merge.go:134.16,137.3 2 0
github.com/pingcap/pd/v4/server/schedulers/random_merge.go:142.102,143.84 1 1
github.com/pingcap/pd/v4/server/schedulers/random_merge.go:146.2,146.90 1 1
github.com/pingcap/pd/v4/server/schedulers/random_merge.go:149.2,149.64 1 1
github.com/pingcap/pd/v4/server/schedulers/random_merge.go:152.2,152.52 1 1
github.com/pingcap/pd/v4/server/schedulers/random_merge.go:143.84,145.3 1 0
github.com/pingcap/pd/v4/server/schedulers/random_merge.go:146.90,148.3 1 1
github.com/pingcap/pd/v4/server/schedulers/random_merge.go:149.64,151.3 1 0
github.com/pingcap/pd/v4/server/schedulers/shuffle_leader.go:35.13,36.101 1 1
github.com/pingcap/pd/v4/server/schedulers/shuffle_leader.go:52.2,52.179 1 1
github.com/pingcap/pd/v4/server/schedulers/shuffle_leader.go:36.101,37.36 1 1
github.com/pingcap/pd/v4/server/schedulers/shuffle_leader.go:37.36,39.11 2 1
github.com/pingcap/pd/v4/server/schedulers/shuffle_leader.go:42.4,43.18 2 1
github.com/pingcap/pd/v4/server/schedulers/shuffle_leader.go:46.4,48.14 3 1
github.com/pingcap/pd/v4/server/schedulers/shuffle_leader.go:39.11,41.5 1 0
github.com/pingcap/pd/v4/server/schedulers/shuffle_leader.go:43.18,45.5 1 0
github.com/pingcap/pd/v4/server/schedulers/shuffle_leader.go:52.179,54.39 2 1
github.com/pingcap/pd/v4/server/schedulers/shuffle_leader.go:57.3,57.60 1 1
github.com/pingcap/pd/v4/server/schedulers/shuffle_leader.go:54.39,56.4 1 0
github.com/pingcap/pd/v4/server/schedulers/shuffle_leader.go:74.130,85.2 3 1
github.com/pingcap/pd/v4/server/schedulers/shuffle_leader.go:87.51,89.2 1 1
github.com/pingcap/pd/v4/server/schedulers/shuffle_leader.go:91.51,93.2 1 0
github.com/pingcap/pd/v4/server/schedulers/shuffle_leader.go:95.65,97.2 1 1
github.com/pingcap/pd/v4/server/schedulers/shuffle_leader.go:99.78,101.2 1 0
github.com/pingcap/pd/v4/server/schedulers/shuffle_leader.go:103.85,110.24 4 1
github.com/pingcap/pd/v4/server/schedulers/shuffle_leader.go:114.2,115.19 2 1
github.com/pingcap/pd/v4/server/schedulers/shuffle_leader.go:119.2,120.16 2 1
github.com/pingcap/pd/v4/server/schedulers/shuffle_leader.go:124.2,126.33 3 1
github.com/pingcap/pd/v4/server/schedulers/shuffle_leader.go:110.24,113.3 2 1
github.com/pingcap/pd/v4/server/schedulers/shuffle_leader.go:115.19,118.3 2 0
github.com/pingcap/pd/v4/server/schedulers/shuffle_leader.go:120.16,123.3 2 0
github.com/pingcap/pd/v4/server/schedulers/shuffle_region.go:36.13,37.101 1 1
github.com/pingcap/pd/v4/server/schedulers/shuffle_region.go:52.2,52.179 1 1
github.com/pingcap/pd/v4/server/schedulers/shuffle_region.go:37.101,38.36 1 1
github.com/pingcap/pd/v4/server/schedulers/shuffle_region.go:38.36,40.11 2 1
github.com/pingcap/pd/v4/server/schedulers/shuffle_region.go:43.4,44.18 2 1
github.com/pingcap/pd/v4/server/schedulers/shuffle_region.go:47.4,49.14 3 1
github.com/pingcap/pd/v4/server/schedulers/shuffle_region.go:40.11,42.5 1 0
github.com/pingcap/pd/v4/server/schedulers/shuffle_region.go:44.18,46.5 1 0
github.com/pingcap/pd/v4/server/schedulers/shuffle_region.go:52.179,54.39 2 1
github.com/pingcap/pd/v4/server/schedulers/shuffle_region.go:57.3,57.60 1 1
github.com/pingcap/pd/v4/server/schedulers/shuffle_region.go:54.39,56.4 1 0
github.com/pingcap/pd/v4/server/schedulers/shuffle_region.go:69.130,80.2 3 1
github.com/pingcap/pd/v4/server/schedulers/shuffle_region.go:82.84,84.2 1 0
github.com/pingcap/pd/v4/server/schedulers/shuffle_region.go:86.51,88.2 1 1
github.com/pingcap/pd/v4/server/schedulers/shuffle_region.go:90.51,92.2 1 1
github.com/pingcap/pd/v4/server/schedulers/shuffle_region.go:94.65,96.2 1 1
github.com/pingcap/pd/v4/server/schedulers/shuffle_region.go:98.78,100.2 1 1
github.com/pingcap/pd/v4/server/schedulers/shuffle_region.go:102.85,105.19 3 1
github.com/pingcap/pd/v4/server/schedulers/shuffle_region.go:110.2,111.20 2 1
github.com/pingcap/pd/v4/server/schedulers/shuffle_region.go:116.2,117.16 2 1
github.com/pingcap/pd/v4/server/schedulers/shuffle_region.go:121.2,123.33 3 1
github.com/pingcap/pd/v4/server/schedulers/shuffle_region.go:105.19,108.3 2 1
github.com/pingcap/pd/v4/server/schedulers/shuffle_region.go:111.20,114.3 2 0
github.com/pingcap/pd/v4/server/schedulers/shuffle_region.go:117.16,120.3 2 0
github.com/pingcap/pd/v4/server/schedulers/shuffle_region.go:126.107,131.6 4 1
github.com/pingcap/pd/v4/server/schedulers/shuffle_region.go:131.6,133.20 2 1
github.com/pingcap/pd/v4/server/schedulers/shuffle_region.go:138.3,139.39 2 1
github.com/pingcap/pd/v4/server/schedulers/shuffle_region.go:142.3,142.54 1 1
github.com/pingcap/pd/v4/server/schedulers/shuffle_region.go:145.3,145.55 1 1
github.com/pingcap/pd/v4/server/schedulers/shuffle_region.go:148.3,148.20 1 1
github.com/pingcap/pd/v4/server/schedulers/shuffle_region.go:152.3,153.67 2 1
github.com/pingcap/pd/v4/server/schedulers/shuffle_region.go:133.20,136.4 2 1
github.com/pingcap/pd/v4/server/schedulers/shuffle_region.go:139.39,141.4 1 1
github.com/pingcap/pd/v4/server/schedulers/shuffle_region.go:142.54,144.4 1 0
github.com/pingcap/pd/v4/server/schedulers/shuffle_region.go:145.55,147.4 1 1
github.com/pingcap/pd/v4/server/schedulers/shuffle_region.go:148.20,150.4 1 1
github.com/pingcap/pd/v4/server/schedulers/shuffle_region.go:157.131,159.39 2 1
github.com/pingcap/pd/v4/server/schedulers/shuffle_region.go:164.2,168.19 4 1
github.com/pingcap/pd/v4/server/schedulers/shuffle_region.go:171.2,171.81 1 1
github.com/pingcap/pd/v4/server/schedulers/shuffle_region.go:159.39,161.3 1 1
github.com/pingcap/pd/v4/server/schedulers/shuffle_region.go:161.8,163.3 1 1
github.com/pingcap/pd/v4/server/schedulers/shuffle_region.go:168.19,170.3 1 0
github.com/pingcap/pd/v4/server/schedulers/adjacent_region.go:45.13,46.102 1 1
github.com/pingcap/pd/v4/server/schedulers/adjacent_region.go:72.2,72.180 1 1
github.com/pingcap/pd/v4/server/schedulers/adjacent_region.go:46.102,47.36 1 1
github.com/pingcap/pd/v4/server/schedulers/adjacent_region.go:47.36,49.11 2 1
github.com/pingcap/pd/v4/server/schedulers/adjacent_region.go:52.4,52.22 1 1
github.com/pingcap/pd/v4/server/schedulers/adjacent_region.go:65.4,68.14 4 1
github.com/pingcap/pd/v4/server/schedulers/adjacent_region.go:49.11,51.5 1 0
github.com/pingcap/pd/v4/server/schedulers/adjacent_region.go:52.22,54.19 2 1
github.com/pingcap/pd/v4/server/schedulers/adjacent_region.go:57.5,58.19 2 1
github.com/pingcap/pd/v4/server/schedulers/adjacent_region.go:61.5,63.15 3 1
github.com/pingcap/pd/v4/server/schedulers/adjacent_region.go:54.19,56.6 1 0
github.com/pingcap/pd/v4/server/schedulers/adjacent_region.go:58.19,60.6 1 0
github.com/pingcap/pd/v4/server/schedulers/adjacent_region.go:72.180,77.39 2 1
github.com/pingcap/pd/v4/server/schedulers/adjacent_region.go:80.3,80.68 1 1
github.com/pingcap/pd/v4/server/schedulers/adjacent_region.go:77.39,79.4 1 0
github.com/pingcap/pd/v4/server/schedulers/adjacent_region.go:110.33,114.2 3 1
github.com/pingcap/pd/v4/server/schedulers/adjacent_region.go:116.35,118.2 1 1
github.com/pingcap/pd/v4/server/schedulers/adjacent_region.go:122.137,135.2 4 1
github.com/pingcap/pd/v4/server/schedulers/adjacent_region.go:137.59,139.2 1 1
github.com/pingcap/pd/v4/server/schedulers/adjacent_region.go:141.59,143.2 1 0
github.com/pingcap/pd/v4/server/schedulers/adjacent_region.go:145.73,147.2 1 1
github.com/pingcap/pd/v4/server/schedulers/adjacent_region.go:149.73,151.2 1 0
github.com/pingcap/pd/v4/server/schedulers/adjacent_region.go:153.96,155.2 1 0
github.com/pingcap/pd/v4/server/schedulers/adjacent_region.go:157.86,159.2 1 1
github.com/pingcap/pd/v4/server/schedulers/adjacent_region.go:161.68,163.2 1 1
github.com/pingcap/pd/v4/server/schedulers/adjacent_region.go:165.66,167.2 1 1
github.com/pingcap/pd/v4/server/schedulers/adjacent_region.go:169.93,170.27 1 1
github.com/pingcap/pd/v4/server/schedulers/adjacent_region.go:178.2,178.31 1 1
github.com/pingcap/pd/v4/server/schedulers/adjacent_region.go:182.2,185.23 3 1
github.com/pingcap/pd/v4/server/schedulers/adjacent_region.go:193.2,196.32 4 1
github.com/pingcap/pd/v4/server/schedulers/adjacent_region.go:222.2,223.27 2 1
github.com/pingcap/pd/v4/server/schedulers/adjacent_region.go:170.27,176.3 1 1
github.com/pingcap/pd/v4/server/schedulers/adjacent_region.go:178.31,180.3 1 1
github.com/pingcap/pd/v4/server/schedulers/adjacent_region.go:185.23,190.3 4 1
github.com/pingcap/pd/v4/server/schedulers/adjacent_region.go:196.32,201.128 3 1
github.com/pingcap/pd/v4/server/schedulers/adjacent_region.go:208.3,208.32 1 1
github.com/pingcap/pd/v4/server/schedulers/adjacent_region.go:201.128,203.27 2 1
github.com/pingcap/pd/v4/server/schedulers/adjacent_region.go:203.27,204.13 1 1
github.com/pingcap/pd/v4/server/schedulers/adjacent_region.go:208.32,210.4 1 1
github.com/pingcap/pd/v4/server/schedulers/adjacent_region.go:210.9,212.37 1 1
github.com/pingcap/pd/v4/server/schedulers/adjacent_region.go:212.37,218.5 5 1
github.com/pingcap/pd/v4/server/schedulers/adjacent_region.go:226.92,227.30 1 1
github.com/pingcap/pd/v4/server/schedulers/adjacent_region.go:230.2,234.15 4 1
github.com/pingcap/pd/v4/server/schedulers/adjacent_region.go:243.2,243.86 1 1
github.com/pingcap/pd/v4/server/schedulers/adjacent_region.go:247.2,248.15 2 1
github.com/pingcap/pd/v4/server/schedulers/adjacent_region.go:252.2,252.15 1 1
github.com/pingcap/pd/v4/server/schedulers/adjacent_region.go:257.2,258.33 2 1
github.com/pingcap/pd/v4/server/schedulers/adjacent_region.go:227.30,229.3 1 1
github.com/pingcap/pd/v4/server/schedulers/adjacent_region.go:234.15,235.31 1 1
github.com/pingcap/pd/v4/server/schedulers/adjacent_region.go:238.3,239.31 2 1
github.com/pingcap/pd/v4/server/schedulers/adjacent_region.go:235.31,237.4 1 0
github.com/pingcap/pd/v4/server/schedulers/adjacent_region.go:243.86,246.3 2 0
github.com/pingcap/pd/v4/server/schedulers/adjacent_region.go:248.15,251.3 2 1
github.com/pingcap/pd/v4/server/schedulers/adjacent_region.go:252.15,256.3 3 1
github.com/pingcap/pd/v4/server/schedulers/adjacent_region.go:261.109,262.46 1 1
github.com/pingcap/pd/v4/server/schedulers/adjacent_region.go:265.2,267.18 3 1
github.com/pingcap/pd/v4/server/schedulers/adjacent_region.go:271.2,272.14 2 1
github.com/pingcap/pd/v4/server/schedulers/adjacent_region.go:276.2,276.33 1 1
github.com/pingcap/pd/v4/server/schedulers/adjacent_region.go:280.2,280.14 1 1
github.com/pingcap/pd/v4/server/schedulers/adjacent_region.go:262.46,264.3 1 0
github.com/pingcap/pd/v4/server/schedulers/adjacent_region.go:267.18,270.3 2 0
github.com/pingcap/pd/v4/server/schedulers/adjacent_region.go:272.14,274.3 1 0
github.com/pingcap/pd/v4/server/schedulers/adjacent_region.go:276.33,279.3 2 0
github.com/pingcap/pd/v4/server/schedulers/adjacent_region.go:283.146,284.29 1 1
github.com/pingcap/pd/v4/server/schedulers/adjacent_region.go:287.2,288.25 2 1
github.com/pingcap/pd/v4/server/schedulers/adjacent_region.go:291.2,292.30 2 1
github.com/pingcap/pd/v4/server/schedulers/adjacent_region.go:297.2,298.19 2 1
github.com/pingcap/pd/v4/server/schedulers/adjacent_region.go:301.2,302.16 2 1
github.com/pingcap/pd/v4/server/schedulers/adjacent_region.go:306.2,308.11 3 1
github.com/pingcap/pd/v4/server/schedulers/adjacent_region.go:284.29,286.3 1 0
github.com/pingcap/pd/v4/server/schedulers/adjacent_region.go:288.25,290.3 1 1
github.com/pingcap/pd/v4/server/schedulers/adjacent_region.go:292.30,293.62 1 1
github.com/pingcap/pd/v4/server/schedulers/adjacent_region.go:293.62,295.4 1 1
github.com/pingcap/pd/v4/server/schedulers/adjacent_region.go:298.19,300.3 1 0
github.com/pingcap/pd/v4/server/schedulers/adjacent_region.go:302.16,305.3 2 0
github.com/pingcap/pd/v4/server/schedulers/adjacent_region.go:311.120,312.27 1 1
github.com/pingcap/pd/v4/server/schedulers/adjacent_region.go:316.2,319.19 4 1
github.com/pingcap/pd/v4/server/schedulers/adjacent_region.go:323.2,324.39 2 1
github.com/pingcap/pd/v4/server/schedulers/adjacent_region.go:329.2,330.58 2 1
github.com/pingcap/pd/v4/server/schedulers/adjacent_region.go:336.2,341.19 3 1
github.com/pingcap/pd/v4/server/schedulers/adjacent_region.go:344.2,349.16 4 1
github.com/pingcap/pd/v4/server/schedulers/adjacent_region.go:353.2,355.11 3 1
github.com/pingcap/pd/v4/server/schedulers/adjacent_region.go:312.27,314.3 1 0
github.com/pingcap/pd/v4/server/schedulers/adjacent_region.go:319.19,322.3 2 0
github.com/pingcap/pd/v4/server/schedulers/adjacent_region.go:324.39,326.3 1 0
github.com/pingcap/pd/v4/server/schedulers/adjacent_region.go:326.8,328.3 1 1
github.com/pingcap/pd/v4/server/schedulers/adjacent_region.go:330.58,331.43 1 0
github.com/pingcap/pd/v4/server/schedulers/adjacent_region.go:331.43,333.4 1 0
github.com/pingcap/pd/v4/server/schedulers/adjacent_region.go:341.19,343.3 1 1
github.com/pingcap/pd/v4/server/schedulers/adjacent_region.go:349.16,352.3 2 0
github.com/pingcap/pd/v4/server/schedulers/balance_leader.go:40.13,41.101 1 1
github.com/pingcap/pd/v4/server/schedulers/balance_leader.go:57.2,57.179 1 1
github.com/pingcap/pd/v4/server/schedulers/balance_leader.go:41.101,42.36 1 1
github.com/pingcap/pd/v4/server/schedulers/balance_leader.go:42.36,44.11 2 1
github.com/pingcap/pd/v4/server/schedulers/balance_leader.go:47.4,48.18 2 1
github.com/pingcap/pd/v4/server/schedulers/balance_leader.go:51.4,53.14 3 1
github.com/pingcap/pd/v4/server/schedulers/balance_leader.go:44.11,46.5 1 0
github.com/pingcap/pd/v4/server/schedulers/balance_leader.go:48.18,50.5 1 0
github.com/pingcap/pd/v4/server/schedulers/balance_leader.go:57.179,59.39 2 1
github.com/pingcap/pd/v4/server/schedulers/balance_leader.go:62.3,62.60 1 1
github.com/pingcap/pd/v4/server/schedulers/balance_leader.go:59.39,61.4 1 0
github.com/pingcap/pd/v4/server/schedulers/balance_leader.go:81.165,90.27 3 1
github.com/pingcap/pd/v4/server/schedulers/balance_leader.go:93.2,97.10 2 1
github.com/pingcap/pd/v4/server/schedulers/balance_leader.go:90.27,92.3 1 1
github.com/pingcap/pd/v4/server/schedulers/balance_leader.go:104.89,105.41 1 1
github.com/pingcap/pd/v4/server/schedulers/balance_leader.go:105.41,107.3 1 1
github.com/pingcap/pd/v4/server/schedulers/balance_leader.go:111.67,112.41 1 1
github.com/pingcap/pd/v4/server/schedulers/balance_leader.go:112.41,114.3 1 1
github.com/pingcap/pd/v4/server/schedulers/balance_leader.go:117.51,119.2 1 1
github.com/pingcap/pd/v4/server/schedulers/balance_leader.go:121.51,123.2 1 0
github.com/pingcap/pd/v4/server/schedulers/balance_leader.go:125.65,127.2 1 1
github.com/pingcap/pd/v4/server/schedulers/balance_leader.go:129.78,131.2 1 0
github.com/pingcap/pd/v4/server/schedulers/balance_leader.go:133.85,142.42 8 1
github.com/pingcap/pd/v4/server/schedulers/balance_leader.go:148.2,148.42 1 1
github.com/pingcap/pd/v4/server/schedulers/balance_leader.go:155.2,155.56 1 1
github.com/pingcap/pd/v4/server/schedulers/balance_leader.go:188.2,188.12 1 1
github.com/pingcap/pd/v4/server/schedulers/balance_leader.go:142.42,147.3 3 1
github.com/pingcap/pd/v4/server/schedulers/balance_leader.go:148.42,153.3 3 1
github.com/pingcap/pd/v4/server/schedulers/balance_leader.go:155.56,156.23 1 1
github.com/pingcap/pd/v4/server/schedulers/balance_leader.go:171.3,171.23 1 1
github.com/pingcap/pd/v4/server/schedulers/balance_leader.go:156.23,163.49 7 1
github.com/pingcap/pd/v4/server/schedulers/balance_leader.go:169.4,169.126 1 1
github.com/pingcap/pd/v4/server/schedulers/balance_leader.go:163.49,164.66 1 1
github.com/pingcap/pd/v4/server/schedulers/balance_leader.go:164.66,167.6 2 1
github.com/pingcap/pd/v4/server/schedulers/balance_leader.go:171.23,179.49 7 1
github.com/pingcap/pd/v4/server/schedulers/balance_leader.go:185.4,185.126 1 1
github.com/pingcap/pd/v4/server/schedulers/balance_leader.go:179.49,180.65 1 1
github.com/pingcap/pd/v4/server/schedulers/balance_leader.go:180.65,183.6 2 1
github.com/pingcap/pd/v4/server/schedulers/balance_leader.go:194.118,197.19 3 1
github.com/pingcap/pd/v4/server/schedulers/balance_leader.go:202.2,205.42 4 1
github.com/pingcap/pd/v4/server/schedulers/balance_leader.go:208.2,208.33 1 1
github.com/pingcap/pd/v4/server/schedulers/balance_leader.go:213.2,215.12 3 1
github.com/pingcap/pd/v4/server/schedulers/balance_leader.go:197.19,201.3 3 1
github.com/pingcap/pd/v4/server/schedulers/balance_leader.go:205.42,207.3 1 1
github.com/pingcap/pd/v4/server/schedulers/balance_leader.go:208.33,209.75 1 1
github.com/pingcap/pd/v4/server/schedulers/balance_leader.go:209.75,211.4 1 1
github.com/pingcap/pd/v4/server/schedulers/balance_leader.go:221.117,224.19 3 1
github.com/pingcap/pd/v4/server/schedulers/balance_leader.go:229.2,231.19 3 1
github.com/pingcap/pd/v4/server/schedulers/balance_leader.go:240.2,240.58 1 1
github.com/pingcap/pd/v4/server/schedulers/balance_leader.go:224.19,228.3 3 1
github.com/pingcap/pd/v4/server/schedulers/balance_leader.go:231.19,239.3 3 1
github.com/pingcap/pd/v4/server/schedulers/balance_leader.go:247.148,248.33 1 1
github.com/pingcap/pd/v4/server/schedulers/balance_leader.go:254.2,259.85 5 1
github.com/pingcap/pd/v4/server/schedulers/balance_leader.go:264.2,265.16 2 1
github.com/pingcap/pd/v4/server/schedulers/balance_leader.go:269.2,277.33 4 1
github.com/pingcap/pd/v4/server/schedulers/balance_leader.go:248.33,252.3 3 0
github.com/pingcap/pd/v4/server/schedulers/balance_leader.go:259.85,262.3 2 1
github.com/pingcap/pd/v4/server/schedulers/balance_leader.go:265.16,268.3 2 0
github.com/pingcap/pd/v4/server/schedulers/balance_region.go:33.13,34.101 1 1
github.com/pingcap/pd/v4/server/schedulers/balance_region.go:49.2,49.179 1 1
github.com/pingcap/pd/v4/server/schedulers/balance_region.go:34.101,35.36 1 1
github.com/pingcap/pd/v4/server/schedulers/balance_region.go:35.36,37.11 2 1
github.com/pingcap/pd/v4/server/schedulers/balance_region.go:40.4,41.18 2 1
github.com/pingcap/pd/v4/server/schedulers/balance_region.go:44.4,46.14 3 1
github.com/pingcap/pd/v4/server/schedulers/balance_region.go:37.11,39.5 1 0
github.com/pingcap/pd/v4/server/schedulers/balance_region.go:41.18,43.5 1 0
github.com/pingcap/pd/v4/server/schedulers/balance_region.go:49.179,51.39 2 1
github.com/pingcap/pd/v4/server/schedulers/balance_region.go:54.3,54.60 1 1
github.com/pingcap/pd/v4/server/schedulers/balance_region.go:51.39,53.4 1 0
github.com/pingcap/pd/v4/server/schedulers/balance_region.go:82.165,90.33 3 1
github.com/pingcap/pd/v4/server/schedulers/balance_region.go:93.2,97.18 2 1
github.com/pingcap/pd/v4/server/schedulers/balance_region.go:90.33,92.3 1 1
github.com/pingcap/pd/v4/server/schedulers/balance_region.go:104.89,105.41 1 1
github.com/pingcap/pd/v4/server/schedulers/balance_region.go:105.41,107.3 1 1
github.com/pingcap/pd/v4/server/schedulers/balance_region.go:111.67,112.41 1 1
github.com/pingcap/pd/v4/server/schedulers/balance_region.go:112.41,114.3 1 1
github.com/pingcap/pd/v4/server/schedulers/balance_region.go:117.51,119.2 1 1
github.com/pingcap/pd/v4/server/schedulers/balance_region.go:121.51,123.2 1 0
github.com/pingcap/pd/v4/server/schedulers/balance_region.go:125.65,127.2 1 1
github.com/pingcap/pd/v4/server/schedulers/balance_region.go:129.78,131.2 1 0
github.com/pingcap/pd/v4/server/schedulers/balance_region.go:133.85,139.41 6 1
github.com/pingcap/pd/v4/server/schedulers/balance_region.go:145.2,145.32 1 1
github.com/pingcap/pd/v4/server/schedulers/balance_region.go:184.2,184.12 1 1
github.com/pingcap/pd/v4/server/schedulers/balance_region.go:139.41,144.3 3 1
github.com/pingcap/pd/v4/server/schedulers/balance_region.go:145.32,148.48 2 1
github.com/pingcap/pd/v4/server/schedulers/balance_region.go:148.48,152.21 2 1
github.com/pingcap/pd/v4/server/schedulers/balance_region.go:156.4,156.21 1 1
github.com/pingcap/pd/v4/server/schedulers/balance_region.go:160.4,160.21 1 1
github.com/pingcap/pd/v4/server/schedulers/balance_region.go:164.4,164.21 1 1
github.com/pingcap/pd/v4/server/schedulers/balance_region.go:168.4,171.35 2 1
github.com/pingcap/pd/v4/server/schedulers/balance_region.go:177.4,178.65 2 1
github.com/pingcap/pd/v4/server/schedulers/balance_region.go:152.21,155.5 1 1
github.com/pingcap/pd/v4/server/schedulers/balance_region.go:156.21,159.5 1 1
github.com/pingcap/pd/v4/server/schedulers/balance_region.go:160.21,163.5 1 1
github.com/pingcap/pd/v4/server/schedulers/balance_region.go:164.21,166.13 2 1
github.com/pingcap/pd/v4/server/schedulers/balance_region.go:171.35,174.13 3 0
github.com/pingcap/pd/v4/server/schedulers/balance_region.go:178.65,181.5 2 1
github.com/pingcap/pd/v4/server/schedulers/balance_region.go:188.134,193.19 4 1
github.com/pingcap/pd/v4/server/schedulers/balance_region.go:197.2,199.6 3 1
github.com/pingcap/pd/v4/server/schedulers/balance_region.go:193.19,196.3 2 0
github.com/pingcap/pd/v4/server/schedulers/balance_region.go:199.6,201.40 2 1
github.com/pingcap/pd/v4/server/schedulers/balance_region.go:218.3,218.20 1 1
github.com/pingcap/pd/v4/server/schedulers/balance_region.go:222.3,231.86 8 1
github.com/pingcap/pd/v4/server/schedulers/balance_region.go:236.3,238.17 3 1
github.com/pingcap/pd/v4/server/schedulers/balance_region.go:242.3,249.12 4 1
github.com/pingcap/pd/v4/server/schedulers/balance_region.go:201.40,205.17 4 1
github.com/pingcap/pd/v4/server/schedulers/balance_region.go:209.4,209.126 1 1
github.com/pingcap/pd/v4/server/schedulers/balance_region.go:205.17,208.5 2 0
github.com/pingcap/pd/v4/server/schedulers/balance_region.go:210.9,214.20 4 1
github.com/pingcap/pd/v4/server/schedulers/balance_region.go:214.20,216.5 1 1
github.com/pingcap/pd/v4/server/schedulers/balance_region.go:218.20,221.4 2 1
github.com/pingcap/pd/v4/server/schedulers/balance_region.go:231.86,233.12 2 1
github.com/pingcap/pd/v4/server/schedulers/balance_region.go:238.17,241.4 2 0
